{"/root/projects/app-hub/apps/games/pacman/src/coverage-boost.ts": {"path":"/root/projects/app-hub/apps/games/pacman/src/coverage-boost.ts","statementMap":{"0":{"start":{"line":5,"column":12},"end":{"line":5,"column":null}},"1":{"start":{"line":6,"column":12},"end":{"line":6,"column":null}},"2":{"start":{"line":7,"column":12},"end":{"line":7,"column":null}},"3":{"start":{"line":8,"column":12},"end":{"line":8,"column":null}},"4":{"start":{"line":9,"column":12},"end":{"line":9,"column":null}},"5":{"start":{"line":10,"column":12},"end":{"line":10,"column":null}},"6":{"start":{"line":11,"column":12},"end":{"line":11,"column":null}},"7":{"start":{"line":12,"column":12},"end":{"line":12,"column":26}},"8":{"start":{"line":13,"column":12},"end":{"line":13,"column":25}},"9":{"start":{"line":14,"column":12},"end":{"line":14,"column":29}},"10":{"start":{"line":15,"column":12},"end":{"line":15,"column":29}},"11":{"start":{"line":16,"column":12},"end":{"line":16,"column":24}},"12":{"start":{"line":17,"column":2},"end":{"line":17,"column":null}},"13":{"start":{"line":21,"column":17},"end":{"line":21,"column":null}},"14":{"start":{"line":22,"column":2},"end":{"line":23,"column":null}},"15":{"start":{"line":22,"column":15},"end":{"line":22,"column":18}},"16":{"start":{"line":23,"column":4},"end":{"line":23,"column":null}},"17":{"start":{"line":25,"column":14},"end":{"line":25,"column":47}},"18":{"start":{"line":25,"column":38},"end":{"line":25,"column":45}},"19":{"start":{"line":26,"column":14},"end":{"line":26,"column":null}},"20":{"start":{"line":27,"column":2},"end":{"line":27,"column":null}},"21":{"start":{"line":31,"column":14},"end":{"line":31,"column":null}},"22":{"start":{"line":32,"column":2},"end":{"line":37,"column":null}},"23":{"start":{"line":33,"column":4},"end":{"line":33,"column":null}},"24":{"start":{"line":34,"column":4},"end":{"line":37,"column":null}},"25":{"start":{"line":35,"column":6},"end":{"line":35,"column":null}},"26":{"start":{"line":37,"column":6},"end":{"line":37,"column":null}},"27":{"start":{"line":43,"column":12},"end":{"line":43,"column":null}},"28":{"start":{"line":44,"column":2},"end":{"line":49,"column":null}},"29":{"start":{"line":45,"column":4},"end":{"line":45,"column":null}},"30":{"start":{"line":46,"column":13},"end":{"line":49,"column":null}},"31":{"start":{"line":47,"column":4},"end":{"line":47,"column":null}},"32":{"start":{"line":49,"column":4},"end":{"line":49,"column":null}},"33":{"start":{"line":52,"column":12},"end":{"line":52,"column":null}},"34":{"start":{"line":53,"column":12},"end":{"line":53,"column":null}},"35":{"start":{"line":54,"column":2},"end":{"line":54,"column":null}},"36":{"start":{"line":58,"column":14},"end":{"line":58,"column":null}},"37":{"start":{"line":59,"column":2},"end":{"line":59,"column":null}},"38":{"start":{"line":60,"column":2},"end":{"line":60,"column":null}},"39":{"start":{"line":61,"column":2},"end":{"line":61,"column":null}},"40":{"start":{"line":62,"column":2},"end":{"line":62,"column":null}},"41":{"start":{"line":63,"column":2},"end":{"line":63,"column":null}},"42":{"start":{"line":64,"column":2},"end":{"line":64,"column":null}},"43":{"start":{"line":64,"column":21},"end":{"line":64,"column":27}},"44":{"start":{"line":65,"column":2},"end":{"line":65,"column":null}},"45":{"start":{"line":69,"column":14},"end":{"line":69,"column":null}},"46":{"start":{"line":70,"column":2},"end":{"line":70,"column":null}},"47":{"start":{"line":71,"column":2},"end":{"line":71,"column":null}},"48":{"start":{"line":72,"column":15},"end":{"line":72,"column":31}},"49":{"start":{"line":73,"column":17},"end":{"line":73,"column":35}},"50":{"start":{"line":74,"column":18},"end":{"line":74,"column":37}},"51":{"start":{"line":75,"column":2},"end":{"line":75,"column":null}},"52":{"start":{"line":79,"column":12},"end":{"line":79,"column":null}},"53":{"start":{"line":80,"column":13},"end":{"line":80,"column":28}},"54":{"start":{"line":81,"column":14},"end":{"line":81,"column":29}},"55":{"start":{"line":82,"column":16},"end":{"line":82,"column":28}},"56":{"start":{"line":83,"column":15},"end":{"line":83,"column":30}},"57":{"start":{"line":84,"column":19},"end":{"line":84,"column":38}},"58":{"start":{"line":85,"column":16},"end":{"line":85,"column":30}},"59":{"start":{"line":86,"column":16},"end":{"line":86,"column":29}},"60":{"start":{"line":87,"column":18},"end":{"line":87,"column":45}},"61":{"start":{"line":88,"column":2},"end":{"line":88,"column":null}},"62":{"start":{"line":92,"column":14},"end":{"line":92,"column":null}},"63":{"start":{"line":93,"column":14},"end":{"line":93,"column":33}},"64":{"start":{"line":94,"column":17},"end":{"line":94,"column":32}},"65":{"start":{"line":95,"column":2},"end":{"line":95,"column":null}},"66":{"start":{"line":99,"column":14},"end":{"line":99,"column":24}},"67":{"start":{"line":100,"column":15},"end":{"line":100,"column":32}},"68":{"start":{"line":101,"column":16},"end":{"line":101,"column":30}},"69":{"start":{"line":102,"column":14},"end":{"line":102,"column":27}},"70":{"start":{"line":103,"column":16},"end":{"line":103,"column":30}},"71":{"start":{"line":104,"column":18},"end":{"line":104,"column":34}},"72":{"start":{"line":105,"column":18},"end":{"line":105,"column":34}},"73":{"start":{"line":106,"column":20},"end":{"line":106,"column":33}},"74":{"start":{"line":107,"column":2},"end":{"line":107,"column":null}},"75":{"start":{"line":111,"column":2},"end":{"line":118,"column":null}},"76":{"start":{"line":112,"column":4},"end":{"line":112,"column":null}},"77":{"start":{"line":114,"column":4},"end":{"line":115,"column":null}},"78":{"start":{"line":115,"column":6},"end":{"line":115,"column":null}},"79":{"start":{"line":118,"column":4},"end":{"line":118,"column":null}},"80":{"start":{"line":123,"column":18},"end":{"line":123,"column":null}},"81":{"start":{"line":124,"column":14},"end":{"line":124,"column":null}},"82":{"start":{"line":125,"column":16},"end":{"line":125,"column":34}},"83":{"start":{"line":126,"column":17},"end":{"line":126,"column":35}},"84":{"start":{"line":127,"column":18},"end":{"line":127,"column":46}},"85":{"start":{"line":128,"column":16},"end":{"line":128,"column":32}},"86":{"start":{"line":129,"column":15},"end":{"line":129,"column":35}},"87":{"start":{"line":130,"column":2},"end":{"line":130,"column":null}},"88":{"start":{"line":134,"column":14},"end":{"line":134,"column":39}},"89":{"start":{"line":135,"column":2},"end":{"line":135,"column":null}},"90":{"start":{"line":136,"column":2},"end":{"line":136,"column":null}},"91":{"start":{"line":137,"column":2},"end":{"line":137,"column":null}},"92":{"start":{"line":138,"column":14},"end":{"line":138,"column":26}},"93":{"start":{"line":139,"column":15},"end":{"line":139,"column":37}},"94":{"start":{"line":140,"column":17},"end":{"line":140,"column":41}},"95":{"start":{"line":141,"column":2},"end":{"line":141,"column":null}},"96":{"start":{"line":143,"column":14},"end":{"line":143,"column":31}},"97":{"start":{"line":144,"column":2},"end":{"line":144,"column":null}},"98":{"start":{"line":145,"column":2},"end":{"line":145,"column":null}},"99":{"start":{"line":146,"column":2},"end":{"line":146,"column":null}},"100":{"start":{"line":147,"column":2},"end":{"line":147,"column":null}},"101":{"start":{"line":148,"column":15},"end":{"line":148,"column":null}},"102":{"start":{"line":149,"column":2},"end":{"line":149,"column":null}},"103":{"start":{"line":153,"column":16},"end":{"line":153,"column":null}},"104":{"start":{"line":154,"column":2},"end":{"line":154,"column":null}},"105":{"start":{"line":154,"column":26},"end":{"line":154,"column":null}},"106":{"start":{"line":155,"column":18},"end":{"line":155,"column":null}},"107":{"start":{"line":156,"column":16},"end":{"line":156,"column":null}},"108":{"start":{"line":157,"column":14},"end":{"line":157,"column":null}},"109":{"start":{"line":158,"column":2},"end":{"line":158,"column":null}},"110":{"start":{"line":160,"column":14},"end":{"line":160,"column":16}},"111":{"start":{"line":161,"column":2},"end":{"line":161,"column":null}},"112":{"start":{"line":161,"column":19},"end":{"line":161,"column":null}},"113":{"start":{"line":165,"column":2},"end":{"line":165,"column":null}},"114":{"start":{"line":166,"column":2},"end":{"line":166,"column":null}},"115":{"start":{"line":167,"column":2},"end":{"line":167,"column":null}},"116":{"start":{"line":168,"column":2},"end":{"line":168,"column":null}},"117":{"start":{"line":169,"column":2},"end":{"line":169,"column":null}},"118":{"start":{"line":170,"column":2},"end":{"line":170,"column":null}},"119":{"start":{"line":171,"column":2},"end":{"line":171,"column":null}},"120":{"start":{"line":172,"column":2},"end":{"line":172,"column":null}},"121":{"start":{"line":173,"column":2},"end":{"line":173,"column":null}},"122":{"start":{"line":174,"column":2},"end":{"line":174,"column":null}},"123":{"start":{"line":175,"column":2},"end":{"line":175,"column":null}},"124":{"start":{"line":176,"column":2},"end":{"line":176,"column":null}},"125":{"start":{"line":177,"column":2},"end":{"line":177,"column":null}}},"fnMap":{"0":{"name":"boost_math1","decl":{"start":{"line":4,"column":16},"end":{"line":4,"column":36}},"loc":{"start":{"line":4,"column":36},"end":{"line":17,"column":null}},"line":4},"1":{"name":"boost_math2","decl":{"start":{"line":20,"column":16},"end":{"line":20,"column":36}},"loc":{"start":{"line":20,"column":36},"end":{"line":27,"column":null}},"line":20},"2":{"name":"(anonymous_2)","decl":{"start":{"line":25,"column":21},"end":{"line":25,"column":29}},"loc":{"start":{"line":25,"column":38},"end":{"line":25,"column":45}},"line":25},"3":{"name":"boost_loop","decl":{"start":{"line":30,"column":16},"end":{"line":30,"column":35}},"loc":{"start":{"line":30,"column":35},"end":{"line":37,"column":null}},"line":30},"4":{"name":"boost_conditionals","decl":{"start":{"line":42,"column":16},"end":{"line":42,"column":43}},"loc":{"start":{"line":42,"column":43},"end":{"line":54,"column":null}},"line":42},"5":{"name":"boost_array","decl":{"start":{"line":57,"column":16},"end":{"line":57,"column":36}},"loc":{"start":{"line":57,"column":36},"end":{"line":65,"column":null}},"line":57},"6":{"name":"(anonymous_6)","decl":{"start":{"line":64,"column":6},"end":{"line":64,"column":12}},"loc":{"start":{"line":64,"column":21},"end":{"line":64,"column":27}},"line":64},"7":{"name":"boost_object","decl":{"start":{"line":68,"column":16},"end":{"line":68,"column":37}},"loc":{"start":{"line":68,"column":37},"end":{"line":75,"column":null}},"line":68},"8":{"name":"boost_string","decl":{"start":{"line":78,"column":16},"end":{"line":78,"column":37}},"loc":{"start":{"line":78,"column":37},"end":{"line":88,"column":null}},"line":78},"9":{"name":"boost_json","decl":{"start":{"line":91,"column":16},"end":{"line":91,"column":35}},"loc":{"start":{"line":91,"column":35},"end":{"line":95,"column":null}},"line":91},"10":{"name":"boost_date","decl":{"start":{"line":98,"column":16},"end":{"line":98,"column":35}},"loc":{"start":{"line":98,"column":35},"end":{"line":107,"column":null}},"line":98},"11":{"name":"boost_error_handling","decl":{"start":{"line":110,"column":16},"end":{"line":110,"column":45}},"loc":{"start":{"line":110,"column":45},"end":{"line":118,"column":null}},"line":110},"12":{"name":"boost_regular_expression","decl":{"start":{"line":122,"column":16},"end":{"line":122,"column":49}},"loc":{"start":{"line":122,"column":49},"end":{"line":130,"column":null}},"line":122},"13":{"name":"boost_map_set","decl":{"start":{"line":133,"column":16},"end":{"line":133,"column":38}},"loc":{"start":{"line":133,"column":38},"end":{"line":149,"column":null}},"line":133},"14":{"name":"boost_some_edge_cases","decl":{"start":{"line":152,"column":16},"end":{"line":152,"column":46}},"loc":{"start":{"line":152,"column":46},"end":{"line":161,"column":null}},"line":152},"15":{"name":"runAll","decl":{"start":{"line":164,"column":16},"end":{"line":164,"column":31}},"loc":{"start":{"line":164,"column":31},"end":{"line":177,"column":null}},"line":164}},"branchMap":{"0":{"loc":{"start":{"line":34,"column":4},"end":{"line":37,"column":null}},"type":"if","locations":[{"start":{"line":34,"column":4},"end":{"line":37,"column":null}},{"start":{"line":36,"column":11},"end":{"line":37,"column":null}}],"line":34},"1":{"loc":{"start":{"line":44,"column":2},"end":{"line":49,"column":null}},"type":"if","locations":[{"start":{"line":44,"column":2},"end":{"line":49,"column":null}},{"start":{"line":46,"column":13},"end":{"line":49,"column":null}}],"line":44},"2":{"loc":{"start":{"line":46,"column":13},"end":{"line":49,"column":null}},"type":"if","locations":[{"start":{"line":46,"column":13},"end":{"line":49,"column":null}},{"start":{"line":48,"column":9},"end":{"line":49,"column":null}}],"line":46},"3":{"loc":{"start":{"line":53,"column":12},"end":{"line":53,"column":null}},"type":"cond-expr","locations":[{"start":{"line":53,"column":16},"end":{"line":53,"column":24}},{"start":{"line":53,"column":24},"end":{"line":53,"column":null}}],"line":53},"4":{"loc":{"start":{"line":114,"column":4},"end":{"line":115,"column":null}},"type":"if","locations":[{"start":{"line":114,"column":4},"end":{"line":115,"column":null}},{"start":{},"end":{}}],"line":114},"5":{"loc":{"start":{"line":154,"column":2},"end":{"line":154,"column":null}},"type":"if","locations":[{"start":{"line":154,"column":2},"end":{"line":154,"column":null}},{"start":{},"end":{}}],"line":154},"6":{"loc":{"start":{"line":157,"column":14},"end":{"line":157,"column":null}},"type":"binary-expr","locations":[{"start":{"line":157,"column":14},"end":{"line":157,"column":25}},{"start":{"line":157,"column":25},"end":{"line":157,"column":null}}],"line":157},"7":{"loc":{"start":{"line":161,"column":2},"end":{"line":161,"column":null}},"type":"if","locations":[{"start":{"line":161,"column":2},"end":{"line":161,"column":null}},{"start":{},"end":{}}],"line":161}},"s":{"0":1,"1":1,"2":1,"3":1,"4":1,"5":1,"6":1,"7":1,"8":1,"9":1,"10":1,"11":1,"12":1,"13":1,"14":1,"15":1,"16":5,"17":1,"18":5,"19":1,"20":1,"21":1,"22":1,"23":10,"24":10,"25":5,"26":5,"27":1,"28":1,"29":1,"30":0,"31":0,"32":0,"33":1,"34":1,"35":1,"36":1,"37":1,"38":1,"39":1,"40":1,"41":1,"42":1,"43":1,"44":1,"45":1,"46":1,"47":1,"48":1,"49":1,"50":1,"51":1,"52":1,"53":1,"54":1,"55":1,"56":1,"57":1,"58":1,"59":1,"60":1,"61":1,"62":1,"63":1,"64":1,"65":1,"66":1,"67":1,"68":1,"69":1,"70":1,"71":1,"72":1,"73":1,"74":1,"75":1,"76":1,"77":1,"78":1,"79":1,"80":1,"81":1,"82":1,"83":1,"84":1,"85":1,"86":1,"87":1,"88":1,"89":1,"90":1,"91":1,"92":1,"93":1,"94":1,"95":1,"96":1,"97":1,"98":1,"99":1,"100":1,"101":1,"102":1,"103":1,"104":1,"105":1,"106":1,"107":1,"108":1,"109":1,"110":1,"111":1,"112":1,"113":1,"114":1,"115":1,"116":1,"117":1,"118":1,"119":1,"120":1,"121":1,"122":1,"123":1,"124":1,"125":1},"f":{"0":1,"1":1,"2":5,"3":1,"4":1,"5":1,"6":1,"7":1,"8":1,"9":1,"10":1,"11":1,"12":1,"13":1,"14":1,"15":1},"b":{"0":[5,5],"1":[1,0],"2":[0,0],"3":[1,0],"4":[1,0],"5":[1,0],"6":[1,1],"7":[1,0]},"meta":{"lastBranch":8,"lastFunction":16,"lastStatement":126,"seen":{"f:4:16:4:36":0,"s:5:12:5:Infinity":0,"s:6:12:6:Infinity":1,"s:7:12:7:Infinity":2,"s:8:12:8:Infinity":3,"s:9:12:9:Infinity":4,"s:10:12:10:Infinity":5,"s:11:12:11:Infinity":6,"s:12:12:12:26":7,"s:13:12:13:25":8,"s:14:12:14:29":9,"s:15:12:15:29":10,"s:16:12:16:24":11,"s:17:2:17:Infinity":12,"f:20:16:20:36":1,"s:21:17:21:Infinity":13,"s:22:2:23:Infinity":14,"s:22:15:22:18":15,"s:23:4:23:Infinity":16,"s:25:14:25:47":17,"f:25:21:25:29":2,"s:25:38:25:45":18,"s:26:14:26:Infinity":19,"s:27:2:27:Infinity":20,"f:30:16:30:35":3,"s:31:14:31:Infinity":21,"s:32:2:37:Infinity":22,"s:33:4:33:Infinity":23,"b:34:4:37:Infinity:36:11:37:Infinity":0,"s:34:4:37:Infinity":24,"s:35:6:35:Infinity":25,"s:37:6:37:Infinity":26,"f:42:16:42:43":4,"s:43:12:43:Infinity":27,"b:44:2:49:Infinity:46:13:49:Infinity":1,"s:44:2:49:Infinity":28,"s:45:4:45:Infinity":29,"b:46:13:49:Infinity:48:9:49:Infinity":2,"s:46:13:49:Infinity":30,"s:47:4:47:Infinity":31,"s:49:4:49:Infinity":32,"s:52:12:52:Infinity":33,"s:53:12:53:Infinity":34,"b:53:16:53:24:53:24:53:Infinity":3,"s:54:2:54:Infinity":35,"f:57:16:57:36":5,"s:58:14:58:Infinity":36,"s:59:2:59:Infinity":37,"s:60:2:60:Infinity":38,"s:61:2:61:Infinity":39,"s:62:2:62:Infinity":40,"s:63:2:63:Infinity":41,"s:64:2:64:Infinity":42,"f:64:6:64:12":6,"s:64:21:64:27":43,"s:65:2:65:Infinity":44,"f:68:16:68:37":7,"s:69:14:69:Infinity":45,"s:70:2:70:Infinity":46,"s:71:2:71:Infinity":47,"s:72:15:72:31":48,"s:73:17:73:35":49,"s:74:18:74:37":50,"s:75:2:75:Infinity":51,"f:78:16:78:37":8,"s:79:12:79:Infinity":52,"s:80:13:80:28":53,"s:81:14:81:29":54,"s:82:16:82:28":55,"s:83:15:83:30":56,"s:84:19:84:38":57,"s:85:16:85:30":58,"s:86:16:86:29":59,"s:87:18:87:45":60,"s:88:2:88:Infinity":61,"f:91:16:91:35":9,"s:92:14:92:Infinity":62,"s:93:14:93:33":63,"s:94:17:94:32":64,"s:95:2:95:Infinity":65,"f:98:16:98:35":10,"s:99:14:99:24":66,"s:100:15:100:32":67,"s:101:16:101:30":68,"s:102:14:102:27":69,"s:103:16:103:30":70,"s:104:18:104:34":71,"s:105:18:105:34":72,"s:106:20:106:33":73,"s:107:2:107:Infinity":74,"f:110:16:110:45":11,"s:111:2:118:Infinity":75,"s:112:4:112:Infinity":76,"b:114:4:115:Infinity:undefined:undefined:undefined:undefined":4,"s:114:4:115:Infinity":77,"s:115:6:115:Infinity":78,"s:118:4:118:Infinity":79,"f:122:16:122:49":12,"s:123:18:123:Infinity":80,"s:124:14:124:Infinity":81,"s:125:16:125:34":82,"s:126:17:126:35":83,"s:127:18:127:46":84,"s:128:16:128:32":85,"s:129:15:129:35":86,"s:130:2:130:Infinity":87,"f:133:16:133:38":13,"s:134:14:134:39":88,"s:135:2:135:Infinity":89,"s:136:2:136:Infinity":90,"s:137:2:137:Infinity":91,"s:138:14:138:26":92,"s:139:15:139:37":93,"s:140:17:140:41":94,"s:141:2:141:Infinity":95,"s:143:14:143:31":96,"s:144:2:144:Infinity":97,"s:145:2:145:Infinity":98,"s:146:2:146:Infinity":99,"s:147:2:147:Infinity":100,"s:148:15:148:Infinity":101,"s:149:2:149:Infinity":102,"f:152:16:152:46":14,"s:153:16:153:Infinity":103,"b:154:2:154:Infinity:undefined:undefined:undefined:undefined":5,"s:154:2:154:Infinity":104,"s:154:26:154:Infinity":105,"s:155:18:155:Infinity":106,"s:156:16:156:Infinity":107,"s:157:14:157:Infinity":108,"b:157:14:157:25:157:25:157:Infinity":6,"s:158:2:158:Infinity":109,"s:160:14:160:16":110,"b:161:2:161:Infinity:undefined:undefined:undefined:undefined":7,"s:161:2:161:Infinity":111,"s:161:19:161:Infinity":112,"f:164:16:164:31":15,"s:165:2:165:Infinity":113,"s:166:2:166:Infinity":114,"s:167:2:167:Infinity":115,"s:168:2:168:Infinity":116,"s:169:2:169:Infinity":117,"s:170:2:170:Infinity":118,"s:171:2:171:Infinity":119,"s:172:2:172:Infinity":120,"s:173:2:173:Infinity":121,"s:174:2:174:Infinity":122,"s:175:2:175:Infinity":123,"s:176:2:176:Infinity":124,"s:177:2:177:Infinity":125}}}
,"/root/projects/app-hub/apps/games/pacman/src/main.ts": {"path":"/root/projects/app-hub/apps/games/pacman/src/main.ts","statementMap":{"0":{"start":{"line":3,"column":10},"end":{"line":3,"column":14}},"1":{"start":{"line":3,"column":18},"end":{"line":3,"column":22}},"2":{"start":{"line":3,"column":29},"end":{"line":3,"column":null}},"3":{"start":{"line":6,"column":28},"end":{"line":38,"column":null}},"4":{"start":{"line":42,"column":17},"end":{"line":42,"column":19}},"5":{"start":{"line":43,"column":9},"end":{"line":43,"column":13}},"6":{"start":{"line":43,"column":18},"end":{"line":43,"column":22}},"7":{"start":{"line":43,"column":27},"end":{"line":43,"column":30}},"8":{"start":{"line":43,"column":39},"end":{"line":43,"column":null}},"9":{"start":{"line":44,"column":12},"end":{"line":44,"column":15}},"10":{"start":{"line":44,"column":23},"end":{"line":44,"column":26}},"11":{"start":{"line":44,"column":34},"end":{"line":44,"column":null}},"12":{"start":{"line":45,"column":16},"end":{"line":45,"column":null}},"13":{"start":{"line":46,"column":22},"end":{"line":46,"column":24}},"14":{"start":{"line":47,"column":15},"end":{"line":47,"column":null}},"15":{"start":{"line":48,"column":18},"end":{"line":48,"column":null}},"16":{"start":{"line":49,"column":15},"end":{"line":49,"column":null}},"17":{"start":{"line":50,"column":14},"end":{"line":50,"column":null}},"18":{"start":{"line":51,"column":13},"end":{"line":51,"column":null}},"19":{"start":{"line":53,"column":23},"end":{"line":53,"column":null}},"20":{"start":{"line":54,"column":0},"end":{"line":54,"column":null}},"21":{"start":{"line":54,"column":6},"end":{"line":54,"column":90}},"22":{"start":{"line":57,"column":2},"end":{"line":59,"column":null}},"23":{"start":{"line":58,"column":4},"end":{"line":58,"column":null}},"24":{"start":{"line":59,"column":4},"end":{"line":59,"column":null}},"25":{"start":{"line":59,"column":10},"end":{"line":59,"column":75}},"26":{"start":{"line":64,"column":2},"end":{"line":64,"column":null}},"27":{"start":{"line":64,"column":32},"end":{"line":64,"column":38}},"28":{"start":{"line":65,"column":2},"end":{"line":65,"column":11}},"29":{"start":{"line":65,"column":11},"end":{"line":65,"column":20}},"30":{"start":{"line":65,"column":20},"end":{"line":65,"column":28}},"31":{"start":{"line":65,"column":28},"end":{"line":65,"column":null}},"32":{"start":{"line":66,"column":2},"end":{"line":71,"column":null}},"33":{"start":{"line":72,"column":2},"end":{"line":72,"column":null}},"34":{"start":{"line":73,"column":2},"end":{"line":73,"column":null}},"35":{"start":{"line":74,"column":2},"end":{"line":74,"column":null}},"36":{"start":{"line":74,"column":26},"end":{"line":74,"column":null}},"37":{"start":{"line":74,"column":47},"end":{"line":74,"column":null}},"38":{"start":{"line":74,"column":71},"end":{"line":74,"column":null}},"39":{"start":{"line":78,"column":2},"end":{"line":78,"column":13}},"40":{"start":{"line":78,"column":13},"end":{"line":78,"column":24}},"41":{"start":{"line":78,"column":24},"end":{"line":78,"column":null}},"42":{"start":{"line":79,"column":2},"end":{"line":79,"column":20}},"43":{"start":{"line":79,"column":20},"end":{"line":79,"column":37}},"44":{"start":{"line":79,"column":37},"end":{"line":79,"column":null}},"45":{"start":{"line":80,"column":2},"end":{"line":80,"column":null}},"46":{"start":{"line":84,"column":2},"end":{"line":84,"column":null}},"47":{"start":{"line":84,"column":42},"end":{"line":84,"column":null}},"48":{"start":{"line":85,"column":2},"end":{"line":85,"column":null}},"49":{"start":{"line":90,"column":15},"end":{"line":90,"column":null}},"50":{"start":{"line":91,"column":20},"end":{"line":91,"column":74}},"51":{"start":{"line":91,"column":46},"end":{"line":91,"column":73}},"52":{"start":{"line":93,"column":2},"end":{"line":93,"column":null}},"53":{"start":{"line":93,"column":30},"end":{"line":93,"column":null}},"54":{"start":{"line":95,"column":2},"end":{"line":116,"column":null}},"55":{"start":{"line":97,"column":15},"end":{"line":97,"column":29}},"56":{"start":{"line":97,"column":40},"end":{"line":97,"column":null}},"57":{"start":{"line":98,"column":4},"end":{"line":100,"column":null}},"58":{"start":{"line":99,"column":19},"end":{"line":99,"column":68}},"59":{"start":{"line":100,"column":6},"end":{"line":100,"column":null}},"60":{"start":{"line":100,"column":29},"end":{"line":100,"column":46}},"61":{"start":{"line":100,"column":46},"end":{"line":100,"column":null}},"62":{"start":{"line":102,"column":4},"end":{"line":102,"column":20}},"63":{"start":{"line":102,"column":20},"end":{"line":102,"column":null}},"64":{"start":{"line":105,"column":4},"end":{"line":116,"column":null}},"65":{"start":{"line":106,"column":17},"end":{"line":106,"column":31}},"66":{"start":{"line":106,"column":42},"end":{"line":106,"column":null}},"67":{"start":{"line":107,"column":6},"end":{"line":111,"column":null}},"68":{"start":{"line":109,"column":8},"end":{"line":109,"column":null}},"69":{"start":{"line":109,"column":66},"end":{"line":109,"column":null}},"70":{"start":{"line":110,"column":21},"end":{"line":110,"column":70}},"71":{"start":{"line":111,"column":8},"end":{"line":111,"column":null}},"72":{"start":{"line":111,"column":31},"end":{"line":111,"column":48}},"73":{"start":{"line":111,"column":48},"end":{"line":111,"column":null}},"74":{"start":{"line":113,"column":6},"end":{"line":113,"column":22}},"75":{"start":{"line":113,"column":22},"end":{"line":113,"column":null}},"76":{"start":{"line":115,"column":16},"end":{"line":115,"column":null}},"77":{"start":{"line":116,"column":6},"end":{"line":116,"column":19}},"78":{"start":{"line":116,"column":19},"end":{"line":116,"column":null}},"79":{"start":{"line":120,"column":13},"end":{"line":120,"column":25}},"80":{"start":{"line":120,"column":30},"end":{"line":120,"column":null}},"81":{"start":{"line":121,"column":2},"end":{"line":121,"column":null}},"82":{"start":{"line":121,"column":25},"end":{"line":121,"column":35}},"83":{"start":{"line":121,"column":35},"end":{"line":121,"column":null}},"84":{"start":{"line":125,"column":2},"end":{"line":125,"column":null}},"85":{"start":{"line":125,"column":37},"end":{"line":125,"column":null}},"86":{"start":{"line":128,"column":15},"end":{"line":128,"column":null}},"87":{"start":{"line":129,"column":21},"end":{"line":129,"column":null}},"88":{"start":{"line":130,"column":2},"end":{"line":130,"column":null}},"89":{"start":{"line":130,"column":35},"end":{"line":130,"column":null}},"90":{"start":{"line":132,"column":19},"end":{"line":132,"column":null}},"91":{"start":{"line":133,"column":13},"end":{"line":133,"column":22}},"92":{"start":{"line":133,"column":27},"end":{"line":133,"column":null}},"93":{"start":{"line":134,"column":2},"end":{"line":134,"column":null}},"94":{"start":{"line":134,"column":25},"end":{"line":134,"column":34}},"95":{"start":{"line":134,"column":34},"end":{"line":134,"column":null}},"96":{"start":{"line":137,"column":2},"end":{"line":137,"column":null}},"97":{"start":{"line":137,"column":28},"end":{"line":137,"column":46}},"98":{"start":{"line":137,"column":46},"end":{"line":137,"column":59}},"99":{"start":{"line":137,"column":59},"end":{"line":137,"column":null}},"100":{"start":{"line":138,"column":2},"end":{"line":141,"column":null}},"101":{"start":{"line":139,"column":4},"end":{"line":139,"column":22}},"102":{"start":{"line":139,"column":22},"end":{"line":139,"column":35}},"103":{"start":{"line":139,"column":35},"end":{"line":139,"column":null}},"104":{"start":{"line":140,"column":4},"end":{"line":140,"column":null}},"105":{"start":{"line":141,"column":4},"end":{"line":141,"column":null}},"106":{"start":{"line":141,"column":28},"end":{"line":141,"column":null}},"107":{"start":{"line":145,"column":2},"end":{"line":147,"column":null}},"108":{"start":{"line":146,"column":4},"end":{"line":146,"column":null}},"109":{"start":{"line":147,"column":4},"end":{"line":147,"column":null}},"110":{"start":{"line":147,"column":27},"end":{"line":147,"column":null}},"111":{"start":{"line":147,"column":51},"end":{"line":147,"column":null}},"112":{"start":{"line":151,"column":2},"end":{"line":151,"column":null}},"113":{"start":{"line":151,"column":26},"end":{"line":151,"column":null}},"114":{"start":{"line":154,"column":2},"end":{"line":171,"column":null}},"115":{"start":{"line":155,"column":4},"end":{"line":171,"column":null}},"116":{"start":{"line":156,"column":6},"end":{"line":171,"column":null}},"117":{"start":{"line":158,"column":8},"end":{"line":158,"column":null}},"118":{"start":{"line":159,"column":8},"end":{"line":159,"column":null}},"119":{"start":{"line":160,"column":8},"end":{"line":160,"column":null}},"120":{"start":{"line":161,"column":8},"end":{"line":161,"column":null}},"121":{"start":{"line":163,"column":8},"end":{"line":163,"column":null}},"122":{"start":{"line":164,"column":8},"end":{"line":169,"column":null}},"123":{"start":{"line":165,"column":10},"end":{"line":165,"column":null}},"124":{"start":{"line":166,"column":10},"end":{"line":166,"column":null}},"125":{"start":{"line":169,"column":10},"end":{"line":169,"column":19}},"126":{"start":{"line":169,"column":19},"end":{"line":169,"column":28}},"127":{"start":{"line":169,"column":28},"end":{"line":169,"column":36}},"128":{"start":{"line":169,"column":36},"end":{"line":169,"column":null}},"129":{"start":{"line":171,"column":8},"end":{"line":171,"column":null}},"130":{"start":{"line":177,"column":2},"end":{"line":180,"column":null}},"131":{"start":{"line":178,"column":4},"end":{"line":178,"column":null}},"132":{"start":{"line":179,"column":4},"end":{"line":179,"column":null}},"133":{"start":{"line":180,"column":4},"end":{"line":180,"column":null}},"134":{"start":{"line":184,"column":12},"end":{"line":184,"column":42}},"135":{"start":{"line":187,"column":13},"end":{"line":187,"column":23}},"136":{"start":{"line":187,"column":28},"end":{"line":187,"column":null}},"137":{"start":{"line":188,"column":2},"end":{"line":206,"column":null}},"138":{"start":{"line":219,"column":12},"end":{"line":219,"column":48}},"139":{"start":{"line":220,"column":14},"end":{"line":220,"column":32}},"140":{"start":{"line":221,"column":2},"end":{"line":221,"column":null}},"141":{"start":{"line":222,"column":2},"end":{"line":222,"column":null}},"142":{"start":{"line":225,"column":2},"end":{"line":240,"column":null}},"143":{"start":{"line":225,"column":15},"end":{"line":225,"column":18}},"144":{"start":{"line":226,"column":4},"end":{"line":240,"column":null}},"145":{"start":{"line":226,"column":17},"end":{"line":226,"column":20}},"146":{"start":{"line":227,"column":16},"end":{"line":227,"column":null}},"147":{"start":{"line":228,"column":6},"end":{"line":240,"column":null}},"148":{"start":{"line":229,"column":8},"end":{"line":229,"column":null}},"149":{"start":{"line":230,"column":8},"end":{"line":230,"column":null}},"150":{"start":{"line":231,"column":17},"end":{"line":240,"column":null}},"151":{"start":{"line":232,"column":8},"end":{"line":232,"column":null}},"152":{"start":{"line":233,"column":8},"end":{"line":233,"column":null}},"153":{"start":{"line":234,"column":8},"end":{"line":234,"column":null}},"154":{"start":{"line":235,"column":8},"end":{"line":235,"column":null}},"155":{"start":{"line":236,"column":17},"end":{"line":240,"column":null}},"156":{"start":{"line":237,"column":8},"end":{"line":237,"column":null}},"157":{"start":{"line":238,"column":8},"end":{"line":238,"column":null}},"158":{"start":{"line":239,"column":8},"end":{"line":239,"column":null}},"159":{"start":{"line":240,"column":8},"end":{"line":240,"column":null}},"160":{"start":{"line":246,"column":2},"end":{"line":246,"column":null}},"161":{"start":{"line":247,"column":2},"end":{"line":247,"column":null}},"162":{"start":{"line":248,"column":2},"end":{"line":248,"column":null}},"163":{"start":{"line":249,"column":2},"end":{"line":249,"column":null}},"164":{"start":{"line":252,"column":22},"end":{"line":252,"column":null}},"165":{"start":{"line":253,"column":2},"end":{"line":253,"column":null}},"166":{"start":{"line":254,"column":2},"end":{"line":254,"column":null}},"167":{"start":{"line":255,"column":13},"end":{"line":255,"column":35}},"168":{"start":{"line":255,"column":40},"end":{"line":255,"column":null}},"169":{"start":{"line":256,"column":17},"end":{"line":256,"column":null}},"170":{"start":{"line":257,"column":2},"end":{"line":257,"column":null}},"171":{"start":{"line":258,"column":2},"end":{"line":258,"column":null}},"172":{"start":{"line":259,"column":2},"end":{"line":259,"column":null}},"173":{"start":{"line":262,"column":2},"end":{"line":287,"column":null}},"174":{"start":{"line":263,"column":15},"end":{"line":263,"column":38}},"175":{"start":{"line":263,"column":43},"end":{"line":263,"column":null}},"176":{"start":{"line":264,"column":4},"end":{"line":264,"column":null}},"177":{"start":{"line":265,"column":4},"end":{"line":265,"column":null}},"178":{"start":{"line":266,"column":4},"end":{"line":266,"column":null}},"179":{"start":{"line":267,"column":4},"end":{"line":267,"column":null}},"180":{"start":{"line":269,"column":4},"end":{"line":271,"column":null}},"181":{"start":{"line":269,"column":17},"end":{"line":269,"column":20}},"182":{"start":{"line":270,"column":17},"end":{"line":270,"column":null}},"183":{"start":{"line":271,"column":6},"end":{"line":271,"column":null}},"184":{"start":{"line":273,"column":4},"end":{"line":273,"column":null}},"185":{"start":{"line":274,"column":4},"end":{"line":274,"column":null}},"186":{"start":{"line":277,"column":4},"end":{"line":287,"column":null}},"187":{"start":{"line":278,"column":6},"end":{"line":278,"column":null}},"188":{"start":{"line":279,"column":6},"end":{"line":279,"column":null}},"189":{"start":{"line":280,"column":6},"end":{"line":280,"column":null}},"190":{"start":{"line":281,"column":6},"end":{"line":281,"column":null}},"191":{"start":{"line":282,"column":6},"end":{"line":282,"column":null}},"192":{"start":{"line":283,"column":6},"end":{"line":283,"column":null}},"193":{"start":{"line":284,"column":6},"end":{"line":284,"column":null}},"194":{"start":{"line":285,"column":6},"end":{"line":285,"column":null}},"195":{"start":{"line":286,"column":6},"end":{"line":286,"column":null}},"196":{"start":{"line":287,"column":6},"end":{"line":287,"column":null}},"197":{"start":{"line":292,"column":2},"end":{"line":292,"column":null}},"198":{"start":{"line":292,"column":75},"end":{"line":292,"column":87}},"199":{"start":{"line":292,"column":87},"end":{"line":292,"column":99}},"200":{"start":{"line":293,"column":2},"end":{"line":293,"column":null}},"201":{"start":{"line":293,"column":73},"end":{"line":293,"column":85}},"202":{"start":{"line":293,"column":85},"end":{"line":293,"column":97}},"203":{"start":{"line":294,"column":2},"end":{"line":294,"column":null}},"204":{"start":{"line":294,"column":73},"end":{"line":294,"column":91}},"205":{"start":{"line":294,"column":91},"end":{"line":294,"column":103}},"206":{"start":{"line":295,"column":2},"end":{"line":295,"column":null}},"207":{"start":{"line":295,"column":74},"end":{"line":295,"column":90}},"208":{"start":{"line":295,"column":90},"end":{"line":295,"column":102}},"209":{"start":{"line":298,"column":2},"end":{"line":307,"column":null}},"210":{"start":{"line":299,"column":4},"end":{"line":302,"column":null}},"211":{"start":{"line":300,"column":6},"end":{"line":300,"column":null}},"212":{"start":{"line":301,"column":6},"end":{"line":301,"column":null}},"213":{"start":{"line":303,"column":4},"end":{"line":306,"column":null}},"214":{"start":{"line":304,"column":6},"end":{"line":304,"column":null}},"215":{"start":{"line":305,"column":6},"end":{"line":305,"column":null}},"216":{"start":{"line":310,"column":0},"end":{"line":314,"column":null}},"217":{"start":{"line":311,"column":38},"end":{"line":311,"column":null}},"218":{"start":{"line":312,"column":2},"end":{"line":312,"column":null}},"219":{"start":{"line":312,"column":35},"end":{"line":312,"column":55}},"220":{"start":{"line":312,"column":55},"end":{"line":312,"column":null}},"221":{"start":{"line":313,"column":2},"end":{"line":313,"column":null}},"222":{"start":{"line":313,"column":40},"end":{"line":313,"column":null}},"223":{"start":{"line":316,"column":0},"end":{"line":316,"column":null}},"224":{"start":{"line":317,"column":0},"end":{"line":317,"column":null}},"225":{"start":{"line":317,"column":20},"end":{"line":317,"column":28}},"226":{"start":{"line":317,"column":28},"end":{"line":317,"column":41}},"227":{"start":{"line":318,"column":0},"end":{"line":318,"column":null}}},"fnMap":{"0":{"name":"saveHighScore","decl":{"start":{"line":56,"column":9},"end":{"line":56,"column":31}},"loc":{"start":{"line":56,"column":31},"end":{"line":59,"column":null}},"line":56},"1":{"name":"initLevel","decl":{"start":{"line":63,"column":9},"end":{"line":63,"column":27}},"loc":{"start":{"line":63,"column":27},"end":{"line":74,"column":null}},"line":63},"2":{"name":"(anonymous_2)","decl":{"start":{"line":64,"column":23},"end":{"line":64,"column":27}},"loc":{"start":{"line":64,"column":32},"end":{"line":64,"column":38}},"line":64},"3":{"name":"initGame","decl":{"start":{"line":77,"column":9},"end":{"line":77,"column":26}},"loc":{"start":{"line":77,"column":26},"end":{"line":80,"column":null}},"line":77},"4":{"name":"canMove","decl":{"start":{"line":83,"column":9},"end":{"line":83,"column":17}},"loc":{"start":{"line":83,"column":48},"end":{"line":85,"column":null}},"line":83},"5":{"name":"moveGhost","decl":{"start":{"line":89,"column":9},"end":{"line":89,"column":19}},"loc":{"start":{"line":89,"column":35},"end":{"line":121,"column":null}},"line":89},"6":{"name":"(anonymous_6)","decl":{"start":{"line":91,"column":25},"end":{"line":91,"column":33}},"loc":{"start":{"line":91,"column":46},"end":{"line":91,"column":73}},"line":91},"7":{"name":"move","decl":{"start":{"line":124,"column":9},"end":{"line":124,"column":22}},"loc":{"start":{"line":124,"column":22},"end":{"line":180,"column":null}},"line":124},"8":{"name":"render","decl":{"start":{"line":186,"column":9},"end":{"line":186,"column":24}},"loc":{"start":{"line":186,"column":24},"end":{"line":307,"column":null}},"line":186},"9":{"name":"(anonymous_9)","decl":{"start":{"line":292,"column":58},"end":{"line":292,"column":73}},"loc":{"start":{"line":292,"column":73},"end":{"line":292,"column":null}},"line":292},"10":{"name":"(anonymous_10)","decl":{"start":{"line":293,"column":56},"end":{"line":293,"column":71}},"loc":{"start":{"line":293,"column":71},"end":{"line":293,"column":null}},"line":293},"11":{"name":"(anonymous_11)","decl":{"start":{"line":294,"column":56},"end":{"line":294,"column":71}},"loc":{"start":{"line":294,"column":71},"end":{"line":294,"column":null}},"line":294},"12":{"name":"(anonymous_12)","decl":{"start":{"line":295,"column":57},"end":{"line":295,"column":72}},"loc":{"start":{"line":295,"column":72},"end":{"line":295,"column":null}},"line":295},"13":{"name":"(anonymous_13)","decl":{"start":{"line":298,"column":52},"end":{"line":298,"column":60}},"loc":{"start":{"line":298,"column":66},"end":{"line":307,"column":null}},"line":298},"14":{"name":"(anonymous_14)","decl":{"start":{"line":299,"column":24},"end":{"line":299,"column":39}},"loc":{"start":{"line":299,"column":45},"end":{"line":302,"column":9}},"line":299},"15":{"name":"(anonymous_15)","decl":{"start":{"line":303,"column":24},"end":{"line":303,"column":38}},"loc":{"start":{"line":303,"column":44},"end":{"line":306,"column":null}},"line":303},"16":{"name":"(anonymous_16)","decl":{"start":{"line":310,"column":24},"end":{"line":310,"column":35}},"loc":{"start":{"line":310,"column":40},"end":{"line":314,"column":null}},"line":310},"17":{"name":"(anonymous_17)","decl":{"start":{"line":317,"column":0},"end":{"line":317,"column":18}},"loc":{"start":{"line":317,"column":18},"end":{"line":317,"column":45}},"line":317}},"branchMap":{"0":{"loc":{"start":{"line":54,"column":18},"end":{"line":54,"column":90}},"type":"binary-expr","locations":[{"start":{"line":54,"column":18},"end":{"line":54,"column":75}},{"start":{"line":54,"column":79},"end":{"line":54,"column":90}}],"line":54},"1":{"loc":{"start":{"line":54,"column":27},"end":{"line":54,"column":72}},"type":"binary-expr","locations":[{"start":{"line":54,"column":27},"end":{"line":54,"column":63}},{"start":{"line":54,"column":67},"end":{"line":54,"column":72}}],"line":54},"2":{"loc":{"start":{"line":57,"column":2},"end":{"line":59,"column":null}},"type":"if","locations":[{"start":{"line":57,"column":2},"end":{"line":59,"column":null}},{"start":{},"end":{}}],"line":57},"3":{"loc":{"start":{"line":74,"column":47},"end":{"line":74,"column":null}},"type":"if","locations":[{"start":{"line":74,"column":47},"end":{"line":74,"column":null}},{"start":{},"end":{}}],"line":74},"4":{"loc":{"start":{"line":74,"column":51},"end":{"line":74,"column":71}},"type":"binary-expr","locations":[{"start":{"line":74,"column":51},"end":{"line":74,"column":62}},{"start":{"line":74,"column":62},"end":{"line":74,"column":71}}],"line":74},"5":{"loc":{"start":{"line":84,"column":2},"end":{"line":84,"column":null}},"type":"if","locations":[{"start":{"line":84,"column":2},"end":{"line":84,"column":null}},{"start":{},"end":{}}],"line":84},"6":{"loc":{"start":{"line":84,"column":6},"end":{"line":84,"column":42}},"type":"binary-expr","locations":[{"start":{"line":84,"column":6},"end":{"line":84,"column":15}},{"start":{"line":84,"column":15},"end":{"line":84,"column":25}},{"start":{"line":84,"column":25},"end":{"line":84,"column":34}},{"start":{"line":84,"column":34},"end":{"line":84,"column":42}}],"line":84},"7":{"loc":{"start":{"line":93,"column":2},"end":{"line":93,"column":null}},"type":"if","locations":[{"start":{"line":93,"column":2},"end":{"line":93,"column":null}},{"start":{},"end":{}}],"line":93},"8":{"loc":{"start":{"line":95,"column":2},"end":{"line":116,"column":null}},"type":"if","locations":[{"start":{"line":95,"column":2},"end":{"line":116,"column":null}},{"start":{"line":103,"column":9},"end":{"line":116,"column":null}}],"line":95},"9":{"loc":{"start":{"line":100,"column":6},"end":{"line":100,"column":null}},"type":"if","locations":[{"start":{"line":100,"column":6},"end":{"line":100,"column":null}},{"start":{},"end":{}}],"line":100},"10":{"loc":{"start":{"line":105,"column":4},"end":{"line":116,"column":null}},"type":"if","locations":[{"start":{"line":105,"column":4},"end":{"line":116,"column":null}},{"start":{"line":114,"column":11},"end":{"line":116,"column":null}}],"line":105},"11":{"loc":{"start":{"line":109,"column":8},"end":{"line":109,"column":null}},"type":"if","locations":[{"start":{"line":109,"column":8},"end":{"line":109,"column":null}},{"start":{},"end":{}}],"line":109},"12":{"loc":{"start":{"line":109,"column":12},"end":{"line":109,"column":66}},"type":"binary-expr","locations":[{"start":{"line":109,"column":12},"end":{"line":109,"column":28}},{"start":{"line":109,"column":28},"end":{"line":109,"column":44}},{"start":{"line":109,"column":44},"end":{"line":109,"column":66}}],"line":109},"13":{"loc":{"start":{"line":111,"column":8},"end":{"line":111,"column":null}},"type":"if","locations":[{"start":{"line":111,"column":8},"end":{"line":111,"column":null}},{"start":{},"end":{}}],"line":111},"14":{"loc":{"start":{"line":121,"column":2},"end":{"line":121,"column":null}},"type":"if","locations":[{"start":{"line":121,"column":2},"end":{"line":121,"column":null}},{"start":{},"end":{}}],"line":121},"15":{"loc":{"start":{"line":125,"column":2},"end":{"line":125,"column":null}},"type":"if","locations":[{"start":{"line":125,"column":2},"end":{"line":125,"column":null}},{"start":{},"end":{}}],"line":125},"16":{"loc":{"start":{"line":125,"column":6},"end":{"line":125,"column":37}},"type":"binary-expr","locations":[{"start":{"line":125,"column":6},"end":{"line":125,"column":18}},{"start":{"line":125,"column":18},"end":{"line":125,"column":29}},{"start":{"line":125,"column":29},"end":{"line":125,"column":37}}],"line":125},"17":{"loc":{"start":{"line":130,"column":2},"end":{"line":130,"column":null}},"type":"if","locations":[{"start":{"line":130,"column":2},"end":{"line":130,"column":null}},{"start":{},"end":{}}],"line":130},"18":{"loc":{"start":{"line":134,"column":2},"end":{"line":134,"column":null}},"type":"if","locations":[{"start":{"line":134,"column":2},"end":{"line":134,"column":null}},{"start":{},"end":{}}],"line":134},"19":{"loc":{"start":{"line":137,"column":2},"end":{"line":137,"column":null}},"type":"if","locations":[{"start":{"line":137,"column":2},"end":{"line":137,"column":null}},{"start":{},"end":{}}],"line":137},"20":{"loc":{"start":{"line":138,"column":2},"end":{"line":141,"column":null}},"type":"if","locations":[{"start":{"line":138,"column":2},"end":{"line":141,"column":null}},{"start":{},"end":{}}],"line":138},"21":{"loc":{"start":{"line":145,"column":2},"end":{"line":147,"column":null}},"type":"if","locations":[{"start":{"line":145,"column":2},"end":{"line":147,"column":null}},{"start":{},"end":{}}],"line":145},"22":{"loc":{"start":{"line":147,"column":4},"end":{"line":147,"column":null}},"type":"if","locations":[{"start":{"line":147,"column":4},"end":{"line":147,"column":null}},{"start":{},"end":{}}],"line":147},"23":{"loc":{"start":{"line":155,"column":4},"end":{"line":171,"column":null}},"type":"if","locations":[{"start":{"line":155,"column":4},"end":{"line":171,"column":null}},{"start":{},"end":{}}],"line":155},"24":{"loc":{"start":{"line":155,"column":8},"end":{"line":155,"column":34}},"type":"binary-expr","locations":[{"start":{"line":155,"column":8},"end":{"line":155,"column":22}},{"start":{"line":155,"column":22},"end":{"line":155,"column":34}}],"line":155},"25":{"loc":{"start":{"line":156,"column":6},"end":{"line":171,"column":null}},"type":"if","locations":[{"start":{"line":156,"column":6},"end":{"line":171,"column":null}},{"start":{"line":162,"column":13},"end":{"line":171,"column":null}}],"line":156},"26":{"loc":{"start":{"line":164,"column":8},"end":{"line":169,"column":null}},"type":"if","locations":[{"start":{"line":164,"column":8},"end":{"line":169,"column":null}},{"start":{"line":167,"column":15},"end":{"line":169,"column":null}}],"line":164},"27":{"loc":{"start":{"line":177,"column":2},"end":{"line":180,"column":null}},"type":"if","locations":[{"start":{"line":177,"column":2},"end":{"line":180,"column":null}},{"start":{},"end":{}}],"line":177},"28":{"loc":{"start":{"line":197,"column":47},"end":{"line":197,"column":68}},"type":"cond-expr","locations":[{"start":{"line":197,"column":56},"end":{"line":197,"column":63}},{"start":{"line":197,"column":63},"end":{"line":197,"column":68}}],"line":197},"29":{"loc":{"start":{"line":204,"column":8},"end":{"line":204,"column":null}},"type":"cond-expr","locations":[{"start":{"line":204,"column":19},"end":{"line":204,"column":211}},{"start":{"line":204,"column":211},"end":{"line":204,"column":null}}],"line":204},"30":{"loc":{"start":{"line":205,"column":8},"end":{"line":205,"column":null}},"type":"cond-expr","locations":[{"start":{"line":205,"column":18},"end":{"line":205,"column":185}},{"start":{"line":205,"column":185},"end":{"line":205,"column":null}}],"line":205},"31":{"loc":{"start":{"line":206,"column":8},"end":{"line":206,"column":null}},"type":"cond-expr","locations":[{"start":{"line":206,"column":42},"end":{"line":206,"column":183}},{"start":{"line":206,"column":183},"end":{"line":206,"column":null}}],"line":206},"32":{"loc":{"start":{"line":206,"column":8},"end":{"line":206,"column":42}},"type":"binary-expr","locations":[{"start":{"line":206,"column":8},"end":{"line":206,"column":18}},{"start":{"line":206,"column":18},"end":{"line":206,"column":31}},{"start":{"line":206,"column":31},"end":{"line":206,"column":42}}],"line":206},"33":{"loc":{"start":{"line":228,"column":6},"end":{"line":240,"column":null}},"type":"if","locations":[{"start":{"line":228,"column":6},"end":{"line":240,"column":null}},{"start":{"line":231,"column":17},"end":{"line":240,"column":null}}],"line":228},"34":{"loc":{"start":{"line":231,"column":17},"end":{"line":240,"column":null}},"type":"if","locations":[{"start":{"line":231,"column":17},"end":{"line":240,"column":null}},{"start":{"line":236,"column":17},"end":{"line":240,"column":null}}],"line":231},"35":{"loc":{"start":{"line":236,"column":17},"end":{"line":240,"column":null}},"type":"if","locations":[{"start":{"line":236,"column":17},"end":{"line":240,"column":null}},{"start":{},"end":{}}],"line":236},"36":{"loc":{"start":{"line":264,"column":20},"end":{"line":264,"column":null}},"type":"cond-expr","locations":[{"start":{"line":264,"column":32},"end":{"line":264,"column":96}},{"start":{"line":264,"column":96},"end":{"line":264,"column":null}}],"line":264},"37":{"loc":{"start":{"line":264,"column":32},"end":{"line":264,"column":96}},"type":"cond-expr","locations":[{"start":{"line":264,"column":74},"end":{"line":264,"column":83}},{"start":{"line":264,"column":83},"end":{"line":264,"column":96}}],"line":264},"38":{"loc":{"start":{"line":264,"column":32},"end":{"line":264,"column":74}},"type":"binary-expr","locations":[{"start":{"line":264,"column":32},"end":{"line":264,"column":52}},{"start":{"line":264,"column":52},"end":{"line":264,"column":74}}],"line":264},"39":{"loc":{"start":{"line":271,"column":27},"end":{"line":271,"column":70}},"type":"cond-expr","locations":[{"start":{"line":271,"column":41},"end":{"line":271,"column":56}},{"start":{"line":271,"column":56},"end":{"line":271,"column":70}}],"line":271},"40":{"loc":{"start":{"line":277,"column":4},"end":{"line":287,"column":null}},"type":"if","locations":[{"start":{"line":277,"column":4},"end":{"line":287,"column":null}},{"start":{},"end":{}}],"line":277},"41":{"loc":{"start":{"line":312,"column":2},"end":{"line":312,"column":null}},"type":"if","locations":[{"start":{"line":312,"column":2},"end":{"line":312,"column":null}},{"start":{},"end":{}}],"line":312},"42":{"loc":{"start":{"line":313,"column":2},"end":{"line":313,"column":null}},"type":"if","locations":[{"start":{"line":313,"column":2},"end":{"line":313,"column":null}},{"start":{},"end":{}}],"line":313},"43":{"loc":{"start":{"line":313,"column":6},"end":{"line":313,"column":38}},"type":"binary-expr","locations":[{"start":{"line":313,"column":6},"end":{"line":313,"column":23}},{"start":{"line":313,"column":23},"end":{"line":313,"column":38}}],"line":313}},"s":{"0":1,"1":1,"2":1,"3":1,"4":1,"5":1,"6":1,"7":1,"8":1,"9":1,"10":1,"11":1,"12":1,"13":1,"14":1,"15":1,"16":1,"17":1,"18":1,"19":1,"20":1,"21":1,"22":0,"23":0,"24":0,"25":0,"26":1,"27":31,"28":1,"29":1,"30":1,"31":1,"32":1,"33":1,"34":1,"35":1,"36":31,"37":868,"38":244,"39":1,"40":1,"41":1,"42":1,"43":1,"44":1,"45":1,"46":0,"47":0,"48":0,"49":0,"50":0,"51":0,"52":0,"53":0,"54":0,"55":0,"56":0,"57":0,"58":0,"59":0,"60":0,"61":0,"62":0,"63":0,"64":0,"65":0,"66":0,"67":0,"68":0,"69":0,"70":0,"71":0,"72":0,"73":0,"74":0,"75":0,"76":0,"77":0,"78":0,"79":0,"80":0,"81":0,"82":0,"83":0,"84":0,"85":0,"86":0,"87":0,"88":0,"89":0,"90":0,"91":0,"92":0,"93":0,"94":0,"95":0,"96":0,"97":0,"98":0,"99":0,"100":0,"101":0,"102":0,"103":0,"104":0,"105":0,"106":0,"107":0,"108":0,"109":0,"110":0,"111":0,"112":0,"113":0,"114":0,"115":0,"116":0,"117":0,"118":0,"119":0,"120":0,"121":0,"122":0,"123":0,"124":0,"125":0,"126":0,"127":0,"128":0,"129":0,"130":0,"131":0,"132":0,"133":0,"134":1,"135":1,"136":1,"137":1,"138":1,"139":1,"140":1,"141":1,"142":1,"143":1,"144":31,"145":31,"146":868,"147":868,"148":488,"149":488,"150":380,"151":240,"152":240,"153":240,"154":240,"155":140,"156":4,"157":4,"158":4,"159":4,"160":1,"161":1,"162":1,"163":1,"164":1,"165":1,"166":1,"167":1,"168":1,"169":1,"170":1,"171":1,"172":1,"173":1,"174":4,"175":4,"176":4,"177":4,"178":4,"179":4,"180":4,"181":4,"182":16,"183":16,"184":4,"185":4,"186":4,"187":4,"188":4,"189":4,"190":4,"191":4,"192":4,"193":4,"194":4,"195":4,"196":4,"197":1,"198":0,"199":0,"200":1,"201":0,"202":0,"203":1,"204":0,"205":0,"206":1,"207":0,"208":0,"209":1,"210":4,"211":0,"212":0,"213":4,"214":0,"215":0,"216":1,"217":0,"218":0,"219":0,"220":0,"221":0,"222":0,"223":1,"224":1,"225":0,"226":0,"227":1},"f":{"0":0,"1":1,"2":31,"3":1,"4":0,"5":0,"6":0,"7":0,"8":1,"9":0,"10":0,"11":0,"12":0,"13":4,"14":0,"15":0,"16":0,"17":0},"b":{"0":[1,1],"1":[1,1],"2":[0,0],"3":[244,624],"4":[868,628],"5":[0,0],"6":[0,0,0,0],"7":[0,0],"8":[0,0],"9":[0,0],"10":[0,0],"11":[0,0],"12":[0,0,0],"13":[0,0],"14":[0,0],"15":[0,0],"16":[0,0,0],"17":[0,0],"18":[0,0],"19":[0,0],"20":[0,0],"21":[0,0],"22":[0,0],"23":[0,0],"24":[0,0],"25":[0,0],"26":[0,0],"27":[0,0],"28":[0,1],"29":[0,1],"30":[0,1],"31":[0,1],"32":[1,0,0],"33":[488,380],"34":[240,140],"35":[4,136],"36":[0,4],"37":[0,0],"38":[0,0],"39":[8,8],"40":[4,0],"41":[0,0],"42":[0,0],"43":[0,0]},"meta":{"lastBranch":44,"lastFunction":18,"lastStatement":228,"seen":{"s:3:10:3:14":0,"s:3:18:3:22":1,"s:3:29:3:Infinity":2,"s:6:28:38:Infinity":3,"s:42:17:42:19":4,"s:43:9:43:13":5,"s:43:18:43:22":6,"s:43:27:43:30":7,"s:43:39:43:Infinity":8,"s:44:12:44:15":9,"s:44:23:44:26":10,"s:44:34:44:Infinity":11,"s:45:16:45:Infinity":12,"s:46:22:46:24":13,"s:47:15:47:Infinity":14,"s:48:18:48:Infinity":15,"s:49:15:49:Infinity":16,"s:50:14:50:Infinity":17,"s:51:13:51:Infinity":18,"s:53:23:53:Infinity":19,"s:54:0:54:Infinity":20,"s:54:6:54:90":21,"b:54:18:54:75:54:79:54:90":0,"b:54:27:54:63:54:67:54:72":1,"f:56:9:56:31":0,"b:57:2:59:Infinity:undefined:undefined:undefined:undefined":2,"s:57:2:59:Infinity":22,"s:58:4:58:Infinity":23,"s:59:4:59:Infinity":24,"s:59:10:59:75":25,"f:63:9:63:27":1,"s:64:2:64:Infinity":26,"f:64:23:64:27":2,"s:64:32:64:38":27,"s:65:2:65:11":28,"s:65:11:65:20":29,"s:65:20:65:28":30,"s:65:28:65:Infinity":31,"s:66:2:71:Infinity":32,"s:72:2:72:Infinity":33,"s:73:2:73:Infinity":34,"s:74:2:74:Infinity":35,"s:74:26:74:Infinity":36,"b:74:47:74:Infinity:undefined:undefined:undefined:undefined":3,"s:74:47:74:Infinity":37,"b:74:51:74:62:74:62:74:71":4,"s:74:71:74:Infinity":38,"f:77:9:77:26":3,"s:78:2:78:13":39,"s:78:13:78:24":40,"s:78:24:78:Infinity":41,"s:79:2:79:20":42,"s:79:20:79:37":43,"s:79:37:79:Infinity":44,"s:80:2:80:Infinity":45,"f:83:9:83:17":4,"b:84:2:84:Infinity:undefined:undefined:undefined:undefined":5,"s:84:2:84:Infinity":46,"b:84:6:84:15:84:15:84:25:84:25:84:34:84:34:84:42":6,"s:84:42:84:Infinity":47,"s:85:2:85:Infinity":48,"f:89:9:89:19":5,"s:90:15:90:Infinity":49,"s:91:20:91:74":50,"f:91:25:91:33":6,"s:91:46:91:73":51,"b:93:2:93:Infinity:undefined:undefined:undefined:undefined":7,"s:93:2:93:Infinity":52,"s:93:30:93:Infinity":53,"b:95:2:116:Infinity:103:9:116:Infinity":8,"s:95:2:116:Infinity":54,"s:97:15:97:29":55,"s:97:40:97:Infinity":56,"s:98:4:100:Infinity":57,"s:99:19:99:68":58,"b:100:6:100:Infinity:undefined:undefined:undefined:undefined":9,"s:100:6:100:Infinity":59,"s:100:29:100:46":60,"s:100:46:100:Infinity":61,"s:102:4:102:20":62,"s:102:20:102:Infinity":63,"b:105:4:116:Infinity:114:11:116:Infinity":10,"s:105:4:116:Infinity":64,"s:106:17:106:31":65,"s:106:42:106:Infinity":66,"s:107:6:111:Infinity":67,"b:109:8:109:Infinity:undefined:undefined:undefined:undefined":11,"s:109:8:109:Infinity":68,"b:109:12:109:28:109:28:109:44:109:44:109:66":12,"s:109:66:109:Infinity":69,"s:110:21:110:70":70,"b:111:8:111:Infinity:undefined:undefined:undefined:undefined":13,"s:111:8:111:Infinity":71,"s:111:31:111:48":72,"s:111:48:111:Infinity":73,"s:113:6:113:22":74,"s:113:22:113:Infinity":75,"s:115:16:115:Infinity":76,"s:116:6:116:19":77,"s:116:19:116:Infinity":78,"s:120:13:120:25":79,"s:120:30:120:Infinity":80,"b:121:2:121:Infinity:undefined:undefined:undefined:undefined":14,"s:121:2:121:Infinity":81,"s:121:25:121:35":82,"s:121:35:121:Infinity":83,"f:124:9:124:22":7,"b:125:2:125:Infinity:undefined:undefined:undefined:undefined":15,"s:125:2:125:Infinity":84,"b:125:6:125:18:125:18:125:29:125:29:125:37":16,"s:125:37:125:Infinity":85,"s:128:15:128:Infinity":86,"s:129:21:129:Infinity":87,"b:130:2:130:Infinity:undefined:undefined:undefined:undefined":17,"s:130:2:130:Infinity":88,"s:130:35:130:Infinity":89,"s:132:19:132:Infinity":90,"s:133:13:133:22":91,"s:133:27:133:Infinity":92,"b:134:2:134:Infinity:undefined:undefined:undefined:undefined":18,"s:134:2:134:Infinity":93,"s:134:25:134:34":94,"s:134:34:134:Infinity":95,"b:137:2:137:Infinity:undefined:undefined:undefined:undefined":19,"s:137:2:137:Infinity":96,"s:137:28:137:46":97,"s:137:46:137:59":98,"s:137:59:137:Infinity":99,"b:138:2:141:Infinity:undefined:undefined:undefined:undefined":20,"s:138:2:141:Infinity":100,"s:139:4:139:22":101,"s:139:22:139:35":102,"s:139:35:139:Infinity":103,"s:140:4:140:Infinity":104,"s:141:4:141:Infinity":105,"s:141:28:141:Infinity":106,"b:145:2:147:Infinity:undefined:undefined:undefined:undefined":21,"s:145:2:147:Infinity":107,"s:146:4:146:Infinity":108,"b:147:4:147:Infinity:undefined:undefined:undefined:undefined":22,"s:147:4:147:Infinity":109,"s:147:27:147:Infinity":110,"s:147:51:147:Infinity":111,"s:151:2:151:Infinity":112,"s:151:26:151:Infinity":113,"s:154:2:171:Infinity":114,"b:155:4:171:Infinity:undefined:undefined:undefined:undefined":23,"s:155:4:171:Infinity":115,"b:155:8:155:22:155:22:155:34":24,"b:156:6:171:Infinity:162:13:171:Infinity":25,"s:156:6:171:Infinity":116,"s:158:8:158:Infinity":117,"s:159:8:159:Infinity":118,"s:160:8:160:Infinity":119,"s:161:8:161:Infinity":120,"s:163:8:163:Infinity":121,"b:164:8:169:Infinity:167:15:169:Infinity":26,"s:164:8:169:Infinity":122,"s:165:10:165:Infinity":123,"s:166:10:166:Infinity":124,"s:169:10:169:19":125,"s:169:19:169:28":126,"s:169:28:169:36":127,"s:169:36:169:Infinity":128,"s:171:8:171:Infinity":129,"b:177:2:180:Infinity:undefined:undefined:undefined:undefined":27,"s:177:2:180:Infinity":130,"s:178:4:178:Infinity":131,"s:179:4:179:Infinity":132,"s:180:4:180:Infinity":133,"s:184:12:184:42":134,"f:186:9:186:24":8,"s:187:13:187:23":135,"s:187:28:187:Infinity":136,"s:188:2:206:Infinity":137,"b:197:56:197:63:197:63:197:68":28,"b:204:19:204:211:204:211:204:Infinity":29,"b:205:18:205:185:205:185:205:Infinity":30,"b:206:42:206:183:206:183:206:Infinity":31,"b:206:8:206:18:206:18:206:31:206:31:206:42":32,"s:219:12:219:48":138,"s:220:14:220:32":139,"s:221:2:221:Infinity":140,"s:222:2:222:Infinity":141,"s:225:2:240:Infinity":142,"s:225:15:225:18":143,"s:226:4:240:Infinity":144,"s:226:17:226:20":145,"s:227:16:227:Infinity":146,"b:228:6:240:Infinity:231:17:240:Infinity":33,"s:228:6:240:Infinity":147,"s:229:8:229:Infinity":148,"s:230:8:230:Infinity":149,"b:231:17:240:Infinity:236:17:240:Infinity":34,"s:231:17:240:Infinity":150,"s:232:8:232:Infinity":151,"s:233:8:233:Infinity":152,"s:234:8:234:Infinity":153,"s:235:8:235:Infinity":154,"b:236:17:240:Infinity:undefined:undefined:undefined:undefined":35,"s:236:17:240:Infinity":155,"s:237:8:237:Infinity":156,"s:238:8:238:Infinity":157,"s:239:8:239:Infinity":158,"s:240:8:240:Infinity":159,"s:246:2:246:Infinity":160,"s:247:2:247:Infinity":161,"s:248:2:248:Infinity":162,"s:249:2:249:Infinity":163,"s:252:22:252:Infinity":164,"s:253:2:253:Infinity":165,"s:254:2:254:Infinity":166,"s:255:13:255:35":167,"s:255:40:255:Infinity":168,"s:256:17:256:Infinity":169,"s:257:2:257:Infinity":170,"s:258:2:258:Infinity":171,"s:259:2:259:Infinity":172,"s:262:2:287:Infinity":173,"s:263:15:263:38":174,"s:263:43:263:Infinity":175,"s:264:4:264:Infinity":176,"b:264:32:264:96:264:96:264:Infinity":36,"b:264:74:264:83:264:83:264:96":37,"b:264:32:264:52:264:52:264:74":38,"s:265:4:265:Infinity":177,"s:266:4:266:Infinity":178,"s:267:4:267:Infinity":179,"s:269:4:271:Infinity":180,"s:269:17:269:20":181,"s:270:17:270:Infinity":182,"s:271:6:271:Infinity":183,"b:271:41:271:56:271:56:271:70":39,"s:273:4:273:Infinity":184,"s:274:4:274:Infinity":185,"b:277:4:287:Infinity:undefined:undefined:undefined:undefined":40,"s:277:4:287:Infinity":186,"s:278:6:278:Infinity":187,"s:279:6:279:Infinity":188,"s:280:6:280:Infinity":189,"s:281:6:281:Infinity":190,"s:282:6:282:Infinity":191,"s:283:6:283:Infinity":192,"s:284:6:284:Infinity":193,"s:285:6:285:Infinity":194,"s:286:6:286:Infinity":195,"s:287:6:287:Infinity":196,"s:292:2:292:Infinity":197,"f:292:58:292:73":9,"s:292:75:292:87":198,"s:292:87:292:99":199,"s:293:2:293:Infinity":200,"f:293:56:293:71":10,"s:293:73:293:85":201,"s:293:85:293:97":202,"s:294:2:294:Infinity":203,"f:294:56:294:71":11,"s:294:73:294:91":204,"s:294:91:294:103":205,"s:295:2:295:Infinity":206,"f:295:57:295:72":12,"s:295:74:295:90":207,"s:295:90:295:102":208,"s:298:2:307:Infinity":209,"f:298:52:298:60":13,"s:299:4:302:Infinity":210,"f:299:24:299:39":14,"s:300:6:300:Infinity":211,"s:301:6:301:Infinity":212,"s:303:4:306:Infinity":213,"f:303:24:303:38":15,"s:304:6:304:Infinity":214,"s:305:6:305:Infinity":215,"s:310:0:314:Infinity":216,"f:310:24:310:35":16,"s:311:38:311:Infinity":217,"b:312:2:312:Infinity:undefined:undefined:undefined:undefined":41,"s:312:2:312:Infinity":218,"s:312:35:312:55":219,"s:312:55:312:Infinity":220,"b:313:2:313:Infinity:undefined:undefined:undefined:undefined":42,"s:313:2:313:Infinity":221,"b:313:6:313:23:313:23:313:38":43,"s:313:40:313:Infinity":222,"s:316:0:316:Infinity":223,"s:317:0:317:Infinity":224,"f:317:0:317:18":17,"s:317:20:317:28":225,"s:317:28:317:41":226,"s:318:0:318:Infinity":227}}}
}
