{"/root/projects/app-hub/apps/games/typing-rpg/src/main.ts": {"path":"/root/projects/app-hub/apps/games/typing-rpg/src/main.ts","statementMap":{"0":{"start":{"line":4,"column":19},"end":{"line":4,"column":null}},"1":{"start":{"line":5,"column":21},"end":{"line":5,"column":null}},"2":{"start":{"line":6,"column":19},"end":{"line":6,"column":null}},"3":{"start":{"line":7,"column":19},"end":{"line":7,"column":null}},"4":{"start":{"line":25,"column":23},"end":{"line":25,"column":null}},"5":{"start":{"line":28,"column":12},"end":{"line":28,"column":null}},"6":{"start":{"line":29,"column":12},"end":{"line":29,"column":null}},"7":{"start":{"line":30,"column":15},"end":{"line":30,"column":null}},"8":{"start":{"line":31,"column":17},"end":{"line":31,"column":null}},"9":{"start":{"line":32,"column":12},"end":{"line":32,"column":null}},"10":{"start":{"line":35,"column":2},"end":{"line":39,"column":null}},"11":{"start":{"line":43,"column":17},"end":{"line":43,"column":null}},"12":{"start":{"line":44,"column":15},"end":{"line":44,"column":49}},"13":{"start":{"line":45,"column":16},"end":{"line":45,"column":null}},"14":{"start":{"line":46,"column":15},"end":{"line":46,"column":null}},"15":{"start":{"line":47,"column":21},"end":{"line":47,"column":null}},"16":{"start":{"line":48,"column":19},"end":{"line":48,"column":null}},"17":{"start":{"line":50,"column":17},"end":{"line":50,"column":null}},"18":{"start":{"line":51,"column":16},"end":{"line":51,"column":null}},"19":{"start":{"line":53,"column":2},"end":{"line":64,"column":null}},"20":{"start":{"line":67,"column":30},"end":{"line":67,"column":null}},"21":{"start":{"line":68,"column":30},"end":{"line":68,"column":null}},"22":{"start":{"line":71,"column":15},"end":{"line":71,"column":57}},"23":{"start":{"line":72,"column":15},"end":{"line":72,"column":null}},"24":{"start":{"line":73,"column":14},"end":{"line":73,"column":65}},"25":{"start":{"line":74,"column":2},"end":{"line":74,"column":null}},"26":{"start":{"line":78,"column":15},"end":{"line":78,"column":58}},"27":{"start":{"line":79,"column":2},"end":{"line":79,"column":null}},"28":{"start":{"line":83,"column":2},"end":{"line":83,"column":null}},"29":{"start":{"line":84,"column":2},"end":{"line":94,"column":null}},"30":{"start":{"line":85,"column":4},"end":{"line":85,"column":null}},"31":{"start":{"line":86,"column":4},"end":{"line":86,"column":null}},"32":{"start":{"line":87,"column":4},"end":{"line":87,"column":null}},"33":{"start":{"line":88,"column":4},"end":{"line":88,"column":null}},"34":{"start":{"line":89,"column":4},"end":{"line":89,"column":null}},"35":{"start":{"line":90,"column":4},"end":{"line":90,"column":null}},"36":{"start":{"line":91,"column":4},"end":{"line":91,"column":null}},"37":{"start":{"line":92,"column":4},"end":{"line":92,"column":null}},"38":{"start":{"line":93,"column":4},"end":{"line":93,"column":null}},"39":{"start":{"line":94,"column":4},"end":{"line":94,"column":null}},"40":{"start":{"line":100,"column":14},"end":{"line":100,"column":44}},"41":{"start":{"line":102,"column":2},"end":{"line":120,"column":null}},"42":{"start":{"line":103,"column":4},"end":{"line":103,"column":null}},"43":{"start":{"line":111,"column":4},"end":{"line":119,"column":null}},"44":{"start":{"line":112,"column":6},"end":{"line":112,"column":null}},"45":{"start":{"line":113,"column":6},"end":{"line":113,"column":null}},"46":{"start":{"line":114,"column":6},"end":{"line":114,"column":17}},"47":{"start":{"line":114,"column":17},"end":{"line":114,"column":31}},"48":{"start":{"line":114,"column":31},"end":{"line":114,"column":null}},"49":{"start":{"line":115,"column":6},"end":{"line":115,"column":null}},"50":{"start":{"line":116,"column":6},"end":{"line":116,"column":null}},"51":{"start":{"line":117,"column":6},"end":{"line":117,"column":null}},"52":{"start":{"line":118,"column":6},"end":{"line":118,"column":null}},"53":{"start":{"line":120,"column":4},"end":{"line":120,"column":null}},"54":{"start":{"line":123,"column":2},"end":{"line":138,"column":null}},"55":{"start":{"line":124,"column":4},"end":{"line":129,"column":null}},"56":{"start":{"line":134,"column":4},"end":{"line":137,"column":null}},"57":{"start":{"line":135,"column":6},"end":{"line":135,"column":null}},"58":{"start":{"line":136,"column":6},"end":{"line":136,"column":null}},"59":{"start":{"line":138,"column":4},"end":{"line":138,"column":null}},"60":{"start":{"line":141,"column":2},"end":{"line":182,"column":null}},"61":{"start":{"line":142,"column":80},"end":{"line":147,"column":null}},"62":{"start":{"line":148,"column":4},"end":{"line":158,"column":null}},"63":{"start":{"line":152,"column":33},"end":{"line":158,"column":13}},"64":{"start":{"line":163,"column":4},"end":{"line":177,"column":null}},"65":{"start":{"line":164,"column":6},"end":{"line":176,"column":null}},"66":{"start":{"line":165,"column":20},"end":{"line":165,"column":null}},"67":{"start":{"line":166,"column":19},"end":{"line":166,"column":null}},"68":{"start":{"line":167,"column":8},"end":{"line":174,"column":null}},"69":{"start":{"line":168,"column":10},"end":{"line":168,"column":null}},"70":{"start":{"line":169,"column":10},"end":{"line":172,"column":null}},"71":{"start":{"line":170,"column":12},"end":{"line":170,"column":null}},"72":{"start":{"line":171,"column":21},"end":{"line":172,"column":null}},"73":{"start":{"line":172,"column":12},"end":{"line":172,"column":null}},"74":{"start":{"line":174,"column":10},"end":{"line":174,"column":null}},"75":{"start":{"line":178,"column":4},"end":{"line":181,"column":null}},"76":{"start":{"line":179,"column":6},"end":{"line":179,"column":null}},"77":{"start":{"line":180,"column":6},"end":{"line":180,"column":null}},"78":{"start":{"line":182,"column":4},"end":{"line":182,"column":null}},"79":{"start":{"line":185,"column":2},"end":{"line":203,"column":null}},"80":{"start":{"line":186,"column":4},"end":{"line":194,"column":null}},"81":{"start":{"line":199,"column":4},"end":{"line":202,"column":null}},"82":{"start":{"line":200,"column":6},"end":{"line":200,"column":null}},"83":{"start":{"line":201,"column":6},"end":{"line":201,"column":null}},"84":{"start":{"line":203,"column":4},"end":{"line":203,"column":null}},"85":{"start":{"line":207,"column":8},"end":{"line":207,"column":59}},"86":{"start":{"line":208,"column":8},"end":{"line":208,"column":59}},"87":{"start":{"line":209,"column":8},"end":{"line":209,"column":63}},"88":{"start":{"line":210,"column":8},"end":{"line":210,"column":62}},"89":{"start":{"line":213,"column":19},"end":{"line":220,"column":13}},"90":{"start":{"line":214,"column":4},"end":{"line":217,"column":null}},"91":{"start":{"line":215,"column":6},"end":{"line":215,"column":null}},"92":{"start":{"line":216,"column":15},"end":{"line":217,"column":null}},"93":{"start":{"line":217,"column":6},"end":{"line":217,"column":null}},"94":{"start":{"line":219,"column":4},"end":{"line":219,"column":null}},"95":{"start":{"line":222,"column":2},"end":{"line":267,"column":null}},"96":{"start":{"line":225,"column":56},"end":{"line":225,"column":235}},"97":{"start":{"line":272,"column":16},"end":{"line":272,"column":52}},"98":{"start":{"line":273,"column":2},"end":{"line":273,"column":null}},"99":{"start":{"line":275,"column":2},"end":{"line":335,"column":null}},"100":{"start":{"line":276,"column":16},"end":{"line":276,"column":41}},"101":{"start":{"line":277,"column":4},"end":{"line":277,"column":null}},"102":{"start":{"line":280,"column":4},"end":{"line":333,"column":null}},"103":{"start":{"line":281,"column":6},"end":{"line":281,"column":null}},"104":{"start":{"line":282,"column":6},"end":{"line":282,"column":null}},"105":{"start":{"line":283,"column":6},"end":{"line":283,"column":null}},"106":{"start":{"line":283,"column":28},"end":{"line":283,"column":null}},"107":{"start":{"line":286,"column":28},"end":{"line":286,"column":42}},"108":{"start":{"line":287,"column":6},"end":{"line":287,"column":null}},"109":{"start":{"line":288,"column":6},"end":{"line":288,"column":null}},"110":{"start":{"line":289,"column":6},"end":{"line":289,"column":null}},"111":{"start":{"line":292,"column":27},"end":{"line":292,"column":66}},"112":{"start":{"line":293,"column":26},"end":{"line":293,"column":64}},"113":{"start":{"line":294,"column":6},"end":{"line":294,"column":null}},"114":{"start":{"line":295,"column":6},"end":{"line":295,"column":null}},"115":{"start":{"line":295,"column":23},"end":{"line":295,"column":65}},"116":{"start":{"line":296,"column":6},"end":{"line":296,"column":null}},"117":{"start":{"line":297,"column":6},"end":{"line":297,"column":null}},"118":{"start":{"line":297,"column":23},"end":{"line":297,"column":58}},"119":{"start":{"line":300,"column":6},"end":{"line":300,"column":null}},"120":{"start":{"line":302,"column":6},"end":{"line":326,"column":null}},"121":{"start":{"line":304,"column":8},"end":{"line":304,"column":null}},"122":{"start":{"line":305,"column":8},"end":{"line":305,"column":null}},"123":{"start":{"line":306,"column":8},"end":{"line":306,"column":null}},"124":{"start":{"line":307,"column":8},"end":{"line":313,"column":null}},"125":{"start":{"line":309,"column":10},"end":{"line":313,"column":null}},"126":{"start":{"line":310,"column":12},"end":{"line":310,"column":null}},"127":{"start":{"line":312,"column":12},"end":{"line":312,"column":null}},"128":{"start":{"line":313,"column":12},"end":{"line":313,"column":null}},"129":{"start":{"line":318,"column":21},"end":{"line":318,"column":36}},"130":{"start":{"line":319,"column":8},"end":{"line":319,"column":null}},"131":{"start":{"line":320,"column":24},"end":{"line":320,"column":null}},"132":{"start":{"line":321,"column":8},"end":{"line":321,"column":null}},"133":{"start":{"line":322,"column":8},"end":{"line":322,"column":null}},"134":{"start":{"line":324,"column":8},"end":{"line":326,"column":null}},"135":{"start":{"line":325,"column":10},"end":{"line":325,"column":null}},"136":{"start":{"line":326,"column":10},"end":{"line":326,"column":null}},"137":{"start":{"line":330,"column":6},"end":{"line":330,"column":null}},"138":{"start":{"line":331,"column":15},"end":{"line":333,"column":null}},"139":{"start":{"line":333,"column":6},"end":{"line":333,"column":null}},"140":{"start":{"line":339,"column":13},"end":{"line":339,"column":42}},"141":{"start":{"line":340,"column":2},"end":{"line":340,"column":null}},"142":{"start":{"line":341,"column":2},"end":{"line":341,"column":null}},"143":{"start":{"line":342,"column":2},"end":{"line":342,"column":null}},"144":{"start":{"line":343,"column":2},"end":{"line":343,"column":null}},"145":{"start":{"line":344,"column":2},"end":{"line":344,"column":null}},"146":{"start":{"line":345,"column":2},"end":{"line":345,"column":null}},"147":{"start":{"line":345,"column":19},"end":{"line":345,"column":30}},"148":{"start":{"line":348,"column":0},"end":{"line":348,"column":null}}},"fnMap":{"0":{"name":"newPlayer","decl":{"start":{"line":34,"column":9},"end":{"line":34,"column":29}},"loc":{"start":{"line":34,"column":29},"end":{"line":39,"column":null}},"line":34},"1":{"name":"spawnMonster","decl":{"start":{"line":42,"column":9},"end":{"line":42,"column":33}},"loc":{"start":{"line":42,"column":33},"end":{"line":64,"column":null}},"line":42},"2":{"name":"totalAtk","decl":{"start":{"line":67,"column":9},"end":{"line":67,"column":28}},"loc":{"start":{"line":67,"column":28},"end":{"line":67,"column":null}},"line":67},"3":{"name":"totalDef","decl":{"start":{"line":68,"column":9},"end":{"line":68,"column":28}},"loc":{"start":{"line":68,"column":28},"end":{"line":68,"column":null}},"line":68},"4":{"name":"playerAttack","decl":{"start":{"line":70,"column":9},"end":{"line":70,"column":56}},"loc":{"start":{"line":70,"column":56},"end":{"line":74,"column":null}},"line":70},"5":{"name":"monsterAttack","decl":{"start":{"line":77,"column":9},"end":{"line":77,"column":33}},"loc":{"start":{"line":77,"column":33},"end":{"line":79,"column":null}},"line":77},"6":{"name":"addExp","decl":{"start":{"line":82,"column":9},"end":{"line":82,"column":16}},"loc":{"start":{"line":82,"column":32},"end":{"line":94,"column":null}},"line":82},"7":{"name":"render","decl":{"start":{"line":99,"column":9},"end":{"line":99,"column":18}},"loc":{"start":{"line":99,"column":18},"end":{"line":335,"column":null}},"line":99},"8":{"name":"(anonymous_8)","decl":{"start":{"line":111,"column":58},"end":{"line":111,"column":73}},"loc":{"start":{"line":111,"column":73},"end":{"line":119,"column":null}},"line":111},"9":{"name":"(anonymous_9)","decl":{"start":{"line":134,"column":61},"end":{"line":134,"column":76}},"loc":{"start":{"line":134,"column":76},"end":{"line":137,"column":null}},"line":134},"10":{"name":"(anonymous_10)","decl":{"start":{"line":152,"column":18},"end":{"line":152,"column":23}},"loc":{"start":{"line":152,"column":33},"end":{"line":158,"column":13}},"line":152},"11":{"name":"(anonymous_11)","decl":{"start":{"line":163,"column":44},"end":{"line":163,"column":52}},"loc":{"start":{"line":163,"column":58},"end":{"line":177,"column":null}},"line":163},"12":{"name":"(anonymous_12)","decl":{"start":{"line":164,"column":26},"end":{"line":164,"column":41}},"loc":{"start":{"line":164,"column":41},"end":{"line":176,"column":null}},"line":164},"13":{"name":"(anonymous_13)","decl":{"start":{"line":178,"column":59},"end":{"line":178,"column":74}},"loc":{"start":{"line":178,"column":74},"end":{"line":181,"column":null}},"line":178},"14":{"name":"(anonymous_14)","decl":{"start":{"line":199,"column":58},"end":{"line":199,"column":73}},"loc":{"start":{"line":199,"column":73},"end":{"line":202,"column":null}},"line":199},"15":{"name":"(anonymous_15)","decl":{"start":{"line":213,"column":42},"end":{"line":213,"column":47}},"loc":{"start":{"line":213,"column":57},"end":{"line":220,"column":5}},"line":213},"16":{"name":"(anonymous_16)","decl":{"start":{"line":225,"column":51},"end":{"line":225,"column":56}},"loc":{"start":{"line":225,"column":56},"end":{"line":225,"column":235}},"line":225},"17":{"name":"(anonymous_17)","decl":{"start":{"line":275,"column":25},"end":{"line":275,"column":40}},"loc":{"start":{"line":275,"column":40},"end":{"line":335,"column":null}},"line":275},"18":{"name":"(anonymous_18)","decl":{"start":{"line":295,"column":6},"end":{"line":295,"column":23}},"loc":{"start":{"line":295,"column":23},"end":{"line":295,"column":65}},"line":295},"19":{"name":"(anonymous_19)","decl":{"start":{"line":297,"column":6},"end":{"line":297,"column":23}},"loc":{"start":{"line":297,"column":23},"end":{"line":297,"column":58}},"line":297},"20":{"name":"showDmgNum","decl":{"start":{"line":338,"column":9},"end":{"line":338,"column":20}},"loc":{"start":{"line":338,"column":74},"end":{"line":345,"column":null}},"line":338},"21":{"name":"(anonymous_21)","decl":{"start":{"line":345,"column":2},"end":{"line":345,"column":19}},"loc":{"start":{"line":345,"column":19},"end":{"line":345,"column":30}},"line":345}},"branchMap":{"0":{"loc":{"start":{"line":45,"column":16},"end":{"line":45,"column":null}},"type":"cond-expr","locations":[{"start":{"line":45,"column":25},"end":{"line":45,"column":38}},{"start":{"line":45,"column":38},"end":{"line":45,"column":null}}],"line":45},"1":{"loc":{"start":{"line":45,"column":38},"end":{"line":45,"column":null}},"type":"cond-expr","locations":[{"start":{"line":45,"column":51},"end":{"line":45,"column":64}},{"start":{"line":45,"column":64},"end":{"line":45,"column":null}}],"line":45},"2":{"loc":{"start":{"line":45,"column":64},"end":{"line":45,"column":null}},"type":"cond-expr","locations":[{"start":{"line":45,"column":77},"end":{"line":45,"column":92}},{"start":{"line":45,"column":92},"end":{"line":45,"column":null}}],"line":45},"3":{"loc":{"start":{"line":47,"column":21},"end":{"line":47,"column":null}},"type":"cond-expr","locations":[{"start":{"line":47,"column":30},"end":{"line":47,"column":34}},{"start":{"line":47,"column":34},"end":{"line":47,"column":null}}],"line":47},"4":{"loc":{"start":{"line":50,"column":17},"end":{"line":50,"column":null}},"type":"cond-expr","locations":[{"start":{"line":50,"column":26},"end":{"line":50,"column":55}},{"start":{"line":50,"column":55},"end":{"line":50,"column":null}}],"line":50},"5":{"loc":{"start":{"line":54,"column":10},"end":{"line":54,"column":null}},"type":"cond-expr","locations":[{"start":{"line":54,"column":19},"end":{"line":54,"column":39}},{"start":{"line":54,"column":39},"end":{"line":54,"column":null}}],"line":54},"6":{"loc":{"start":{"line":73,"column":27},"end":{"line":73,"column":53}},"type":"cond-expr","locations":[{"start":{"line":73,"column":34},"end":{"line":73,"column":45}},{"start":{"line":73,"column":45},"end":{"line":73,"column":53}}],"line":73},"7":{"loc":{"start":{"line":102,"column":2},"end":{"line":120,"column":null}},"type":"if","locations":[{"start":{"line":102,"column":2},"end":{"line":120,"column":null}},{"start":{},"end":{}}],"line":102},"8":{"loc":{"start":{"line":123,"column":2},"end":{"line":138,"column":null}},"type":"if","locations":[{"start":{"line":123,"column":2},"end":{"line":138,"column":null}},{"start":{},"end":{}}],"line":123},"9":{"loc":{"start":{"line":141,"column":2},"end":{"line":182,"column":null}},"type":"if","locations":[{"start":{"line":141,"column":2},"end":{"line":182,"column":null}},{"start":{},"end":{}}],"line":141},"10":{"loc":{"start":{"line":156,"column":40},"end":{"line":156,"column":80}},"type":"cond-expr","locations":[{"start":{"line":156,"column":64},"end":{"line":156,"column":77}},{"start":{"line":156,"column":77},"end":{"line":156,"column":80}}],"line":156},"11":{"loc":{"start":{"line":167,"column":8},"end":{"line":174,"column":null}},"type":"if","locations":[{"start":{"line":167,"column":8},"end":{"line":174,"column":null}},{"start":{},"end":{}}],"line":167},"12":{"loc":{"start":{"line":169,"column":10},"end":{"line":172,"column":null}},"type":"if","locations":[{"start":{"line":169,"column":10},"end":{"line":172,"column":null}},{"start":{"line":171,"column":21},"end":{"line":172,"column":null}}],"line":169},"13":{"loc":{"start":{"line":171,"column":21},"end":{"line":172,"column":null}},"type":"if","locations":[{"start":{"line":171,"column":21},"end":{"line":172,"column":null}},{"start":{},"end":{}}],"line":171},"14":{"loc":{"start":{"line":171,"column":21},"end":{"line":171,"column":89}},"type":"binary-expr","locations":[{"start":{"line":171,"column":21},"end":{"line":171,"column":44}},{"start":{"line":171,"column":44},"end":{"line":171,"column":68}},{"start":{"line":171,"column":68},"end":{"line":171,"column":89}}],"line":171},"15":{"loc":{"start":{"line":185,"column":2},"end":{"line":203,"column":null}},"type":"if","locations":[{"start":{"line":185,"column":2},"end":{"line":203,"column":null}},{"start":{},"end":{}}],"line":185},"16":{"loc":{"start":{"line":214,"column":4},"end":{"line":217,"column":null}},"type":"if","locations":[{"start":{"line":214,"column":4},"end":{"line":217,"column":null}},{"start":{"line":216,"column":15},"end":{"line":217,"column":null}}],"line":214},"17":{"loc":{"start":{"line":215,"column":13},"end":{"line":215,"column":null}},"type":"cond-expr","locations":[{"start":{"line":215,"column":31},"end":{"line":215,"column":70}},{"start":{"line":215,"column":70},"end":{"line":215,"column":null}}],"line":215},"18":{"loc":{"start":{"line":216,"column":15},"end":{"line":217,"column":null}},"type":"if","locations":[{"start":{"line":216,"column":15},"end":{"line":217,"column":null}},{"start":{},"end":{}}],"line":216},"19":{"loc":{"start":{"line":249,"column":33},"end":{"line":249,"column":79}},"type":"cond-expr","locations":[{"start":{"line":249,"column":50},"end":{"line":249,"column":64}},{"start":{"line":249,"column":64},"end":{"line":249,"column":79}}],"line":249},"20":{"loc":{"start":{"line":252,"column":8},"end":{"line":252,"column":null}},"type":"cond-expr","locations":[{"start":{"line":252,"column":20},"end":{"line":252,"column":69}},{"start":{"line":252,"column":69},"end":{"line":252,"column":null}}],"line":252},"21":{"loc":{"start":{"line":280,"column":4},"end":{"line":333,"column":null}},"type":"if","locations":[{"start":{"line":280,"column":4},"end":{"line":333,"column":null}},{"start":{"line":331,"column":15},"end":{"line":333,"column":null}}],"line":280},"22":{"loc":{"start":{"line":283,"column":6},"end":{"line":283,"column":null}},"type":"if","locations":[{"start":{"line":283,"column":6},"end":{"line":283,"column":null}},{"start":{},"end":{}}],"line":283},"23":{"loc":{"start":{"line":302,"column":6},"end":{"line":326,"column":null}},"type":"if","locations":[{"start":{"line":302,"column":6},"end":{"line":326,"column":null}},{"start":{"line":316,"column":13},"end":{"line":326,"column":null}}],"line":302},"24":{"loc":{"start":{"line":307,"column":8},"end":{"line":313,"column":null}},"type":"if","locations":[{"start":{"line":307,"column":8},"end":{"line":313,"column":null}},{"start":{},"end":{}}],"line":307},"25":{"loc":{"start":{"line":309,"column":10},"end":{"line":313,"column":null}},"type":"if","locations":[{"start":{"line":309,"column":10},"end":{"line":313,"column":null}},{"start":{"line":311,"column":17},"end":{"line":313,"column":null}}],"line":309},"26":{"loc":{"start":{"line":324,"column":8},"end":{"line":326,"column":null}},"type":"if","locations":[{"start":{"line":324,"column":8},"end":{"line":326,"column":null}},{"start":{},"end":{}}],"line":324},"27":{"loc":{"start":{"line":331,"column":15},"end":{"line":333,"column":null}},"type":"if","locations":[{"start":{"line":331,"column":15},"end":{"line":333,"column":null}},{"start":{},"end":{}}],"line":331},"28":{"loc":{"start":{"line":331,"column":15},"end":{"line":331,"column":62}},"type":"binary-expr","locations":[{"start":{"line":331,"column":15},"end":{"line":331,"column":33}},{"start":{"line":331,"column":33},"end":{"line":331,"column":62}}],"line":331},"29":{"loc":{"start":{"line":340,"column":28},"end":{"line":340,"column":75}},"type":"cond-expr","locations":[{"start":{"line":340,"column":48},"end":{"line":340,"column":63}},{"start":{"line":340,"column":63},"end":{"line":340,"column":75}}],"line":340},"30":{"loc":{"start":{"line":340,"column":78},"end":{"line":340,"column":null}},"type":"cond-expr","locations":[{"start":{"line":340,"column":85},"end":{"line":340,"column":94}},{"start":{"line":340,"column":94},"end":{"line":340,"column":null}}],"line":340},"31":{"loc":{"start":{"line":341,"column":19},"end":{"line":341,"column":null}},"type":"cond-expr","locations":[{"start":{"line":341,"column":26},"end":{"line":341,"column":39}},{"start":{"line":341,"column":39},"end":{"line":341,"column":null}}],"line":341},"32":{"loc":{"start":{"line":342,"column":18},"end":{"line":342,"column":null}},"type":"cond-expr","locations":[{"start":{"line":342,"column":38},"end":{"line":342,"column":46}},{"start":{"line":342,"column":46},"end":{"line":342,"column":null}}],"line":342}},"s":{"0":1,"1":1,"2":1,"3":1,"4":1,"5":1,"6":1,"7":1,"8":1,"9":1,"10":0,"11":0,"12":0,"13":0,"14":0,"15":0,"16":0,"17":0,"18":0,"19":0,"20":0,"21":0,"22":0,"23":0,"24":0,"25":0,"26":0,"27":0,"28":0,"29":0,"30":0,"31":0,"32":0,"33":0,"34":0,"35":0,"36":0,"37":0,"38":0,"39":0,"40":1,"41":1,"42":1,"43":1,"44":0,"45":0,"46":0,"47":0,"48":0,"49":0,"50":0,"51":0,"52":0,"53":1,"54":0,"55":0,"56":0,"57":0,"58":0,"59":0,"60":0,"61":0,"62":0,"63":0,"64":0,"65":0,"66":0,"67":0,"68":0,"69":0,"70":0,"71":0,"72":0,"73":0,"74":0,"75":0,"76":0,"77":0,"78":0,"79":0,"80":0,"81":0,"82":0,"83":0,"84":0,"85":0,"86":0,"87":0,"88":0,"89":0,"90":0,"91":0,"92":0,"93":0,"94":0,"95":0,"96":0,"97":1,"98":1,"99":1,"100":0,"101":0,"102":0,"103":0,"104":0,"105":0,"106":0,"107":0,"108":0,"109":0,"110":0,"111":0,"112":0,"113":0,"114":0,"115":0,"116":0,"117":0,"118":0,"119":0,"120":0,"121":0,"122":0,"123":0,"124":0,"125":0,"126":0,"127":0,"128":0,"129":0,"130":0,"131":0,"132":0,"133":0,"134":0,"135":0,"136":0,"137":0,"138":0,"139":0,"140":0,"141":0,"142":0,"143":0,"144":0,"145":0,"146":0,"147":0,"148":1},"f":{"0":0,"1":0,"2":0,"3":0,"4":0,"5":0,"6":0,"7":1,"8":0,"9":0,"10":0,"11":0,"12":0,"13":0,"14":0,"15":0,"16":0,"17":0,"18":0,"19":0,"20":0,"21":0},"b":{"0":[0,0],"1":[0,0],"2":[0,0],"3":[0,0],"4":[0,0],"5":[0,0],"6":[0,0],"7":[1,0],"8":[0,0],"9":[0,0],"10":[0,0],"11":[0,0],"12":[0,0],"13":[0,0],"14":[0,0,0],"15":[0,0],"16":[0,0],"17":[0,0],"18":[0,0],"19":[0,0],"20":[0,0],"21":[0,0],"22":[0,0],"23":[0,0],"24":[0,0],"25":[0,0],"26":[0,0],"27":[0,0],"28":[0,0],"29":[0,0],"30":[0,0],"31":[0,0],"32":[0,0]},"meta":{"lastBranch":33,"lastFunction":22,"lastStatement":149,"seen":{"s:4:19:4:Infinity":0,"s:5:21:5:Infinity":1,"s:6:19:6:Infinity":2,"s:7:19:7:Infinity":3,"s:25:23:25:Infinity":4,"s:28:12:28:Infinity":5,"s:29:12:29:Infinity":6,"s:30:15:30:Infinity":7,"s:31:17:31:Infinity":8,"s:32:12:32:Infinity":9,"f:34:9:34:29":0,"s:35:2:39:Infinity":10,"f:42:9:42:33":1,"s:43:17:43:Infinity":11,"s:44:15:44:49":12,"s:45:16:45:Infinity":13,"b:45:25:45:38:45:38:45:Infinity":0,"b:45:51:45:64:45:64:45:Infinity":1,"b:45:77:45:92:45:92:45:Infinity":2,"s:46:15:46:Infinity":14,"s:47:21:47:Infinity":15,"b:47:30:47:34:47:34:47:Infinity":3,"s:48:19:48:Infinity":16,"s:50:17:50:Infinity":17,"b:50:26:50:55:50:55:50:Infinity":4,"s:51:16:51:Infinity":18,"s:53:2:64:Infinity":19,"b:54:19:54:39:54:39:54:Infinity":5,"f:67:9:67:28":2,"s:67:30:67:Infinity":20,"f:68:9:68:28":3,"s:68:30:68:Infinity":21,"f:70:9:70:56":4,"s:71:15:71:57":22,"s:72:15:72:Infinity":23,"s:73:14:73:65":24,"b:73:34:73:45:73:45:73:53":6,"s:74:2:74:Infinity":25,"f:77:9:77:33":5,"s:78:15:78:58":26,"s:79:2:79:Infinity":27,"f:82:9:82:16":6,"s:83:2:83:Infinity":28,"s:84:2:94:Infinity":29,"s:85:4:85:Infinity":30,"s:86:4:86:Infinity":31,"s:87:4:87:Infinity":32,"s:88:4:88:Infinity":33,"s:89:4:89:Infinity":34,"s:90:4:90:Infinity":35,"s:91:4:91:Infinity":36,"s:92:4:92:Infinity":37,"s:93:4:93:Infinity":38,"s:94:4:94:Infinity":39,"f:99:9:99:18":7,"s:100:14:100:44":40,"b:102:2:120:Infinity:undefined:undefined:undefined:undefined":7,"s:102:2:120:Infinity":41,"s:103:4:103:Infinity":42,"s:111:4:119:Infinity":43,"f:111:58:111:73":8,"s:112:6:112:Infinity":44,"s:113:6:113:Infinity":45,"s:114:6:114:17":46,"s:114:17:114:31":47,"s:114:31:114:Infinity":48,"s:115:6:115:Infinity":49,"s:116:6:116:Infinity":50,"s:117:6:117:Infinity":51,"s:118:6:118:Infinity":52,"s:120:4:120:Infinity":53,"b:123:2:138:Infinity:undefined:undefined:undefined:undefined":8,"s:123:2:138:Infinity":54,"s:124:4:129:Infinity":55,"s:134:4:137:Infinity":56,"f:134:61:134:76":9,"s:135:6:135:Infinity":57,"s:136:6:136:Infinity":58,"s:138:4:138:Infinity":59,"b:141:2:182:Infinity:undefined:undefined:undefined:undefined":9,"s:141:2:182:Infinity":60,"s:142:80:147:Infinity":61,"s:148:4:158:Infinity":62,"f:152:18:152:23":10,"s:152:33:158:13":63,"b:156:64:156:77:156:77:156:80":10,"s:163:4:177:Infinity":64,"f:163:44:163:52":11,"s:164:6:176:Infinity":65,"f:164:26:164:41":12,"s:165:20:165:Infinity":66,"s:166:19:166:Infinity":67,"b:167:8:174:Infinity:undefined:undefined:undefined:undefined":11,"s:167:8:174:Infinity":68,"s:168:10:168:Infinity":69,"b:169:10:172:Infinity:171:21:172:Infinity":12,"s:169:10:172:Infinity":70,"s:170:12:170:Infinity":71,"b:171:21:172:Infinity:undefined:undefined:undefined:undefined":13,"s:171:21:172:Infinity":72,"b:171:21:171:44:171:44:171:68:171:68:171:89":14,"s:172:12:172:Infinity":73,"s:174:10:174:Infinity":74,"s:178:4:181:Infinity":75,"f:178:59:178:74":13,"s:179:6:179:Infinity":76,"s:180:6:180:Infinity":77,"s:182:4:182:Infinity":78,"b:185:2:203:Infinity:undefined:undefined:undefined:undefined":15,"s:185:2:203:Infinity":79,"s:186:4:194:Infinity":80,"s:199:4:202:Infinity":81,"f:199:58:199:73":14,"s:200:6:200:Infinity":82,"s:201:6:201:Infinity":83,"s:203:4:203:Infinity":84,"s:207:8:207:59":85,"s:208:8:208:59":86,"s:209:8:209:63":87,"s:210:8:210:62":88,"s:213:19:220:13":89,"f:213:42:213:47":15,"b:214:4:217:Infinity:216:15:217:Infinity":16,"s:214:4:217:Infinity":90,"s:215:6:215:Infinity":91,"b:215:31:215:70:215:70:215:Infinity":17,"b:216:15:217:Infinity:undefined:undefined:undefined:undefined":18,"s:216:15:217:Infinity":92,"s:217:6:217:Infinity":93,"s:219:4:219:Infinity":94,"s:222:2:267:Infinity":95,"f:225:51:225:56":16,"s:225:56:225:235":96,"b:249:50:249:64:249:64:249:79":19,"b:252:20:252:69:252:69:252:Infinity":20,"s:272:16:272:52":97,"s:273:2:273:Infinity":98,"s:275:2:335:Infinity":99,"f:275:25:275:40":17,"s:276:16:276:41":100,"s:277:4:277:Infinity":101,"b:280:4:333:Infinity:331:15:333:Infinity":21,"s:280:4:333:Infinity":102,"s:281:6:281:Infinity":103,"s:282:6:282:Infinity":104,"b:283:6:283:Infinity:undefined:undefined:undefined:undefined":22,"s:283:6:283:Infinity":105,"s:283:28:283:Infinity":106,"s:286:28:286:42":107,"s:287:6:287:Infinity":108,"s:288:6:288:Infinity":109,"s:289:6:289:Infinity":110,"s:292:27:292:66":111,"s:293:26:293:64":112,"s:294:6:294:Infinity":113,"s:295:6:295:Infinity":114,"f:295:6:295:23":18,"s:295:23:295:65":115,"s:296:6:296:Infinity":116,"s:297:6:297:Infinity":117,"f:297:6:297:23":19,"s:297:23:297:58":118,"s:300:6:300:Infinity":119,"b:302:6:326:Infinity:316:13:326:Infinity":23,"s:302:6:326:Infinity":120,"s:304:8:304:Infinity":121,"s:305:8:305:Infinity":122,"s:306:8:306:Infinity":123,"b:307:8:313:Infinity:undefined:undefined:undefined:undefined":24,"s:307:8:313:Infinity":124,"b:309:10:313:Infinity:311:17:313:Infinity":25,"s:309:10:313:Infinity":125,"s:310:12:310:Infinity":126,"s:312:12:312:Infinity":127,"s:313:12:313:Infinity":128,"s:318:21:318:36":129,"s:319:8:319:Infinity":130,"s:320:24:320:Infinity":131,"s:321:8:321:Infinity":132,"s:322:8:322:Infinity":133,"b:324:8:326:Infinity:undefined:undefined:undefined:undefined":26,"s:324:8:326:Infinity":134,"s:325:10:325:Infinity":135,"s:326:10:326:Infinity":136,"s:330:6:330:Infinity":137,"b:331:15:333:Infinity:undefined:undefined:undefined:undefined":27,"s:331:15:333:Infinity":138,"b:331:15:331:33:331:33:331:62":28,"s:333:6:333:Infinity":139,"f:338:9:338:20":20,"s:339:13:339:42":140,"s:340:2:340:Infinity":141,"b:340:48:340:63:340:63:340:75":29,"b:340:85:340:94:340:94:340:Infinity":30,"s:341:2:341:Infinity":142,"b:341:26:341:39:341:39:341:Infinity":31,"s:342:2:342:Infinity":143,"b:342:38:342:46:342:46:342:Infinity":32,"s:343:2:343:Infinity":144,"s:344:2:344:Infinity":145,"s:345:2:345:Infinity":146,"f:345:2:345:19":21,"s:345:19:345:30":147,"s:348:0:348:Infinity":148}}}
}
