{"/root/projects/app-hub/apps/tools/md-editor/src/main.ts": {"path":"/root/projects/app-hub/apps/tools/md-editor/src/main.ts","statementMap":{"0":{"start":{"line":5,"column":20},"end":{"line":5,"column":null}},"1":{"start":{"line":6,"column":15},"end":{"line":6,"column":null}},"2":{"start":{"line":43,"column":14},"end":{"line":43,"column":null}},"3":{"start":{"line":44,"column":17},"end":{"line":44,"column":null}},"4":{"start":{"line":45,"column":18},"end":{"line":45,"column":null}},"5":{"start":{"line":49,"column":13},"end":{"line":49,"column":null}},"6":{"start":{"line":52,"column":2},"end":{"line":54,"column":null}},"7":{"start":{"line":53,"column":4},"end":{"line":53,"column":null}},"8":{"start":{"line":57,"column":2},"end":{"line":57,"column":null}},"9":{"start":{"line":60,"column":2},"end":{"line":60,"column":null}},"10":{"start":{"line":61,"column":2},"end":{"line":61,"column":null}},"11":{"start":{"line":62,"column":2},"end":{"line":62,"column":null}},"12":{"start":{"line":63,"column":2},"end":{"line":63,"column":null}},"13":{"start":{"line":64,"column":2},"end":{"line":64,"column":null}},"14":{"start":{"line":65,"column":2},"end":{"line":65,"column":null}},"15":{"start":{"line":68,"column":2},"end":{"line":68,"column":null}},"16":{"start":{"line":69,"column":2},"end":{"line":69,"column":null}},"17":{"start":{"line":70,"column":2},"end":{"line":70,"column":null}},"18":{"start":{"line":71,"column":2},"end":{"line":71,"column":null}},"19":{"start":{"line":74,"column":2},"end":{"line":74,"column":null}},"20":{"start":{"line":75,"column":2},"end":{"line":75,"column":null}},"21":{"start":{"line":78,"column":2},"end":{"line":81,"column":null}},"22":{"start":{"line":79,"column":18},"end":{"line":79,"column":53}},"23":{"start":{"line":80,"column":4},"end":{"line":80,"column":null}},"24":{"start":{"line":84,"column":2},"end":{"line":84,"column":null}},"25":{"start":{"line":87,"column":2},"end":{"line":87,"column":null}},"26":{"start":{"line":88,"column":2},"end":{"line":88,"column":null}},"27":{"start":{"line":88,"column":56},"end":{"line":88,"column":90}},"28":{"start":{"line":91,"column":2},"end":{"line":91,"column":null}},"29":{"start":{"line":94,"column":2},"end":{"line":101,"column":null}},"30":{"start":{"line":95,"column":20},"end":{"line":95,"column":121}},"31":{"start":{"line":95,"column":60},"end":{"line":95,"column":68}},"32":{"start":{"line":95,"column":89},"end":{"line":95,"column":112}},"33":{"start":{"line":96,"column":17},"end":{"line":99,"column":15}},"34":{"start":{"line":97,"column":20},"end":{"line":97,"column":118}},"35":{"start":{"line":97,"column":57},"end":{"line":97,"column":65}},"36":{"start":{"line":97,"column":86},"end":{"line":97,"column":109}},"37":{"start":{"line":98,"column":6},"end":{"line":98,"column":null}},"38":{"start":{"line":100,"column":4},"end":{"line":100,"column":null}},"39":{"start":{"line":104,"column":2},"end":{"line":104,"column":null}},"40":{"start":{"line":106,"column":2},"end":{"line":106,"column":null}},"41":{"start":{"line":110,"column":2},"end":{"line":110,"column":null}},"42":{"start":{"line":114,"column":12},"end":{"line":114,"column":42}},"43":{"start":{"line":115,"column":14},"end":{"line":115,"column":null}},"44":{"start":{"line":116,"column":14},"end":{"line":116,"column":null}},"45":{"start":{"line":119,"column":22},"end":{"line":119,"column":38}},"46":{"start":{"line":121,"column":2},"end":{"line":151,"column":null}},"47":{"start":{"line":155,"column":2},"end":{"line":155,"column":null}},"48":{"start":{"line":159,"column":17},"end":{"line":159,"column":53}},"49":{"start":{"line":160,"column":18},"end":{"line":160,"column":55}},"50":{"start":{"line":162,"column":2},"end":{"line":170,"column":null}},"51":{"start":{"line":163,"column":4},"end":{"line":163,"column":null}},"52":{"start":{"line":164,"column":4},"end":{"line":164,"column":null}},"53":{"start":{"line":164,"column":17},"end":{"line":164,"column":null}},"54":{"start":{"line":165,"column":4},"end":{"line":165,"column":null}},"55":{"start":{"line":167,"column":14},"end":{"line":167,"column":null}},"56":{"start":{"line":168,"column":19},"end":{"line":168,"column":55}},"57":{"start":{"line":169,"column":4},"end":{"line":169,"column":null}},"58":{"start":{"line":169,"column":16},"end":{"line":169,"column":null}},"59":{"start":{"line":173,"column":2},"end":{"line":194,"column":null}},"60":{"start":{"line":174,"column":4},"end":{"line":193,"column":null}},"61":{"start":{"line":175,"column":19},"end":{"line":175,"column":null}},"62":{"start":{"line":176,"column":20},"end":{"line":176,"column":null}},"63":{"start":{"line":177,"column":18},"end":{"line":177,"column":null}},"64":{"start":{"line":178,"column":18},"end":{"line":178,"column":43}},"65":{"start":{"line":179,"column":19},"end":{"line":179,"column":null}},"66":{"start":{"line":180,"column":6},"end":{"line":186,"column":null}},"67":{"start":{"line":181,"column":21},"end":{"line":181,"column":52}},"68":{"start":{"line":181,"column":52},"end":{"line":181,"column":null}},"69":{"start":{"line":182,"column":23},"end":{"line":182,"column":52}},"70":{"start":{"line":182,"column":52},"end":{"line":182,"column":null}},"71":{"start":{"line":183,"column":24},"end":{"line":183,"column":54}},"72":{"start":{"line":183,"column":54},"end":{"line":183,"column":null}},"73":{"start":{"line":184,"column":21},"end":{"line":184,"column":57}},"74":{"start":{"line":184,"column":57},"end":{"line":184,"column":null}},"75":{"start":{"line":185,"column":21},"end":{"line":185,"column":108}},"76":{"start":{"line":185,"column":108},"end":{"line":185,"column":null}},"77":{"start":{"line":186,"column":21},"end":{"line":186,"column":51}},"78":{"start":{"line":186,"column":51},"end":{"line":186,"column":null}},"79":{"start":{"line":188,"column":6},"end":{"line":188,"column":null}},"80":{"start":{"line":189,"column":6},"end":{"line":189,"column":null}},"81":{"start":{"line":190,"column":6},"end":{"line":190,"column":null}},"82":{"start":{"line":191,"column":6},"end":{"line":191,"column":null}},"83":{"start":{"line":192,"column":6},"end":{"line":192,"column":null}},"84":{"start":{"line":196,"column":2},"end":{"line":199,"column":null}},"85":{"start":{"line":197,"column":4},"end":{"line":197,"column":null}},"86":{"start":{"line":198,"column":4},"end":{"line":198,"column":null}},"87":{"start":{"line":201,"column":2},"end":{"line":204,"column":null}},"88":{"start":{"line":202,"column":17},"end":{"line":202,"column":null}},"89":{"start":{"line":203,"column":4},"end":{"line":203,"column":null}},"90":{"start":{"line":206,"column":2},"end":{"line":208,"column":null}},"91":{"start":{"line":207,"column":4},"end":{"line":207,"column":null}},"92":{"start":{"line":210,"column":2},"end":{"line":214,"column":null}},"93":{"start":{"line":211,"column":4},"end":{"line":211,"column":null}},"94":{"start":{"line":212,"column":4},"end":{"line":212,"column":null}},"95":{"start":{"line":213,"column":4},"end":{"line":213,"column":null}},"96":{"start":{"line":218,"column":15},"end":{"line":218,"column":41}},"97":{"start":{"line":219,"column":14},"end":{"line":219,"column":39}},"98":{"start":{"line":220,"column":12},"end":{"line":220,"column":39}},"99":{"start":{"line":221,"column":2},"end":{"line":221,"column":16}},"100":{"start":{"line":221,"column":16},"end":{"line":221,"column":39}},"101":{"start":{"line":221,"column":39},"end":{"line":221,"column":null}},"102":{"start":{"line":222,"column":2},"end":{"line":222,"column":null}},"103":{"start":{"line":225,"column":0},"end":{"line":225,"column":null}}},"fnMap":{"0":{"name":"parseMD","decl":{"start":{"line":48,"column":9},"end":{"line":48,"column":17}},"loc":{"start":{"line":48,"column":37},"end":{"line":106,"column":null}},"line":48},"1":{"name":"(anonymous_1)","decl":{"start":{"line":52,"column":22},"end":{"line":52,"column":51}},"loc":{"start":{"line":52,"column":69},"end":{"line":54,"column":null}},"line":52},"2":{"name":"(anonymous_2)","decl":{"start":{"line":78,"column":22},"end":{"line":78,"column":44}},"loc":{"start":{"line":78,"column":54},"end":{"line":81,"column":null}},"line":78},"3":{"name":"(anonymous_3)","decl":{"start":{"line":88,"column":22},"end":{"line":88,"column":46}},"loc":{"start":{"line":88,"column":56},"end":{"line":88,"column":90}},"line":88},"4":{"name":"(anonymous_4)","decl":{"start":{"line":94,"column":22},"end":{"line":94,"column":72}},"loc":{"start":{"line":94,"column":103},"end":{"line":101,"column":null}},"line":94},"5":{"name":"(anonymous_5)","decl":{"start":{"line":95,"column":38},"end":{"line":95,"column":46}},"loc":{"start":{"line":95,"column":60},"end":{"line":95,"column":68}},"line":95},"6":{"name":"(anonymous_6)","decl":{"start":{"line":95,"column":70},"end":{"line":95,"column":75}},"loc":{"start":{"line":95,"column":89},"end":{"line":95,"column":112}},"line":95},"7":{"name":"(anonymous_7)","decl":{"start":{"line":96,"column":41},"end":{"line":96,"column":46}},"loc":{"start":{"line":96,"column":62},"end":{"line":99,"column":7}},"line":96},"8":{"name":"(anonymous_8)","decl":{"start":{"line":97,"column":35},"end":{"line":97,"column":43}},"loc":{"start":{"line":97,"column":57},"end":{"line":97,"column":65}},"line":97},"9":{"name":"(anonymous_9)","decl":{"start":{"line":97,"column":67},"end":{"line":97,"column":72}},"loc":{"start":{"line":97,"column":86},"end":{"line":97,"column":109}},"line":97},"10":{"name":"escapeHtml","decl":{"start":{"line":109,"column":9},"end":{"line":109,"column":20}},"loc":{"start":{"line":109,"column":39},"end":{"line":110,"column":null}},"line":109},"11":{"name":"render","decl":{"start":{"line":118,"column":9},"end":{"line":118,"column":24}},"loc":{"start":{"line":118,"column":24},"end":{"line":155,"column":null}},"line":118},"12":{"name":"bindEvents","decl":{"start":{"line":158,"column":9},"end":{"line":158,"column":28}},"loc":{"start":{"line":158,"column":28},"end":{"line":214,"column":null}},"line":158},"13":{"name":"(anonymous_13)","decl":{"start":{"line":162,"column":27},"end":{"line":162,"column":42}},"loc":{"start":{"line":162,"column":42},"end":{"line":170,"column":null}},"line":162},"14":{"name":"(anonymous_14)","decl":{"start":{"line":173,"column":54},"end":{"line":173,"column":62}},"loc":{"start":{"line":173,"column":69},"end":{"line":194,"column":null}},"line":173},"15":{"name":"(anonymous_15)","decl":{"start":{"line":174,"column":25},"end":{"line":174,"column":40}},"loc":{"start":{"line":174,"column":40},"end":{"line":193,"column":null}},"line":174},"16":{"name":"(anonymous_16)","decl":{"start":{"line":196,"column":65},"end":{"line":196,"column":80}},"loc":{"start":{"line":196,"column":80},"end":{"line":199,"column":null}},"line":196},"17":{"name":"(anonymous_17)","decl":{"start":{"line":201,"column":62},"end":{"line":201,"column":77}},"loc":{"start":{"line":201,"column":77},"end":{"line":204,"column":null}},"line":201},"18":{"name":"(anonymous_18)","decl":{"start":{"line":206,"column":60},"end":{"line":206,"column":75}},"loc":{"start":{"line":206,"column":75},"end":{"line":208,"column":null}},"line":206},"19":{"name":"(anonymous_19)","decl":{"start":{"line":210,"column":56},"end":{"line":210,"column":71}},"loc":{"start":{"line":210,"column":71},"end":{"line":214,"column":null}},"line":210},"20":{"name":"download","decl":{"start":{"line":217,"column":9},"end":{"line":217,"column":18}},"loc":{"start":{"line":217,"column":70},"end":{"line":222,"column":null}},"line":217}},"branchMap":{"0":{"loc":{"start":{"line":43,"column":14},"end":{"line":43,"column":null}},"type":"binary-expr","locations":[{"start":{"line":43,"column":14},"end":{"line":43,"column":47}},{"start":{"line":43,"column":51},"end":{"line":43,"column":null}}],"line":43},"1":{"loc":{"start":{"line":53,"column":55},"end":{"line":53,"column":82}},"type":"cond-expr","locations":[{"start":{"line":53,"column":62},"end":{"line":53,"column":79}},{"start":{"line":53,"column":79},"end":{"line":53,"column":82}}],"line":53},"2":{"loc":{"start":{"line":143,"column":56},"end":{"line":143,"column":116}},"type":"cond-expr","locations":[{"start":{"line":143,"column":70},"end":{"line":143,"column":110}},{"start":{"line":143,"column":110},"end":{"line":143,"column":116}}],"line":143},"3":{"loc":{"start":{"line":147,"column":8},"end":{"line":151,"column":null}},"type":"cond-expr","locations":[{"start":{"line":147,"column":22},"end":{"line":151,"column":null}},{"start":{"line":151,"column":10},"end":{"line":151,"column":null}}],"line":147},"4":{"loc":{"start":{"line":164,"column":4},"end":{"line":164,"column":null}},"type":"if","locations":[{"start":{"line":164,"column":4},"end":{"line":164,"column":null}},{"start":{},"end":{}}],"line":164},"5":{"loc":{"start":{"line":169,"column":4},"end":{"line":169,"column":null}},"type":"if","locations":[{"start":{"line":169,"column":4},"end":{"line":169,"column":null}},{"start":{},"end":{}}],"line":169},"6":{"loc":{"start":{"line":180,"column":6},"end":{"line":186,"column":null}},"type":"switch","locations":[{"start":{"line":181,"column":8},"end":{"line":181,"column":null}},{"start":{"line":182,"column":8},"end":{"line":182,"column":null}},{"start":{"line":183,"column":8},"end":{"line":183,"column":null}},{"start":{"line":184,"column":8},"end":{"line":184,"column":null}},{"start":{"line":185,"column":8},"end":{"line":185,"column":null}},{"start":{"line":186,"column":8},"end":{"line":186,"column":null}}],"line":180},"7":{"loc":{"start":{"line":181,"column":35},"end":{"line":181,"column":47}},"type":"binary-expr","locations":[{"start":{"line":181,"column":35},"end":{"line":181,"column":42}},{"start":{"line":181,"column":42},"end":{"line":181,"column":47}}],"line":181},"8":{"loc":{"start":{"line":182,"column":36},"end":{"line":182,"column":48}},"type":"binary-expr","locations":[{"start":{"line":182,"column":36},"end":{"line":182,"column":43}},{"start":{"line":182,"column":43},"end":{"line":182,"column":48}}],"line":182},"9":{"loc":{"start":{"line":183,"column":39},"end":{"line":183,"column":54}},"type":"binary-expr","locations":[{"start":{"line":183,"column":39},"end":{"line":183,"column":46}},{"start":{"line":183,"column":46},"end":{"line":183,"column":54}}],"line":183},"10":{"loc":{"start":{"line":184,"column":34},"end":{"line":184,"column":48}},"type":"binary-expr","locations":[{"start":{"line":184,"column":34},"end":{"line":184,"column":41}},{"start":{"line":184,"column":41},"end":{"line":184,"column":48}}],"line":184},"11":{"loc":{"start":{"line":185,"column":30},"end":{"line":185,"column":108}},"type":"cond-expr","locations":[{"start":{"line":185,"column":51},"end":{"line":185,"column":86}},{"start":{"line":185,"column":86},"end":{"line":185,"column":108}}],"line":185},"12":{"loc":{"start":{"line":185,"column":62},"end":{"line":185,"column":74}},"type":"binary-expr","locations":[{"start":{"line":185,"column":62},"end":{"line":185,"column":69}},{"start":{"line":185,"column":69},"end":{"line":185,"column":74}}],"line":185},"13":{"loc":{"start":{"line":185,"column":91},"end":{"line":185,"column":103}},"type":"binary-expr","locations":[{"start":{"line":185,"column":91},"end":{"line":185,"column":98}},{"start":{"line":185,"column":98},"end":{"line":185,"column":103}}],"line":185},"14":{"loc":{"start":{"line":186,"column":35},"end":{"line":186,"column":51}},"type":"binary-expr","locations":[{"start":{"line":186,"column":35},"end":{"line":186,"column":42}},{"start":{"line":186,"column":42},"end":{"line":186,"column":51}}],"line":186}},"s":{"0":1,"1":1,"2":1,"3":1,"4":1,"5":1,"6":1,"7":1,"8":1,"9":1,"10":1,"11":1,"12":1,"13":1,"14":1,"15":1,"16":1,"17":1,"18":1,"19":1,"20":1,"21":1,"22":1,"23":1,"24":1,"25":1,"26":1,"27":1,"28":1,"29":1,"30":1,"31":4,"32":2,"33":1,"34":4,"35":16,"36":8,"37":4,"38":1,"39":1,"40":1,"41":2,"42":1,"43":1,"44":1,"45":1,"46":1,"47":1,"48":1,"49":1,"50":1,"51":0,"52":0,"53":0,"54":0,"55":0,"56":0,"57":0,"58":0,"59":1,"60":6,"61":0,"62":0,"63":0,"64":0,"65":0,"66":0,"67":0,"68":0,"69":0,"70":0,"71":0,"72":0,"73":0,"74":0,"75":0,"76":0,"77":0,"78":0,"79":0,"80":0,"81":0,"82":0,"83":0,"84":1,"85":0,"86":0,"87":1,"88":0,"89":0,"90":1,"91":0,"92":1,"93":0,"94":0,"95":0,"96":0,"97":0,"98":0,"99":0,"100":0,"101":0,"102":0,"103":1},"f":{"0":1,"1":1,"2":1,"3":1,"4":1,"5":4,"6":2,"7":4,"8":16,"9":8,"10":2,"11":1,"12":1,"13":0,"14":6,"15":0,"16":0,"17":0,"18":0,"19":0,"20":0},"b":{"0":[1,1],"1":[1,0],"2":[1,0],"3":[1,0],"4":[0,0],"5":[0,0],"6":[0,0,0,0,0,0],"7":[0,0],"8":[0,0],"9":[0,0],"10":[0,0],"11":[0,0],"12":[0,0],"13":[0,0],"14":[0,0]},"meta":{"lastBranch":15,"lastFunction":21,"lastStatement":104,"seen":{"s:5:20:5:Infinity":0,"s:6:15:6:Infinity":1,"s:43:14:43:Infinity":2,"b:43:14:43:47:43:51:43:Infinity":0,"s:44:17:44:Infinity":3,"s:45:18:45:Infinity":4,"f:48:9:48:17":0,"s:49:13:49:Infinity":5,"s:52:2:54:Infinity":6,"f:52:22:52:51":1,"s:53:4:53:Infinity":7,"b:53:62:53:79:53:79:53:82":1,"s:57:2:57:Infinity":8,"s:60:2:60:Infinity":9,"s:61:2:61:Infinity":10,"s:62:2:62:Infinity":11,"s:63:2:63:Infinity":12,"s:64:2:64:Infinity":13,"s:65:2:65:Infinity":14,"s:68:2:68:Infinity":15,"s:69:2:69:Infinity":16,"s:70:2:70:Infinity":17,"s:71:2:71:Infinity":18,"s:74:2:74:Infinity":19,"s:75:2:75:Infinity":20,"s:78:2:81:Infinity":21,"f:78:22:78:44":2,"s:79:18:79:53":22,"s:80:4:80:Infinity":23,"s:84:2:84:Infinity":24,"s:87:2:87:Infinity":25,"s:88:2:88:Infinity":26,"f:88:22:88:46":3,"s:88:56:88:90":27,"s:91:2:91:Infinity":28,"s:94:2:101:Infinity":29,"f:94:22:94:72":4,"s:95:20:95:121":30,"f:95:38:95:46":5,"s:95:60:95:68":31,"f:95:70:95:75":6,"s:95:89:95:112":32,"s:96:17:99:15":33,"f:96:41:96:46":7,"s:97:20:97:118":34,"f:97:35:97:43":8,"s:97:57:97:65":35,"f:97:67:97:72":9,"s:97:86:97:109":36,"s:98:6:98:Infinity":37,"s:100:4:100:Infinity":38,"s:104:2:104:Infinity":39,"s:106:2:106:Infinity":40,"f:109:9:109:20":10,"s:110:2:110:Infinity":41,"s:114:12:114:42":42,"s:115:14:115:Infinity":43,"s:116:14:116:Infinity":44,"f:118:9:118:24":11,"s:119:22:119:38":45,"s:121:2:151:Infinity":46,"b:143:70:143:110:143:110:143:116":2,"b:147:22:151:Infinity:151:10:151:Infinity":3,"s:155:2:155:Infinity":47,"f:158:9:158:28":12,"s:159:17:159:53":48,"s:160:18:160:55":49,"s:162:2:170:Infinity":50,"f:162:27:162:42":13,"s:163:4:163:Infinity":51,"b:164:4:164:Infinity:undefined:undefined:undefined:undefined":4,"s:164:4:164:Infinity":52,"s:164:17:164:Infinity":53,"s:165:4:165:Infinity":54,"s:167:14:167:Infinity":55,"s:168:19:168:55":56,"b:169:4:169:Infinity:undefined:undefined:undefined:undefined":5,"s:169:4:169:Infinity":57,"s:169:16:169:Infinity":58,"s:173:2:194:Infinity":59,"f:173:54:173:62":14,"s:174:4:193:Infinity":60,"f:174:25:174:40":15,"s:175:19:175:Infinity":61,"s:176:20:176:Infinity":62,"s:177:18:177:Infinity":63,"s:178:18:178:43":64,"s:179:19:179:Infinity":65,"b:181:8:181:Infinity:182:8:182:Infinity:183:8:183:Infinity:184:8:184:Infinity:185:8:185:Infinity:186:8:186:Infinity":6,"s:180:6:186:Infinity":66,"s:181:21:181:52":67,"b:181:35:181:42:181:42:181:47":7,"s:181:52:181:Infinity":68,"s:182:23:182:52":69,"b:182:36:182:43:182:43:182:48":8,"s:182:52:182:Infinity":70,"s:183:24:183:54":71,"b:183:39:183:46:183:46:183:54":9,"s:183:54:183:Infinity":72,"s:184:21:184:57":73,"b:184:34:184:41:184:41:184:48":10,"s:184:57:184:Infinity":74,"s:185:21:185:108":75,"b:185:51:185:86:185:86:185:108":11,"b:185:62:185:69:185:69:185:74":12,"b:185:91:185:98:185:98:185:103":13,"s:185:108:185:Infinity":76,"s:186:21:186:51":77,"b:186:35:186:42:186:42:186:51":14,"s:186:51:186:Infinity":78,"s:188:6:188:Infinity":79,"s:189:6:189:Infinity":80,"s:190:6:190:Infinity":81,"s:191:6:191:Infinity":82,"s:192:6:192:Infinity":83,"s:196:2:199:Infinity":84,"f:196:65:196:80":16,"s:197:4:197:Infinity":85,"s:198:4:198:Infinity":86,"s:201:2:204:Infinity":87,"f:201:62:201:77":17,"s:202:17:202:Infinity":88,"s:203:4:203:Infinity":89,"s:206:2:208:Infinity":90,"f:206:60:206:75":18,"s:207:4:207:Infinity":91,"s:210:2:214:Infinity":92,"f:210:56:210:71":19,"s:211:4:211:Infinity":93,"s:212:4:212:Infinity":94,"s:213:4:213:Infinity":95,"f:217:9:217:18":20,"s:218:15:218:41":96,"s:219:14:219:39":97,"s:220:12:220:39":98,"s:221:2:221:16":99,"s:221:16:221:39":100,"s:221:39:221:Infinity":101,"s:222:2:222:Infinity":102,"s:225:0:225:Infinity":103}}}
}
