{"/root/projects/app-hub/apps/games/reversi/src/main.ts": {"path":"/root/projects/app-hub/apps/games/reversi/src/main.ts","statementMap":{"0":{"start":{"line":2,"column":11},"end":{"line":2,"column":null}},"1":{"start":{"line":3,"column":21},"end":{"line":3,"column":70}},"2":{"start":{"line":3,"column":50},"end":{"line":3,"column":69}},"3":{"start":{"line":4,"column":9},"end":{"line":4,"column":11}},"4":{"start":{"line":4,"column":17},"end":{"line":4,"column":22}},"5":{"start":{"line":5,"column":23},"end":{"line":5,"column":null}},"6":{"start":{"line":6,"column":14},"end":{"line":6,"column":null}},"7":{"start":{"line":7,"column":15},"end":{"line":7,"column":null}},"8":{"start":{"line":8,"column":15},"end":{"line":8,"column":null}},"9":{"start":{"line":11,"column":2},"end":{"line":11,"column":null}},"10":{"start":{"line":11,"column":37},"end":{"line":11,"column":56}},"11":{"start":{"line":12,"column":2},"end":{"line":12,"column":16}},"12":{"start":{"line":12,"column":16},"end":{"line":12,"column":30}},"13":{"start":{"line":12,"column":30},"end":{"line":12,"column":44}},"14":{"start":{"line":12,"column":44},"end":{"line":12,"column":58}},"15":{"start":{"line":12,"column":58},"end":{"line":12,"column":65}},"16":{"start":{"line":12,"column":65},"end":{"line":12,"column":79}},"17":{"start":{"line":12,"column":79},"end":{"line":12,"column":93}},"18":{"start":{"line":12,"column":93},"end":{"line":12,"column":107}},"19":{"start":{"line":12,"column":107},"end":{"line":12,"column":null}},"20":{"start":{"line":16,"column":2},"end":{"line":16,"column":null}},"21":{"start":{"line":16,"column":21},"end":{"line":16,"column":null}},"22":{"start":{"line":17,"column":12},"end":{"line":17,"column":null}},"23":{"start":{"line":18,"column":2},"end":{"line":21,"column":null}},"24":{"start":{"line":19,"column":11},"end":{"line":19,"column":16}},"25":{"start":{"line":19,"column":19},"end":{"line":19,"column":24}},"26":{"start":{"line":19,"column":30},"end":{"line":19,"column":null}},"27":{"start":{"line":20,"column":4},"end":{"line":20,"column":null}},"28":{"start":{"line":20,"column":63},"end":{"line":20,"column":70}},"29":{"start":{"line":20,"column":70},"end":{"line":20,"column":77}},"30":{"start":{"line":20,"column":77},"end":{"line":20,"column":null}},"31":{"start":{"line":21,"column":4},"end":{"line":21,"column":null}},"32":{"start":{"line":21,"column":64},"end":{"line":21,"column":null}},"33":{"start":{"line":22,"column":3},"end":{"line":22,"column":null}},"34":{"start":{"line":26,"column":2},"end":{"line":26,"column":null}},"35":{"start":{"line":27,"column":12},"end":{"line":27,"column":null}},"36":{"start":{"line":28,"column":2},"end":{"line":32,"column":null}},"37":{"start":{"line":29,"column":35},"end":{"line":29,"column":37}},"38":{"start":{"line":30,"column":11},"end":{"line":30,"column":16}},"39":{"start":{"line":30,"column":19},"end":{"line":30,"column":null}},"40":{"start":{"line":31,"column":4},"end":{"line":31,"column":null}},"41":{"start":{"line":31,"column":63},"end":{"line":31,"column":84}},"42":{"start":{"line":31,"column":84},"end":{"line":31,"column":91}},"43":{"start":{"line":31,"column":91},"end":{"line":31,"column":null}},"44":{"start":{"line":32,"column":4},"end":{"line":32,"column":null}},"45":{"start":{"line":32,"column":57},"end":{"line":32,"column":null}},"46":{"start":{"line":32,"column":83},"end":{"line":32,"column":null}},"47":{"start":{"line":36,"column":28},"end":{"line":36,"column":40}},"48":{"start":{"line":36,"column":40},"end":{"line":36,"column":null}},"49":{"start":{"line":36,"column":50},"end":{"line":36,"column":52}},"50":{"start":{"line":36,"column":63},"end":{"line":36,"column":null}},"51":{"start":{"line":36,"column":73},"end":{"line":36,"column":75}},"52":{"start":{"line":36,"column":87},"end":{"line":36,"column":117}},"53":{"start":{"line":36,"column":106},"end":{"line":36,"column":117}},"54":{"start":{"line":36,"column":117},"end":{"line":36,"column":null}},"55":{"start":{"line":36,"column":136},"end":{"line":36,"column":null}},"56":{"start":{"line":39,"column":49},"end":{"line":39,"column":null}},"57":{"start":{"line":40,"column":2},"end":{"line":48,"column":null}},"58":{"start":{"line":40,"column":12},"end":{"line":40,"column":14}},"59":{"start":{"line":40,"column":25},"end":{"line":48,"column":null}},"60":{"start":{"line":40,"column":35},"end":{"line":40,"column":37}},"61":{"start":{"line":41,"column":4},"end":{"line":48,"column":null}},"62":{"start":{"line":42,"column":12},"end":{"line":42,"column":14}},"63":{"start":{"line":42,"column":24},"end":{"line":42,"column":null}},"64":{"start":{"line":43,"column":6},"end":{"line":46,"column":null}},"65":{"start":{"line":44,"column":15},"end":{"line":44,"column":20}},"66":{"start":{"line":44,"column":23},"end":{"line":44,"column":28}},"67":{"start":{"line":44,"column":32},"end":{"line":44,"column":null}},"68":{"start":{"line":45,"column":8},"end":{"line":45,"column":null}},"69":{"start":{"line":45,"column":67},"end":{"line":45,"column":73}},"70":{"start":{"line":45,"column":73},"end":{"line":45,"column":80}},"71":{"start":{"line":45,"column":80},"end":{"line":45,"column":null}},"72":{"start":{"line":46,"column":8},"end":{"line":46,"column":null}},"73":{"start":{"line":46,"column":61},"end":{"line":46,"column":null}},"74":{"start":{"line":48,"column":6},"end":{"line":48,"column":null}},"75":{"start":{"line":48,"column":29},"end":{"line":48,"column":null}},"76":{"start":{"line":51,"column":2},"end":{"line":51,"column":null}},"77":{"start":{"line":51,"column":11},"end":{"line":51,"column":33}},"78":{"start":{"line":51,"column":33},"end":{"line":51,"column":40}},"79":{"start":{"line":51,"column":40},"end":{"line":51,"column":54}},"80":{"start":{"line":51,"column":54},"end":{"line":51,"column":null}},"81":{"start":{"line":54,"column":10},"end":{"line":54,"column":40}},"82":{"start":{"line":56,"column":14},"end":{"line":56,"column":null}},"83":{"start":{"line":56,"column":43},"end":{"line":56,"column":75}},"84":{"start":{"line":56,"column":59},"end":{"line":56,"column":74}},"85":{"start":{"line":57,"column":2},"end":{"line":64,"column":null}},"86":{"start":{"line":59,"column":94},"end":{"line":62,"column":13}},"87":{"start":{"line":60,"column":14},"end":{"line":60,"column":39}},"88":{"start":{"line":61,"column":4},"end":{"line":61,"column":null}},"89":{"start":{"line":65,"column":2},"end":{"line":70,"column":null}},"90":{"start":{"line":65,"column":52},"end":{"line":70,"column":5}},"91":{"start":{"line":66,"column":4},"end":{"line":66,"column":null}},"92":{"start":{"line":66,"column":33},"end":{"line":66,"column":null}},"93":{"start":{"line":67,"column":12},"end":{"line":67,"column":52}},"94":{"start":{"line":67,"column":55},"end":{"line":67,"column":95}},"95":{"start":{"line":68,"column":4},"end":{"line":68,"column":null}},"96":{"start":{"line":68,"column":24},"end":{"line":68,"column":null}},"97":{"start":{"line":69,"column":4},"end":{"line":69,"column":16}},"98":{"start":{"line":69,"column":16},"end":{"line":69,"column":30}},"99":{"start":{"line":69,"column":30},"end":{"line":69,"column":37}},"100":{"start":{"line":69,"column":37},"end":{"line":69,"column":46}},"101":{"start":{"line":69,"column":46},"end":{"line":69,"column":null}},"102":{"start":{"line":71,"column":2},"end":{"line":71,"column":null}},"103":{"start":{"line":71,"column":71},"end":{"line":71,"column":78}},"104":{"start":{"line":71,"column":78},"end":{"line":71,"column":89}},"105":{"start":{"line":72,"column":2},"end":{"line":72,"column":null}},"106":{"start":{"line":72,"column":71},"end":{"line":72,"column":81}},"107":{"start":{"line":72,"column":81},"end":{"line":72,"column":96}},"108":{"start":{"line":72,"column":96},"end":{"line":72,"column":110}},"109":{"start":{"line":72,"column":110},"end":{"line":72,"column":124}},"110":{"start":{"line":72,"column":124},"end":{"line":72,"column":135}},"111":{"start":{"line":73,"column":2},"end":{"line":73,"column":null}},"112":{"start":{"line":73,"column":75},"end":{"line":73,"column":89}},"113":{"start":{"line":73,"column":89},"end":{"line":73,"column":109}},"114":{"start":{"line":73,"column":109},"end":{"line":73,"column":136}},"115":{"start":{"line":73,"column":136},"end":{"line":73,"column":159}},"116":{"start":{"line":73,"column":159},"end":{"line":73,"column":170}},"117":{"start":{"line":75,"column":0},"end":{"line":75,"column":7}},"118":{"start":{"line":75,"column":7},"end":{"line":75,"column":null}}},"fnMap":{"0":{"name":"(anonymous_0)","decl":{"start":{"line":3,"column":45},"end":{"line":3,"column":50}},"loc":{"start":{"line":3,"column":50},"end":{"line":3,"column":69}},"line":3},"1":{"name":"init","decl":{"start":{"line":10,"column":9},"end":{"line":10,"column":20}},"loc":{"start":{"line":10,"column":20},"end":{"line":12,"column":null}},"line":10},"2":{"name":"(anonymous_2)","decl":{"start":{"line":11,"column":32},"end":{"line":11,"column":37}},"loc":{"start":{"line":11,"column":37},"end":{"line":11,"column":56}},"line":11},"3":{"name":"canPlace","decl":{"start":{"line":15,"column":9},"end":{"line":15,"column":18}},"loc":{"start":{"line":15,"column":53},"end":{"line":22,"column":null}},"line":15},"4":{"name":"flip","decl":{"start":{"line":25,"column":9},"end":{"line":25,"column":14}},"loc":{"start":{"line":25,"column":46},"end":{"line":32,"column":null}},"line":25},"5":{"name":"updateScore","decl":{"start":{"line":36,"column":9},"end":{"line":36,"column":27}},"loc":{"start":{"line":36,"column":27},"end":{"line":36,"column":null}},"line":36},"6":{"name":"aiMove","decl":{"start":{"line":38,"column":9},"end":{"line":38,"column":22}},"loc":{"start":{"line":38,"column":22},"end":{"line":51,"column":null}},"line":38},"7":{"name":"render","decl":{"start":{"line":55,"column":9},"end":{"line":55,"column":22}},"loc":{"start":{"line":55,"column":22},"end":{"line":73,"column":null}},"line":55},"8":{"name":"(anonymous_8)","decl":{"start":{"line":56,"column":29},"end":{"line":56,"column":35}},"loc":{"start":{"line":56,"column":43},"end":{"line":56,"column":75}},"line":56},"9":{"name":"(anonymous_9)","decl":{"start":{"line":56,"column":47},"end":{"line":56,"column":53}},"loc":{"start":{"line":56,"column":59},"end":{"line":56,"column":74}},"line":56},"10":{"name":"(anonymous_10)","decl":{"start":{"line":59,"column":81},"end":{"line":59,"column":86}},"loc":{"start":{"line":59,"column":94},"end":{"line":62,"column":13}},"line":59},"11":{"name":"(anonymous_11)","decl":{"start":{"line":59,"column":98},"end":{"line":59,"column":103}},"loc":{"start":{"line":59,"column":112},"end":{"line":62,"column":5}},"line":59},"12":{"name":"(anonymous_12)","decl":{"start":{"line":65,"column":40},"end":{"line":65,"column":48}},"loc":{"start":{"line":65,"column":52},"end":{"line":70,"column":5}},"line":65},"13":{"name":"(anonymous_13)","decl":{"start":{"line":65,"column":72},"end":{"line":65,"column":84}},"loc":{"start":{"line":65,"column":84},"end":{"line":70,"column":5}},"line":65},"14":{"name":"(anonymous_14)","decl":{"start":{"line":71,"column":58},"end":{"line":71,"column":70}},"loc":{"start":{"line":71,"column":70},"end":{"line":71,"column":null}},"line":71},"15":{"name":"(anonymous_15)","decl":{"start":{"line":72,"column":58},"end":{"line":72,"column":70}},"loc":{"start":{"line":72,"column":70},"end":{"line":72,"column":null}},"line":72},"16":{"name":"(anonymous_16)","decl":{"start":{"line":73,"column":62},"end":{"line":73,"column":74}},"loc":{"start":{"line":73,"column":74},"end":{"line":73,"column":null}},"line":73}},"branchMap":{"0":{"loc":{"start":{"line":16,"column":2},"end":{"line":16,"column":null}},"type":"if","locations":[{"start":{"line":16,"column":2},"end":{"line":16,"column":null}},{"start":{},"end":{}}],"line":16},"1":{"loc":{"start":{"line":17,"column":12},"end":{"line":17,"column":null}},"type":"cond-expr","locations":[{"start":{"line":17,"column":18},"end":{"line":17,"column":20}},{"start":{"line":17,"column":20},"end":{"line":17,"column":null}}],"line":17},"2":{"loc":{"start":{"line":20,"column":10},"end":{"line":20,"column":62}},"type":"binary-expr","locations":[{"start":{"line":20,"column":10},"end":{"line":20,"column":17}},{"start":{"line":20,"column":17},"end":{"line":20,"column":26}},{"start":{"line":20,"column":26},"end":{"line":20,"column":33}},{"start":{"line":20,"column":33},"end":{"line":20,"column":42}},{"start":{"line":20,"column":42},"end":{"line":20,"column":62}}],"line":20},"3":{"loc":{"start":{"line":21,"column":4},"end":{"line":21,"column":null}},"type":"if","locations":[{"start":{"line":21,"column":4},"end":{"line":21,"column":null}},{"start":{},"end":{}}],"line":21},"4":{"loc":{"start":{"line":21,"column":7},"end":{"line":21,"column":64}},"type":"binary-expr","locations":[{"start":{"line":21,"column":7},"end":{"line":21,"column":14}},{"start":{"line":21,"column":14},"end":{"line":21,"column":21}},{"start":{"line":21,"column":21},"end":{"line":21,"column":30}},{"start":{"line":21,"column":30},"end":{"line":21,"column":37}},{"start":{"line":21,"column":37},"end":{"line":21,"column":46}},{"start":{"line":21,"column":46},"end":{"line":21,"column":64}}],"line":21},"5":{"loc":{"start":{"line":27,"column":12},"end":{"line":27,"column":null}},"type":"cond-expr","locations":[{"start":{"line":27,"column":18},"end":{"line":27,"column":20}},{"start":{"line":27,"column":20},"end":{"line":27,"column":null}}],"line":27},"6":{"loc":{"start":{"line":31,"column":10},"end":{"line":31,"column":62}},"type":"binary-expr","locations":[{"start":{"line":31,"column":10},"end":{"line":31,"column":17}},{"start":{"line":31,"column":17},"end":{"line":31,"column":26}},{"start":{"line":31,"column":26},"end":{"line":31,"column":33}},{"start":{"line":31,"column":33},"end":{"line":31,"column":42}},{"start":{"line":31,"column":42},"end":{"line":31,"column":62}}],"line":31},"7":{"loc":{"start":{"line":32,"column":4},"end":{"line":32,"column":null}},"type":"if","locations":[{"start":{"line":32,"column":4},"end":{"line":32,"column":null}},{"start":{},"end":{}}],"line":32},"8":{"loc":{"start":{"line":32,"column":7},"end":{"line":32,"column":57}},"type":"binary-expr","locations":[{"start":{"line":32,"column":7},"end":{"line":32,"column":14}},{"start":{"line":32,"column":14},"end":{"line":32,"column":23}},{"start":{"line":32,"column":23},"end":{"line":32,"column":30}},{"start":{"line":32,"column":30},"end":{"line":32,"column":39}},{"start":{"line":32,"column":39},"end":{"line":32,"column":57}}],"line":32},"9":{"loc":{"start":{"line":36,"column":87},"end":{"line":36,"column":117}},"type":"if","locations":[{"start":{"line":36,"column":87},"end":{"line":36,"column":117}},{"start":{},"end":{}}],"line":36},"10":{"loc":{"start":{"line":36,"column":117},"end":{"line":36,"column":null}},"type":"if","locations":[{"start":{"line":36,"column":117},"end":{"line":36,"column":null}},{"start":{},"end":{}}],"line":36},"11":{"loc":{"start":{"line":41,"column":4},"end":{"line":48,"column":null}},"type":"if","locations":[{"start":{"line":41,"column":4},"end":{"line":48,"column":null}},{"start":{},"end":{}}],"line":41},"12":{"loc":{"start":{"line":45,"column":14},"end":{"line":45,"column":66}},"type":"binary-expr","locations":[{"start":{"line":45,"column":14},"end":{"line":45,"column":21}},{"start":{"line":45,"column":21},"end":{"line":45,"column":30}},{"start":{"line":45,"column":30},"end":{"line":45,"column":37}},{"start":{"line":45,"column":37},"end":{"line":45,"column":46}},{"start":{"line":45,"column":46},"end":{"line":45,"column":66}}],"line":45},"13":{"loc":{"start":{"line":46,"column":8},"end":{"line":46,"column":null}},"type":"if","locations":[{"start":{"line":46,"column":8},"end":{"line":46,"column":null}},{"start":{},"end":{}}],"line":46},"14":{"loc":{"start":{"line":46,"column":11},"end":{"line":46,"column":61}},"type":"binary-expr","locations":[{"start":{"line":46,"column":11},"end":{"line":46,"column":18}},{"start":{"line":46,"column":18},"end":{"line":46,"column":27}},{"start":{"line":46,"column":27},"end":{"line":46,"column":34}},{"start":{"line":46,"column":34},"end":{"line":46,"column":43}},{"start":{"line":46,"column":43},"end":{"line":46,"column":61}}],"line":46},"15":{"loc":{"start":{"line":48,"column":6},"end":{"line":48,"column":null}},"type":"if","locations":[{"start":{"line":48,"column":6},"end":{"line":48,"column":null}},{"start":{},"end":{}}],"line":48},"16":{"loc":{"start":{"line":48,"column":9},"end":{"line":48,"column":29}},"type":"binary-expr","locations":[{"start":{"line":48,"column":9},"end":{"line":48,"column":16}},{"start":{"line":48,"column":16},"end":{"line":48,"column":29}}],"line":48},"17":{"loc":{"start":{"line":51,"column":2},"end":{"line":51,"column":null}},"type":"if","locations":[{"start":{"line":51,"column":2},"end":{"line":51,"column":null}},{"start":{},"end":{}}],"line":51},"18":{"loc":{"start":{"line":56,"column":14},"end":{"line":56,"column":null}},"type":"cond-expr","locations":[{"start":{"line":56,"column":23},"end":{"line":56,"column":76}},{"start":{"line":56,"column":77},"end":{"line":56,"column":null}}],"line":56},"19":{"loc":{"start":{"line":58,"column":65},"end":{"line":58,"column":90}},"type":"cond-expr","locations":[{"start":{"line":58,"column":77},"end":{"line":58,"column":87}},{"start":{"line":58,"column":87},"end":{"line":58,"column":90}}],"line":58},"20":{"loc":{"start":{"line":58,"column":147},"end":{"line":58,"column":176}},"type":"cond-expr","locations":[{"start":{"line":58,"column":163},"end":{"line":58,"column":173}},{"start":{"line":58,"column":173},"end":{"line":58,"column":176}}],"line":58},"21":{"loc":{"start":{"line":60,"column":14},"end":{"line":60,"column":39}},"type":"binary-expr","locations":[{"start":{"line":60,"column":14},"end":{"line":60,"column":24}},{"start":{"line":60,"column":24},"end":{"line":60,"column":39}}],"line":60},"22":{"loc":{"start":{"line":61,"column":33},"end":{"line":61,"column":76}},"type":"cond-expr","locations":[{"start":{"line":61,"column":42},"end":{"line":61,"column":53}},{"start":{"line":61,"column":53},"end":{"line":61,"column":76}}],"line":61},"23":{"loc":{"start":{"line":61,"column":53},"end":{"line":61,"column":76}},"type":"cond-expr","locations":[{"start":{"line":61,"column":62},"end":{"line":61,"column":73}},{"start":{"line":61,"column":73},"end":{"line":61,"column":76}}],"line":61},"24":{"loc":{"start":{"line":61,"column":79},"end":{"line":61,"column":95}},"type":"cond-expr","locations":[{"start":{"line":61,"column":83},"end":{"line":61,"column":92}},{"start":{"line":61,"column":92},"end":{"line":61,"column":95}}],"line":61},"25":{"loc":{"start":{"line":63,"column":25},"end":{"line":63,"column":47}},"type":"cond-expr","locations":[{"start":{"line":63,"column":34},"end":{"line":63,"column":40}},{"start":{"line":63,"column":40},"end":{"line":63,"column":47}}],"line":63},"26":{"loc":{"start":{"line":63,"column":53},"end":{"line":63,"column":72}},"type":"cond-expr","locations":[{"start":{"line":63,"column":60},"end":{"line":63,"column":69}},{"start":{"line":63,"column":69},"end":{"line":63,"column":72}}],"line":63},"27":{"loc":{"start":{"line":66,"column":4},"end":{"line":66,"column":null}},"type":"if","locations":[{"start":{"line":66,"column":4},"end":{"line":66,"column":null}},{"start":{},"end":{}}],"line":66},"28":{"loc":{"start":{"line":66,"column":7},"end":{"line":66,"column":33}},"type":"binary-expr","locations":[{"start":{"line":66,"column":7},"end":{"line":66,"column":17}},{"start":{"line":66,"column":17},"end":{"line":66,"column":33}}],"line":66},"29":{"loc":{"start":{"line":68,"column":4},"end":{"line":68,"column":null}},"type":"if","locations":[{"start":{"line":68,"column":4},"end":{"line":68,"column":null}},{"start":{},"end":{}}],"line":68}},"s":{"0":1,"1":1,"2":8,"3":1,"4":1,"5":1,"6":1,"7":1,"8":1,"9":1,"10":8,"11":1,"12":1,"13":1,"14":1,"15":1,"16":1,"17":1,"18":1,"19":1,"20":84,"21":4,"22":80,"23":84,"24":613,"25":613,"26":613,"27":613,"28":15,"29":15,"30":15,"31":613,"32":5,"33":75,"34":0,"35":0,"36":0,"37":0,"38":0,"39":0,"40":0,"41":0,"42":0,"43":0,"44":0,"45":0,"46":0,"47":1,"48":1,"49":1,"50":8,"51":8,"52":64,"53":2,"54":64,"55":2,"56":0,"57":0,"58":0,"59":0,"60":0,"61":0,"62":0,"63":0,"64":0,"65":0,"66":0,"67":0,"68":0,"69":0,"70":0,"71":0,"72":0,"73":0,"74":0,"75":0,"76":0,"77":0,"78":0,"79":0,"80":0,"81":1,"82":1,"83":3,"84":20,"85":1,"86":8,"87":64,"88":64,"89":1,"90":64,"91":0,"92":0,"93":0,"94":0,"95":0,"96":0,"97":0,"98":0,"99":0,"100":0,"101":0,"102":1,"103":0,"104":0,"105":1,"106":0,"107":0,"108":0,"109":0,"110":0,"111":1,"112":0,"113":0,"114":0,"115":0,"116":0,"117":1,"118":1},"f":{"0":8,"1":1,"2":8,"3":84,"4":0,"5":1,"6":0,"7":1,"8":3,"9":20,"10":8,"11":64,"12":64,"13":0,"14":0,"15":0,"16":0},"b":{"0":[4,80],"1":[80,0],"2":[613,580,556,526,499],"3":[5,608],"4":[613,12,12,12,12,12],"5":[0,0],"6":[0,0,0,0,0],"7":[0,0],"8":[0,0,0,0,0],"9":[2,62],"10":[2,62],"11":[0,0],"12":[0,0,0,0,0],"13":[0,0],"14":[0,0,0,0,0],"15":[0,0],"16":[0,0],"17":[0,0],"18":[1,0],"19":[1,0],"20":[0,1],"21":[64,64],"22":[2,62],"23":[2,60],"24":[4,60],"25":[1,0],"26":[0,1],"27":[0,0],"28":[0,0],"29":[0,0]},"meta":{"lastBranch":30,"lastFunction":17,"lastStatement":119,"seen":{"s:2:11:2:Infinity":0,"s:3:21:3:70":1,"f:3:45:3:50":0,"s:3:50:3:69":2,"s:4:9:4:11":3,"s:4:17:4:22":4,"s:5:23:5:Infinity":5,"s:6:14:6:Infinity":6,"s:7:15:7:Infinity":7,"s:8:15:8:Infinity":8,"f:10:9:10:20":1,"s:11:2:11:Infinity":9,"f:11:32:11:37":2,"s:11:37:11:56":10,"s:12:2:12:16":11,"s:12:16:12:30":12,"s:12:30:12:44":13,"s:12:44:12:58":14,"s:12:58:12:65":15,"s:12:65:12:79":16,"s:12:79:12:93":17,"s:12:93:12:107":18,"s:12:107:12:Infinity":19,"f:15:9:15:18":3,"b:16:2:16:Infinity:undefined:undefined:undefined:undefined":0,"s:16:2:16:Infinity":20,"s:16:21:16:Infinity":21,"s:17:12:17:Infinity":22,"b:17:18:17:20:17:20:17:Infinity":1,"s:18:2:21:Infinity":23,"s:19:11:19:16":24,"s:19:19:19:24":25,"s:19:30:19:Infinity":26,"s:20:4:20:Infinity":27,"b:20:10:20:17:20:17:20:26:20:26:20:33:20:33:20:42:20:42:20:62":2,"s:20:63:20:70":28,"s:20:70:20:77":29,"s:20:77:20:Infinity":30,"b:21:4:21:Infinity:undefined:undefined:undefined:undefined":3,"s:21:4:21:Infinity":31,"b:21:7:21:14:21:14:21:21:21:21:21:30:21:30:21:37:21:37:21:46:21:46:21:64":4,"s:21:64:21:Infinity":32,"s:22:3:22:Infinity":33,"f:25:9:25:14":4,"s:26:2:26:Infinity":34,"s:27:12:27:Infinity":35,"b:27:18:27:20:27:20:27:Infinity":5,"s:28:2:32:Infinity":36,"s:29:35:29:37":37,"s:30:11:30:16":38,"s:30:19:30:Infinity":39,"s:31:4:31:Infinity":40,"b:31:10:31:17:31:17:31:26:31:26:31:33:31:33:31:42:31:42:31:62":6,"s:31:63:31:84":41,"s:31:84:31:91":42,"s:31:91:31:Infinity":43,"b:32:4:32:Infinity:undefined:undefined:undefined:undefined":7,"s:32:4:32:Infinity":44,"b:32:7:32:14:32:14:32:23:32:23:32:30:32:30:32:39:32:39:32:57":8,"s:32:57:32:Infinity":45,"s:32:83:32:Infinity":46,"f:36:9:36:27":5,"s:36:28:36:40":47,"s:36:40:36:Infinity":48,"s:36:50:36:52":49,"s:36:63:36:Infinity":50,"s:36:73:36:75":51,"b:36:87:36:117:undefined:undefined:undefined:undefined":9,"s:36:87:36:117":52,"s:36:106:36:117":53,"b:36:117:36:Infinity:undefined:undefined:undefined:undefined":10,"s:36:117:36:Infinity":54,"s:36:136:36:Infinity":55,"f:38:9:38:22":6,"s:39:49:39:Infinity":56,"s:40:2:48:Infinity":57,"s:40:12:40:14":58,"s:40:25:48:Infinity":59,"s:40:35:40:37":60,"b:41:4:48:Infinity:undefined:undefined:undefined:undefined":11,"s:41:4:48:Infinity":61,"s:42:12:42:14":62,"s:42:24:42:Infinity":63,"s:43:6:46:Infinity":64,"s:44:15:44:20":65,"s:44:23:44:28":66,"s:44:32:44:Infinity":67,"s:45:8:45:Infinity":68,"b:45:14:45:21:45:21:45:30:45:30:45:37:45:37:45:46:45:46:45:66":12,"s:45:67:45:73":69,"s:45:73:45:80":70,"s:45:80:45:Infinity":71,"b:46:8:46:Infinity:undefined:undefined:undefined:undefined":13,"s:46:8:46:Infinity":72,"b:46:11:46:18:46:18:46:27:46:27:46:34:46:34:46:43:46:43:46:61":14,"s:46:61:46:Infinity":73,"b:48:6:48:Infinity:undefined:undefined:undefined:undefined":15,"s:48:6:48:Infinity":74,"b:48:9:48:16:48:16:48:29":16,"s:48:29:48:Infinity":75,"b:51:2:51:Infinity:undefined:undefined:undefined:undefined":17,"s:51:2:51:Infinity":76,"s:51:11:51:33":77,"s:51:33:51:40":78,"s:51:40:51:54":79,"s:51:54:51:Infinity":80,"s:54:10:54:40":81,"f:55:9:55:22":7,"s:56:14:56:Infinity":82,"b:56:23:56:76:56:77:56:Infinity":18,"f:56:29:56:35":8,"s:56:43:56:75":83,"f:56:47:56:53":9,"s:56:59:56:74":84,"s:57:2:64:Infinity":85,"b:58:77:58:87:58:87:58:90":19,"b:58:163:58:173:58:173:58:176":20,"f:59:81:59:86":10,"s:59:94:62:13":86,"f:59:98:59:103":11,"s:60:14:60:39":87,"b:60:14:60:24:60:24:60:39":21,"s:61:4:61:Infinity":88,"b:61:42:61:53:61:53:61:76":22,"b:61:62:61:73:61:73:61:76":23,"b:61:83:61:92:61:92:61:95":24,"b:63:34:63:40:63:40:63:47":25,"b:63:60:63:69:63:69:63:72":26,"s:65:2:70:Infinity":89,"f:65:40:65:48":12,"s:65:52:70:5":90,"f:65:72:65:84":13,"b:66:4:66:Infinity:undefined:undefined:undefined:undefined":27,"s:66:4:66:Infinity":91,"b:66:7:66:17:66:17:66:33":28,"s:66:33:66:Infinity":92,"s:67:12:67:52":93,"s:67:55:67:95":94,"b:68:4:68:Infinity:undefined:undefined:undefined:undefined":29,"s:68:4:68:Infinity":95,"s:68:24:68:Infinity":96,"s:69:4:69:16":97,"s:69:16:69:30":98,"s:69:30:69:37":99,"s:69:37:69:46":100,"s:69:46:69:Infinity":101,"s:71:2:71:Infinity":102,"f:71:58:71:70":14,"s:71:71:71:78":103,"s:71:78:71:89":104,"s:72:2:72:Infinity":105,"f:72:58:72:70":15,"s:72:71:72:81":106,"s:72:81:72:96":107,"s:72:96:72:110":108,"s:72:110:72:124":109,"s:72:124:72:135":110,"s:73:2:73:Infinity":111,"f:73:62:73:74":16,"s:73:75:73:89":112,"s:73:89:73:109":113,"s:73:109:73:136":114,"s:73:136:73:159":115,"s:73:159:73:170":116,"s:75:0:75:7":117,"s:75:7:75:Infinity":118}}}
}
