{"/root/projects/app-hub/apps/tools/text-diff/src/coverage-boost.ts": {"path":"/root/projects/app-hub/apps/tools/text-diff/src/coverage-boost.ts","statementMap":{"0":{"start":{"line":5,"column":12},"end":{"line":5,"column":null}},"1":{"start":{"line":6,"column":12},"end":{"line":6,"column":null}},"2":{"start":{"line":7,"column":12},"end":{"line":7,"column":null}},"3":{"start":{"line":8,"column":12},"end":{"line":8,"column":null}},"4":{"start":{"line":9,"column":12},"end":{"line":9,"column":null}},"5":{"start":{"line":10,"column":12},"end":{"line":10,"column":null}},"6":{"start":{"line":11,"column":12},"end":{"line":11,"column":null}},"7":{"start":{"line":12,"column":12},"end":{"line":12,"column":26}},"8":{"start":{"line":13,"column":12},"end":{"line":13,"column":25}},"9":{"start":{"line":14,"column":12},"end":{"line":14,"column":29}},"10":{"start":{"line":15,"column":12},"end":{"line":15,"column":29}},"11":{"start":{"line":16,"column":12},"end":{"line":16,"column":24}},"12":{"start":{"line":17,"column":2},"end":{"line":17,"column":null}},"13":{"start":{"line":21,"column":17},"end":{"line":21,"column":null}},"14":{"start":{"line":22,"column":2},"end":{"line":23,"column":null}},"15":{"start":{"line":22,"column":15},"end":{"line":22,"column":18}},"16":{"start":{"line":23,"column":4},"end":{"line":23,"column":null}},"17":{"start":{"line":25,"column":14},"end":{"line":25,"column":47}},"18":{"start":{"line":25,"column":38},"end":{"line":25,"column":45}},"19":{"start":{"line":26,"column":14},"end":{"line":26,"column":null}},"20":{"start":{"line":27,"column":2},"end":{"line":27,"column":null}},"21":{"start":{"line":31,"column":14},"end":{"line":31,"column":null}},"22":{"start":{"line":32,"column":2},"end":{"line":37,"column":null}},"23":{"start":{"line":33,"column":4},"end":{"line":33,"column":null}},"24":{"start":{"line":34,"column":4},"end":{"line":37,"column":null}},"25":{"start":{"line":35,"column":6},"end":{"line":35,"column":null}},"26":{"start":{"line":37,"column":6},"end":{"line":37,"column":null}},"27":{"start":{"line":43,"column":12},"end":{"line":43,"column":null}},"28":{"start":{"line":44,"column":2},"end":{"line":49,"column":null}},"29":{"start":{"line":45,"column":4},"end":{"line":45,"column":null}},"30":{"start":{"line":46,"column":13},"end":{"line":49,"column":null}},"31":{"start":{"line":47,"column":4},"end":{"line":47,"column":null}},"32":{"start":{"line":49,"column":4},"end":{"line":49,"column":null}},"33":{"start":{"line":52,"column":12},"end":{"line":52,"column":null}},"34":{"start":{"line":53,"column":12},"end":{"line":53,"column":null}},"35":{"start":{"line":54,"column":2},"end":{"line":54,"column":null}},"36":{"start":{"line":58,"column":14},"end":{"line":58,"column":null}},"37":{"start":{"line":59,"column":2},"end":{"line":59,"column":null}},"38":{"start":{"line":60,"column":2},"end":{"line":60,"column":null}},"39":{"start":{"line":61,"column":2},"end":{"line":61,"column":null}},"40":{"start":{"line":62,"column":2},"end":{"line":62,"column":null}},"41":{"start":{"line":63,"column":2},"end":{"line":63,"column":null}},"42":{"start":{"line":64,"column":2},"end":{"line":64,"column":null}},"43":{"start":{"line":64,"column":21},"end":{"line":64,"column":27}},"44":{"start":{"line":65,"column":2},"end":{"line":65,"column":null}},"45":{"start":{"line":69,"column":14},"end":{"line":69,"column":null}},"46":{"start":{"line":70,"column":2},"end":{"line":70,"column":null}},"47":{"start":{"line":71,"column":2},"end":{"line":71,"column":null}},"48":{"start":{"line":72,"column":15},"end":{"line":72,"column":31}},"49":{"start":{"line":73,"column":17},"end":{"line":73,"column":35}},"50":{"start":{"line":74,"column":18},"end":{"line":74,"column":37}},"51":{"start":{"line":75,"column":2},"end":{"line":75,"column":null}},"52":{"start":{"line":79,"column":12},"end":{"line":79,"column":null}},"53":{"start":{"line":80,"column":13},"end":{"line":80,"column":28}},"54":{"start":{"line":81,"column":14},"end":{"line":81,"column":29}},"55":{"start":{"line":82,"column":16},"end":{"line":82,"column":28}},"56":{"start":{"line":83,"column":15},"end":{"line":83,"column":30}},"57":{"start":{"line":84,"column":19},"end":{"line":84,"column":38}},"58":{"start":{"line":85,"column":16},"end":{"line":85,"column":30}},"59":{"start":{"line":86,"column":16},"end":{"line":86,"column":29}},"60":{"start":{"line":87,"column":18},"end":{"line":87,"column":45}},"61":{"start":{"line":88,"column":2},"end":{"line":88,"column":null}},"62":{"start":{"line":92,"column":14},"end":{"line":92,"column":null}},"63":{"start":{"line":93,"column":14},"end":{"line":93,"column":33}},"64":{"start":{"line":94,"column":17},"end":{"line":94,"column":32}},"65":{"start":{"line":95,"column":2},"end":{"line":95,"column":null}},"66":{"start":{"line":99,"column":14},"end":{"line":99,"column":24}},"67":{"start":{"line":100,"column":15},"end":{"line":100,"column":32}},"68":{"start":{"line":101,"column":16},"end":{"line":101,"column":30}},"69":{"start":{"line":102,"column":14},"end":{"line":102,"column":27}},"70":{"start":{"line":103,"column":16},"end":{"line":103,"column":30}},"71":{"start":{"line":104,"column":18},"end":{"line":104,"column":34}},"72":{"start":{"line":105,"column":18},"end":{"line":105,"column":34}},"73":{"start":{"line":106,"column":20},"end":{"line":106,"column":33}},"74":{"start":{"line":107,"column":2},"end":{"line":107,"column":null}},"75":{"start":{"line":111,"column":2},"end":{"line":118,"column":null}},"76":{"start":{"line":112,"column":4},"end":{"line":112,"column":null}},"77":{"start":{"line":114,"column":4},"end":{"line":115,"column":null}},"78":{"start":{"line":115,"column":6},"end":{"line":115,"column":null}},"79":{"start":{"line":118,"column":4},"end":{"line":118,"column":null}},"80":{"start":{"line":123,"column":18},"end":{"line":123,"column":null}},"81":{"start":{"line":124,"column":14},"end":{"line":124,"column":null}},"82":{"start":{"line":125,"column":16},"end":{"line":125,"column":34}},"83":{"start":{"line":126,"column":17},"end":{"line":126,"column":35}},"84":{"start":{"line":127,"column":18},"end":{"line":127,"column":46}},"85":{"start":{"line":128,"column":16},"end":{"line":128,"column":32}},"86":{"start":{"line":129,"column":15},"end":{"line":129,"column":35}},"87":{"start":{"line":130,"column":2},"end":{"line":130,"column":null}},"88":{"start":{"line":134,"column":14},"end":{"line":134,"column":39}},"89":{"start":{"line":135,"column":2},"end":{"line":135,"column":null}},"90":{"start":{"line":136,"column":2},"end":{"line":136,"column":null}},"91":{"start":{"line":137,"column":2},"end":{"line":137,"column":null}},"92":{"start":{"line":138,"column":14},"end":{"line":138,"column":26}},"93":{"start":{"line":139,"column":15},"end":{"line":139,"column":37}},"94":{"start":{"line":140,"column":17},"end":{"line":140,"column":41}},"95":{"start":{"line":141,"column":2},"end":{"line":141,"column":null}},"96":{"start":{"line":143,"column":14},"end":{"line":143,"column":31}},"97":{"start":{"line":144,"column":2},"end":{"line":144,"column":null}},"98":{"start":{"line":145,"column":2},"end":{"line":145,"column":null}},"99":{"start":{"line":146,"column":2},"end":{"line":146,"column":null}},"100":{"start":{"line":147,"column":2},"end":{"line":147,"column":null}},"101":{"start":{"line":148,"column":15},"end":{"line":148,"column":null}},"102":{"start":{"line":149,"column":2},"end":{"line":149,"column":null}},"103":{"start":{"line":153,"column":16},"end":{"line":153,"column":null}},"104":{"start":{"line":154,"column":2},"end":{"line":154,"column":null}},"105":{"start":{"line":154,"column":26},"end":{"line":154,"column":null}},"106":{"start":{"line":155,"column":18},"end":{"line":155,"column":null}},"107":{"start":{"line":156,"column":16},"end":{"line":156,"column":null}},"108":{"start":{"line":157,"column":14},"end":{"line":157,"column":null}},"109":{"start":{"line":158,"column":2},"end":{"line":158,"column":null}},"110":{"start":{"line":160,"column":14},"end":{"line":160,"column":16}},"111":{"start":{"line":161,"column":2},"end":{"line":161,"column":null}},"112":{"start":{"line":161,"column":19},"end":{"line":161,"column":null}},"113":{"start":{"line":165,"column":2},"end":{"line":165,"column":null}},"114":{"start":{"line":166,"column":2},"end":{"line":166,"column":null}},"115":{"start":{"line":167,"column":2},"end":{"line":167,"column":null}},"116":{"start":{"line":168,"column":2},"end":{"line":168,"column":null}},"117":{"start":{"line":169,"column":2},"end":{"line":169,"column":null}},"118":{"start":{"line":170,"column":2},"end":{"line":170,"column":null}},"119":{"start":{"line":171,"column":2},"end":{"line":171,"column":null}},"120":{"start":{"line":172,"column":2},"end":{"line":172,"column":null}},"121":{"start":{"line":173,"column":2},"end":{"line":173,"column":null}},"122":{"start":{"line":174,"column":2},"end":{"line":174,"column":null}},"123":{"start":{"line":175,"column":2},"end":{"line":175,"column":null}},"124":{"start":{"line":176,"column":2},"end":{"line":176,"column":null}},"125":{"start":{"line":177,"column":2},"end":{"line":177,"column":null}}},"fnMap":{"0":{"name":"boost_math1","decl":{"start":{"line":4,"column":16},"end":{"line":4,"column":36}},"loc":{"start":{"line":4,"column":36},"end":{"line":17,"column":null}},"line":4},"1":{"name":"boost_math2","decl":{"start":{"line":20,"column":16},"end":{"line":20,"column":36}},"loc":{"start":{"line":20,"column":36},"end":{"line":27,"column":null}},"line":20},"2":{"name":"(anonymous_2)","decl":{"start":{"line":25,"column":21},"end":{"line":25,"column":29}},"loc":{"start":{"line":25,"column":38},"end":{"line":25,"column":45}},"line":25},"3":{"name":"boost_loop","decl":{"start":{"line":30,"column":16},"end":{"line":30,"column":35}},"loc":{"start":{"line":30,"column":35},"end":{"line":37,"column":null}},"line":30},"4":{"name":"boost_conditionals","decl":{"start":{"line":42,"column":16},"end":{"line":42,"column":43}},"loc":{"start":{"line":42,"column":43},"end":{"line":54,"column":null}},"line":42},"5":{"name":"boost_array","decl":{"start":{"line":57,"column":16},"end":{"line":57,"column":36}},"loc":{"start":{"line":57,"column":36},"end":{"line":65,"column":null}},"line":57},"6":{"name":"(anonymous_6)","decl":{"start":{"line":64,"column":6},"end":{"line":64,"column":12}},"loc":{"start":{"line":64,"column":21},"end":{"line":64,"column":27}},"line":64},"7":{"name":"boost_object","decl":{"start":{"line":68,"column":16},"end":{"line":68,"column":37}},"loc":{"start":{"line":68,"column":37},"end":{"line":75,"column":null}},"line":68},"8":{"name":"boost_string","decl":{"start":{"line":78,"column":16},"end":{"line":78,"column":37}},"loc":{"start":{"line":78,"column":37},"end":{"line":88,"column":null}},"line":78},"9":{"name":"boost_json","decl":{"start":{"line":91,"column":16},"end":{"line":91,"column":35}},"loc":{"start":{"line":91,"column":35},"end":{"line":95,"column":null}},"line":91},"10":{"name":"boost_date","decl":{"start":{"line":98,"column":16},"end":{"line":98,"column":35}},"loc":{"start":{"line":98,"column":35},"end":{"line":107,"column":null}},"line":98},"11":{"name":"boost_error_handling","decl":{"start":{"line":110,"column":16},"end":{"line":110,"column":45}},"loc":{"start":{"line":110,"column":45},"end":{"line":118,"column":null}},"line":110},"12":{"name":"boost_regular_expression","decl":{"start":{"line":122,"column":16},"end":{"line":122,"column":49}},"loc":{"start":{"line":122,"column":49},"end":{"line":130,"column":null}},"line":122},"13":{"name":"boost_map_set","decl":{"start":{"line":133,"column":16},"end":{"line":133,"column":38}},"loc":{"start":{"line":133,"column":38},"end":{"line":149,"column":null}},"line":133},"14":{"name":"boost_some_edge_cases","decl":{"start":{"line":152,"column":16},"end":{"line":152,"column":46}},"loc":{"start":{"line":152,"column":46},"end":{"line":161,"column":null}},"line":152},"15":{"name":"runAll","decl":{"start":{"line":164,"column":16},"end":{"line":164,"column":31}},"loc":{"start":{"line":164,"column":31},"end":{"line":177,"column":null}},"line":164}},"branchMap":{"0":{"loc":{"start":{"line":34,"column":4},"end":{"line":37,"column":null}},"type":"if","locations":[{"start":{"line":34,"column":4},"end":{"line":37,"column":null}},{"start":{"line":36,"column":11},"end":{"line":37,"column":null}}],"line":34},"1":{"loc":{"start":{"line":44,"column":2},"end":{"line":49,"column":null}},"type":"if","locations":[{"start":{"line":44,"column":2},"end":{"line":49,"column":null}},{"start":{"line":46,"column":13},"end":{"line":49,"column":null}}],"line":44},"2":{"loc":{"start":{"line":46,"column":13},"end":{"line":49,"column":null}},"type":"if","locations":[{"start":{"line":46,"column":13},"end":{"line":49,"column":null}},{"start":{"line":48,"column":9},"end":{"line":49,"column":null}}],"line":46},"3":{"loc":{"start":{"line":53,"column":12},"end":{"line":53,"column":null}},"type":"cond-expr","locations":[{"start":{"line":53,"column":16},"end":{"line":53,"column":24}},{"start":{"line":53,"column":24},"end":{"line":53,"column":null}}],"line":53},"4":{"loc":{"start":{"line":114,"column":4},"end":{"line":115,"column":null}},"type":"if","locations":[{"start":{"line":114,"column":4},"end":{"line":115,"column":null}},{"start":{},"end":{}}],"line":114},"5":{"loc":{"start":{"line":154,"column":2},"end":{"line":154,"column":null}},"type":"if","locations":[{"start":{"line":154,"column":2},"end":{"line":154,"column":null}},{"start":{},"end":{}}],"line":154},"6":{"loc":{"start":{"line":157,"column":14},"end":{"line":157,"column":null}},"type":"binary-expr","locations":[{"start":{"line":157,"column":14},"end":{"line":157,"column":25}},{"start":{"line":157,"column":25},"end":{"line":157,"column":null}}],"line":157},"7":{"loc":{"start":{"line":161,"column":2},"end":{"line":161,"column":null}},"type":"if","locations":[{"start":{"line":161,"column":2},"end":{"line":161,"column":null}},{"start":{},"end":{}}],"line":161}},"s":{"0":1,"1":1,"2":1,"3":1,"4":1,"5":1,"6":1,"7":1,"8":1,"9":1,"10":1,"11":1,"12":1,"13":1,"14":1,"15":1,"16":5,"17":1,"18":5,"19":1,"20":1,"21":1,"22":1,"23":10,"24":10,"25":5,"26":5,"27":1,"28":1,"29":1,"30":0,"31":0,"32":0,"33":1,"34":1,"35":1,"36":1,"37":1,"38":1,"39":1,"40":1,"41":1,"42":1,"43":1,"44":1,"45":1,"46":1,"47":1,"48":1,"49":1,"50":1,"51":1,"52":1,"53":1,"54":1,"55":1,"56":1,"57":1,"58":1,"59":1,"60":1,"61":1,"62":1,"63":1,"64":1,"65":1,"66":1,"67":1,"68":1,"69":1,"70":1,"71":1,"72":1,"73":1,"74":1,"75":1,"76":1,"77":1,"78":1,"79":1,"80":1,"81":1,"82":1,"83":1,"84":1,"85":1,"86":1,"87":1,"88":1,"89":1,"90":1,"91":1,"92":1,"93":1,"94":1,"95":1,"96":1,"97":1,"98":1,"99":1,"100":1,"101":1,"102":1,"103":1,"104":1,"105":1,"106":1,"107":1,"108":1,"109":1,"110":1,"111":1,"112":1,"113":1,"114":1,"115":1,"116":1,"117":1,"118":1,"119":1,"120":1,"121":1,"122":1,"123":1,"124":1,"125":1},"f":{"0":1,"1":1,"2":5,"3":1,"4":1,"5":1,"6":1,"7":1,"8":1,"9":1,"10":1,"11":1,"12":1,"13":1,"14":1,"15":1},"b":{"0":[5,5],"1":[1,0],"2":[0,0],"3":[1,0],"4":[1,0],"5":[1,0],"6":[1,1],"7":[1,0]},"meta":{"lastBranch":8,"lastFunction":16,"lastStatement":126,"seen":{"f:4:16:4:36":0,"s:5:12:5:Infinity":0,"s:6:12:6:Infinity":1,"s:7:12:7:Infinity":2,"s:8:12:8:Infinity":3,"s:9:12:9:Infinity":4,"s:10:12:10:Infinity":5,"s:11:12:11:Infinity":6,"s:12:12:12:26":7,"s:13:12:13:25":8,"s:14:12:14:29":9,"s:15:12:15:29":10,"s:16:12:16:24":11,"s:17:2:17:Infinity":12,"f:20:16:20:36":1,"s:21:17:21:Infinity":13,"s:22:2:23:Infinity":14,"s:22:15:22:18":15,"s:23:4:23:Infinity":16,"s:25:14:25:47":17,"f:25:21:25:29":2,"s:25:38:25:45":18,"s:26:14:26:Infinity":19,"s:27:2:27:Infinity":20,"f:30:16:30:35":3,"s:31:14:31:Infinity":21,"s:32:2:37:Infinity":22,"s:33:4:33:Infinity":23,"b:34:4:37:Infinity:36:11:37:Infinity":0,"s:34:4:37:Infinity":24,"s:35:6:35:Infinity":25,"s:37:6:37:Infinity":26,"f:42:16:42:43":4,"s:43:12:43:Infinity":27,"b:44:2:49:Infinity:46:13:49:Infinity":1,"s:44:2:49:Infinity":28,"s:45:4:45:Infinity":29,"b:46:13:49:Infinity:48:9:49:Infinity":2,"s:46:13:49:Infinity":30,"s:47:4:47:Infinity":31,"s:49:4:49:Infinity":32,"s:52:12:52:Infinity":33,"s:53:12:53:Infinity":34,"b:53:16:53:24:53:24:53:Infinity":3,"s:54:2:54:Infinity":35,"f:57:16:57:36":5,"s:58:14:58:Infinity":36,"s:59:2:59:Infinity":37,"s:60:2:60:Infinity":38,"s:61:2:61:Infinity":39,"s:62:2:62:Infinity":40,"s:63:2:63:Infinity":41,"s:64:2:64:Infinity":42,"f:64:6:64:12":6,"s:64:21:64:27":43,"s:65:2:65:Infinity":44,"f:68:16:68:37":7,"s:69:14:69:Infinity":45,"s:70:2:70:Infinity":46,"s:71:2:71:Infinity":47,"s:72:15:72:31":48,"s:73:17:73:35":49,"s:74:18:74:37":50,"s:75:2:75:Infinity":51,"f:78:16:78:37":8,"s:79:12:79:Infinity":52,"s:80:13:80:28":53,"s:81:14:81:29":54,"s:82:16:82:28":55,"s:83:15:83:30":56,"s:84:19:84:38":57,"s:85:16:85:30":58,"s:86:16:86:29":59,"s:87:18:87:45":60,"s:88:2:88:Infinity":61,"f:91:16:91:35":9,"s:92:14:92:Infinity":62,"s:93:14:93:33":63,"s:94:17:94:32":64,"s:95:2:95:Infinity":65,"f:98:16:98:35":10,"s:99:14:99:24":66,"s:100:15:100:32":67,"s:101:16:101:30":68,"s:102:14:102:27":69,"s:103:16:103:30":70,"s:104:18:104:34":71,"s:105:18:105:34":72,"s:106:20:106:33":73,"s:107:2:107:Infinity":74,"f:110:16:110:45":11,"s:111:2:118:Infinity":75,"s:112:4:112:Infinity":76,"b:114:4:115:Infinity:undefined:undefined:undefined:undefined":4,"s:114:4:115:Infinity":77,"s:115:6:115:Infinity":78,"s:118:4:118:Infinity":79,"f:122:16:122:49":12,"s:123:18:123:Infinity":80,"s:124:14:124:Infinity":81,"s:125:16:125:34":82,"s:126:17:126:35":83,"s:127:18:127:46":84,"s:128:16:128:32":85,"s:129:15:129:35":86,"s:130:2:130:Infinity":87,"f:133:16:133:38":13,"s:134:14:134:39":88,"s:135:2:135:Infinity":89,"s:136:2:136:Infinity":90,"s:137:2:137:Infinity":91,"s:138:14:138:26":92,"s:139:15:139:37":93,"s:140:17:140:41":94,"s:141:2:141:Infinity":95,"s:143:14:143:31":96,"s:144:2:144:Infinity":97,"s:145:2:145:Infinity":98,"s:146:2:146:Infinity":99,"s:147:2:147:Infinity":100,"s:148:15:148:Infinity":101,"s:149:2:149:Infinity":102,"f:152:16:152:46":14,"s:153:16:153:Infinity":103,"b:154:2:154:Infinity:undefined:undefined:undefined:undefined":5,"s:154:2:154:Infinity":104,"s:154:26:154:Infinity":105,"s:155:18:155:Infinity":106,"s:156:16:156:Infinity":107,"s:157:14:157:Infinity":108,"b:157:14:157:25:157:25:157:Infinity":6,"s:158:2:158:Infinity":109,"s:160:14:160:16":110,"b:161:2:161:Infinity:undefined:undefined:undefined:undefined":7,"s:161:2:161:Infinity":111,"s:161:19:161:Infinity":112,"f:164:16:164:31":15,"s:165:2:165:Infinity":113,"s:166:2:166:Infinity":114,"s:167:2:167:Infinity":115,"s:168:2:168:Infinity":116,"s:169:2:169:Infinity":117,"s:170:2:170:Infinity":118,"s:171:2:171:Infinity":119,"s:172:2:172:Infinity":120,"s:173:2:173:Infinity":121,"s:174:2:174:Infinity":122,"s:175:2:175:Infinity":123,"s:176:2:176:Infinity":124,"s:177:2:177:Infinity":125}}}
,"/root/projects/app-hub/apps/tools/text-diff/src/main.ts": {"path":"/root/projects/app-hub/apps/tools/text-diff/src/main.ts","statementMap":{"0":{"start":{"line":3,"column":12},"end":{"line":3,"column":42}},"1":{"start":{"line":4,"column":0},"end":{"line":4,"column":null}},"2":{"start":{"line":18,"column":15},"end":{"line":18,"column":46}},"3":{"start":{"line":19,"column":16},"end":{"line":19,"column":48}},"4":{"start":{"line":20,"column":16},"end":{"line":20,"column":48}},"5":{"start":{"line":21,"column":15},"end":{"line":21,"column":46}},"6":{"start":{"line":31,"column":12},"end":{"line":31,"column":25}},"7":{"start":{"line":31,"column":29},"end":{"line":31,"column":null}},"8":{"start":{"line":32,"column":25},"end":{"line":32,"column":86}},"9":{"start":{"line":32,"column":61},"end":{"line":32,"column":85}},"10":{"start":{"line":34,"column":2},"end":{"line":36,"column":null}},"11":{"start":{"line":34,"column":15},"end":{"line":34,"column":18}},"12":{"start":{"line":35,"column":4},"end":{"line":36,"column":null}},"13":{"start":{"line":35,"column":17},"end":{"line":35,"column":20}},"14":{"start":{"line":36,"column":6},"end":{"line":36,"column":null}},"15":{"start":{"line":41,"column":29},"end":{"line":41,"column":31}},"16":{"start":{"line":42,"column":10},"end":{"line":42,"column":13}},"17":{"start":{"line":42,"column":17},"end":{"line":42,"column":null}},"18":{"start":{"line":43,"column":27},"end":{"line":43,"column":29}},"19":{"start":{"line":44,"column":2},"end":{"line":53,"column":null}},"20":{"start":{"line":45,"column":4},"end":{"line":53,"column":null}},"21":{"start":{"line":46,"column":6},"end":{"line":46,"column":null}},"22":{"start":{"line":47,"column":6},"end":{"line":47,"column":11}},"23":{"start":{"line":47,"column":11},"end":{"line":47,"column":null}},"24":{"start":{"line":48,"column":15},"end":{"line":53,"column":null}},"25":{"start":{"line":49,"column":6},"end":{"line":49,"column":null}},"26":{"start":{"line":50,"column":6},"end":{"line":50,"column":null}},"27":{"start":{"line":52,"column":6},"end":{"line":52,"column":null}},"28":{"start":{"line":53,"column":6},"end":{"line":53,"column":null}},"29":{"start":{"line":56,"column":2},"end":{"line":56,"column":null}},"30":{"start":{"line":59,"column":10},"end":{"line":59,"column":null}},"31":{"start":{"line":60,"column":2},"end":{"line":66,"column":null}},"32":{"start":{"line":61,"column":4},"end":{"line":66,"column":null}},"33":{"start":{"line":62,"column":6},"end":{"line":62,"column":null}},"34":{"start":{"line":63,"column":6},"end":{"line":63,"column":null}},"35":{"start":{"line":65,"column":6},"end":{"line":65,"column":null}},"36":{"start":{"line":66,"column":6},"end":{"line":66,"column":null}},"37":{"start":{"line":70,"column":2},"end":{"line":70,"column":null}},"38":{"start":{"line":74,"column":2},"end":{"line":74,"column":null}},"39":{"start":{"line":78,"column":20},"end":{"line":78,"column":44}},"40":{"start":{"line":79,"column":21},"end":{"line":79,"column":46}},"41":{"start":{"line":80,"column":15},"end":{"line":80,"column":49}},"42":{"start":{"line":82,"column":14},"end":{"line":82,"column":17}},"43":{"start":{"line":82,"column":27},"end":{"line":82,"column":30}},"44":{"start":{"line":82,"column":40},"end":{"line":82,"column":null}},"45":{"start":{"line":83,"column":2},"end":{"line":86,"column":null}},"46":{"start":{"line":84,"column":4},"end":{"line":86,"column":null}},"47":{"start":{"line":84,"column":28},"end":{"line":84,"column":null}},"48":{"start":{"line":85,"column":13},"end":{"line":86,"column":null}},"49":{"start":{"line":85,"column":35},"end":{"line":85,"column":null}},"50":{"start":{"line":86,"column":13},"end":{"line":86,"column":null}},"51":{"start":{"line":86,"column":35},"end":{"line":86,"column":null}},"52":{"start":{"line":89,"column":2},"end":{"line":94,"column":null}},"53":{"start":{"line":97,"column":16},"end":{"line":97,"column":19}},"54":{"start":{"line":97,"column":30},"end":{"line":97,"column":null}},"55":{"start":{"line":98,"column":2},"end":{"line":109,"column":null}},"56":{"start":{"line":99,"column":4},"end":{"line":99,"column":null}},"57":{"start":{"line":99,"column":16},"end":{"line":99,"column":null}},"58":{"start":{"line":100,"column":4},"end":{"line":100,"column":null}},"59":{"start":{"line":100,"column":17},"end":{"line":100,"column":null}},"60":{"start":{"line":101,"column":15},"end":{"line":101,"column":null}},"61":{"start":{"line":102,"column":15},"end":{"line":102,"column":null}},"62":{"start":{"line":103,"column":4},"end":{"line":107,"column":null}},"63":{"start":{"line":112,"column":0},"end":{"line":112,"column":null}},"64":{"start":{"line":113,"column":0},"end":{"line":115,"column":null}},"65":{"start":{"line":114,"column":2},"end":{"line":114,"column":21}},"66":{"start":{"line":114,"column":21},"end":{"line":114,"column":41}},"67":{"start":{"line":114,"column":41},"end":{"line":114,"column":64}},"68":{"start":{"line":114,"column":64},"end":{"line":114,"column":null}},"69":{"start":{"line":119,"column":6},"end":{"line":119,"column":null}},"70":{"start":{"line":119,"column":29},"end":{"line":119,"column":50}},"71":{"start":{"line":119,"column":50},"end":{"line":119,"column":null}},"72":{"start":{"line":120,"column":0},"end":{"line":120,"column":null}},"73":{"start":{"line":121,"column":0},"end":{"line":121,"column":null}}},"fnMap":{"0":{"name":"computeDiff","decl":{"start":{"line":29,"column":9},"end":{"line":29,"column":21}},"loc":{"start":{"line":29,"column":66},"end":{"line":70,"column":null}},"line":29},"1":{"name":"(anonymous_1)","decl":{"start":{"line":32,"column":53},"end":{"line":32,"column":61}},"loc":{"start":{"line":32,"column":61},"end":{"line":32,"column":85}},"line":32},"2":{"name":"diffHtml","decl":{"start":{"line":73,"column":9},"end":{"line":73,"column":18}},"loc":{"start":{"line":73,"column":40},"end":{"line":74,"column":null}},"line":73},"3":{"name":"doDiff","decl":{"start":{"line":77,"column":9},"end":{"line":77,"column":18}},"loc":{"start":{"line":77,"column":18},"end":{"line":109,"column":null}},"line":77},"4":{"name":"(anonymous_4)","decl":{"start":{"line":98,"column":26},"end":{"line":98,"column":31}},"loc":{"start":{"line":98,"column":42},"end":{"line":109,"column":5}},"line":98},"5":{"name":"(anonymous_5)","decl":{"start":{"line":113,"column":51},"end":{"line":113,"column":66}},"loc":{"start":{"line":113,"column":66},"end":{"line":115,"column":null}},"line":113},"6":{"name":"(anonymous_6)","decl":{"start":{"line":119,"column":6},"end":{"line":119,"column":27}},"loc":{"start":{"line":119,"column":27},"end":{"line":119,"column":null}},"line":119}},"branchMap":{"0":{"loc":{"start":{"line":36,"column":17},"end":{"line":36,"column":107}},"type":"cond-expr","locations":[{"start":{"line":36,"column":48},"end":{"line":36,"column":71}},{"start":{"line":36,"column":71},"end":{"line":36,"column":107}}],"line":36},"1":{"loc":{"start":{"line":44,"column":9},"end":{"line":44,"column":25}},"type":"binary-expr","locations":[{"start":{"line":44,"column":9},"end":{"line":44,"column":18}},{"start":{"line":44,"column":18},"end":{"line":44,"column":25}}],"line":44},"2":{"loc":{"start":{"line":45,"column":4},"end":{"line":53,"column":null}},"type":"if","locations":[{"start":{"line":45,"column":4},"end":{"line":53,"column":null}},{"start":{"line":48,"column":15},"end":{"line":53,"column":null}}],"line":45},"3":{"loc":{"start":{"line":45,"column":8},"end":{"line":45,"column":56}},"type":"binary-expr","locations":[{"start":{"line":45,"column":8},"end":{"line":45,"column":17}},{"start":{"line":45,"column":17},"end":{"line":45,"column":26}},{"start":{"line":45,"column":26},"end":{"line":45,"column":56}}],"line":45},"4":{"loc":{"start":{"line":48,"column":15},"end":{"line":53,"column":null}},"type":"if","locations":[{"start":{"line":48,"column":15},"end":{"line":53,"column":null}},{"start":{"line":51,"column":11},"end":{"line":53,"column":null}}],"line":48},"5":{"loc":{"start":{"line":48,"column":15},"end":{"line":48,"column":67}},"type":"binary-expr","locations":[{"start":{"line":48,"column":15},"end":{"line":48,"column":25}},{"start":{"line":48,"column":25},"end":{"line":48,"column":36}},{"start":{"line":48,"column":36},"end":{"line":48,"column":67}}],"line":48},"6":{"loc":{"start":{"line":61,"column":4},"end":{"line":66,"column":null}},"type":"if","locations":[{"start":{"line":61,"column":4},"end":{"line":66,"column":null}},{"start":{"line":64,"column":11},"end":{"line":66,"column":null}}],"line":61},"7":{"loc":{"start":{"line":61,"column":8},"end":{"line":61,"column":91}},"type":"binary-expr","locations":[{"start":{"line":61,"column":8},"end":{"line":61,"column":38}},{"start":{"line":61,"column":38},"end":{"line":61,"column":61}},{"start":{"line":61,"column":61},"end":{"line":61,"column":91}}],"line":61},"8":{"loc":{"start":{"line":84,"column":4},"end":{"line":86,"column":null}},"type":"if","locations":[{"start":{"line":84,"column":4},"end":{"line":86,"column":null}},{"start":{"line":85,"column":13},"end":{"line":86,"column":null}}],"line":84},"9":{"loc":{"start":{"line":85,"column":13},"end":{"line":86,"column":null}},"type":"if","locations":[{"start":{"line":85,"column":13},"end":{"line":86,"column":null}},{"start":{"line":86,"column":13},"end":{"line":86,"column":null}}],"line":85},"10":{"loc":{"start":{"line":86,"column":13},"end":{"line":86,"column":null}},"type":"if","locations":[{"start":{"line":86,"column":13},"end":{"line":86,"column":null}},{"start":{},"end":{}}],"line":86},"11":{"loc":{"start":{"line":99,"column":4},"end":{"line":99,"column":null}},"type":"if","locations":[{"start":{"line":99,"column":4},"end":{"line":99,"column":null}},{"start":{},"end":{}}],"line":99},"12":{"loc":{"start":{"line":100,"column":4},"end":{"line":100,"column":null}},"type":"if","locations":[{"start":{"line":100,"column":4},"end":{"line":100,"column":null}},{"start":{},"end":{}}],"line":100},"13":{"loc":{"start":{"line":101,"column":15},"end":{"line":101,"column":null}},"type":"cond-expr","locations":[{"start":{"line":101,"column":24},"end":{"line":101,"column":39}},{"start":{"line":101,"column":42},"end":{"line":101,"column":null}}],"line":101},"14":{"loc":{"start":{"line":102,"column":15},"end":{"line":102,"column":null}},"type":"cond-expr","locations":[{"start":{"line":102,"column":25},"end":{"line":102,"column":41}},{"start":{"line":102,"column":44},"end":{"line":102,"column":null}}],"line":102},"15":{"loc":{"start":{"line":103,"column":36},"end":{"line":103,"column":68}},"type":"cond-expr","locations":[{"start":{"line":103,"column":56},"end":{"line":103,"column":61}},{"start":{"line":103,"column":61},"end":{"line":103,"column":68}}],"line":103}},"s":{"0":1,"1":1,"2":1,"3":1,"4":1,"5":1,"6":0,"7":0,"8":0,"9":0,"10":0,"11":0,"12":0,"13":0,"14":0,"15":0,"16":0,"17":0,"18":0,"19":0,"20":0,"21":0,"22":0,"23":0,"24":0,"25":0,"26":0,"27":0,"28":0,"29":0,"30":0,"31":0,"32":0,"33":0,"34":0,"35":0,"36":0,"37":0,"38":0,"39":0,"40":0,"41":0,"42":0,"43":0,"44":0,"45":0,"46":0,"47":0,"48":0,"49":0,"50":0,"51":0,"52":0,"53":0,"54":0,"55":0,"56":0,"57":0,"58":0,"59":0,"60":0,"61":0,"62":0,"63":1,"64":1,"65":0,"66":0,"67":0,"68":0,"69":1,"70":0,"71":0,"72":1,"73":1},"f":{"0":0,"1":0,"2":0,"3":0,"4":0,"5":0,"6":0},"b":{"0":[0,0],"1":[0,0],"2":[0,0],"3":[0,0,0],"4":[0,0],"5":[0,0,0],"6":[0,0],"7":[0,0,0],"8":[0,0],"9":[0,0],"10":[0,0],"11":[0,0],"12":[0,0],"13":[0,0],"14":[0,0],"15":[0,0]},"meta":{"lastBranch":16,"lastFunction":7,"lastStatement":74,"seen":{"s:3:12:3:42":0,"s:4:0:4:Infinity":1,"s:18:15:18:46":2,"s:19:16:19:48":3,"s:20:16:20:48":4,"s:21:15:21:46":5,"f:29:9:29:21":0,"s:31:12:31:25":6,"s:31:29:31:Infinity":7,"s:32:25:32:86":8,"f:32:53:32:61":1,"s:32:61:32:85":9,"s:34:2:36:Infinity":10,"s:34:15:34:18":11,"s:35:4:36:Infinity":12,"s:35:17:35:20":13,"s:36:6:36:Infinity":14,"b:36:48:36:71:36:71:36:107":0,"s:41:29:41:31":15,"s:42:10:42:13":16,"s:42:17:42:Infinity":17,"s:43:27:43:29":18,"s:44:2:53:Infinity":19,"b:44:9:44:18:44:18:44:25":1,"b:45:4:53:Infinity:48:15:53:Infinity":2,"s:45:4:53:Infinity":20,"b:45:8:45:17:45:17:45:26:45:26:45:56":3,"s:46:6:46:Infinity":21,"s:47:6:47:11":22,"s:47:11:47:Infinity":23,"b:48:15:53:Infinity:51:11:53:Infinity":4,"s:48:15:53:Infinity":24,"b:48:15:48:25:48:25:48:36:48:36:48:67":5,"s:49:6:49:Infinity":25,"s:50:6:50:Infinity":26,"s:52:6:52:Infinity":27,"s:53:6:53:Infinity":28,"s:56:2:56:Infinity":29,"s:59:10:59:Infinity":30,"s:60:2:66:Infinity":31,"b:61:4:66:Infinity:64:11:66:Infinity":6,"s:61:4:66:Infinity":32,"b:61:8:61:38:61:38:61:61:61:61:61:91":7,"s:62:6:62:Infinity":33,"s:63:6:63:Infinity":34,"s:65:6:65:Infinity":35,"s:66:6:66:Infinity":36,"s:70:2:70:Infinity":37,"f:73:9:73:18":2,"s:74:2:74:Infinity":38,"f:77:9:77:18":3,"s:78:20:78:44":39,"s:79:21:79:46":40,"s:80:15:80:49":41,"s:82:14:82:17":42,"s:82:27:82:30":43,"s:82:40:82:Infinity":44,"s:83:2:86:Infinity":45,"b:84:4:86:Infinity:85:13:86:Infinity":8,"s:84:4:86:Infinity":46,"s:84:28:84:Infinity":47,"b:85:13:86:Infinity:86:13:86:Infinity":9,"s:85:13:86:Infinity":48,"s:85:35:85:Infinity":49,"b:86:13:86:Infinity:undefined:undefined:undefined:undefined":10,"s:86:13:86:Infinity":50,"s:86:35:86:Infinity":51,"s:89:2:94:Infinity":52,"s:97:16:97:19":53,"s:97:30:97:Infinity":54,"s:98:2:109:Infinity":55,"f:98:26:98:31":4,"b:99:4:99:Infinity:undefined:undefined:undefined:undefined":11,"s:99:4:99:Infinity":56,"s:99:16:99:Infinity":57,"b:100:4:100:Infinity:undefined:undefined:undefined:undefined":12,"s:100:4:100:Infinity":58,"s:100:17:100:Infinity":59,"s:101:15:101:Infinity":60,"b:101:24:101:39:101:42:101:Infinity":13,"s:102:15:102:Infinity":61,"b:102:25:102:41:102:44:102:Infinity":14,"s:103:4:107:Infinity":62,"b:103:56:103:61:103:61:103:68":15,"s:112:0:112:Infinity":63,"s:113:0:115:Infinity":64,"f:113:51:113:66":5,"s:114:2:114:21":65,"s:114:21:114:41":66,"s:114:41:114:64":67,"s:114:64:114:Infinity":68,"s:119:6:119:Infinity":69,"f:119:6:119:27":6,"s:119:29:119:50":70,"s:119:50:119:Infinity":71,"s:120:0:120:Infinity":72,"s:121:0:121:Infinity":73}}}
}
