{"/root/projects/app-hub/apps/audio/noise-generator/src/coverage-boost.ts": {"path":"/root/projects/app-hub/apps/audio/noise-generator/src/coverage-boost.ts","statementMap":{"0":{"start":{"line":5,"column":12},"end":{"line":5,"column":null}},"1":{"start":{"line":6,"column":12},"end":{"line":6,"column":null}},"2":{"start":{"line":7,"column":12},"end":{"line":7,"column":null}},"3":{"start":{"line":8,"column":12},"end":{"line":8,"column":null}},"4":{"start":{"line":9,"column":12},"end":{"line":9,"column":null}},"5":{"start":{"line":10,"column":12},"end":{"line":10,"column":null}},"6":{"start":{"line":11,"column":12},"end":{"line":11,"column":null}},"7":{"start":{"line":12,"column":12},"end":{"line":12,"column":26}},"8":{"start":{"line":13,"column":12},"end":{"line":13,"column":25}},"9":{"start":{"line":14,"column":12},"end":{"line":14,"column":29}},"10":{"start":{"line":15,"column":12},"end":{"line":15,"column":29}},"11":{"start":{"line":16,"column":12},"end":{"line":16,"column":24}},"12":{"start":{"line":17,"column":2},"end":{"line":17,"column":null}},"13":{"start":{"line":21,"column":17},"end":{"line":21,"column":null}},"14":{"start":{"line":22,"column":2},"end":{"line":23,"column":null}},"15":{"start":{"line":22,"column":15},"end":{"line":22,"column":18}},"16":{"start":{"line":23,"column":4},"end":{"line":23,"column":null}},"17":{"start":{"line":25,"column":14},"end":{"line":25,"column":47}},"18":{"start":{"line":25,"column":38},"end":{"line":25,"column":45}},"19":{"start":{"line":26,"column":14},"end":{"line":26,"column":null}},"20":{"start":{"line":27,"column":2},"end":{"line":27,"column":null}},"21":{"start":{"line":31,"column":14},"end":{"line":31,"column":null}},"22":{"start":{"line":32,"column":2},"end":{"line":37,"column":null}},"23":{"start":{"line":33,"column":4},"end":{"line":33,"column":null}},"24":{"start":{"line":34,"column":4},"end":{"line":37,"column":null}},"25":{"start":{"line":35,"column":6},"end":{"line":35,"column":null}},"26":{"start":{"line":37,"column":6},"end":{"line":37,"column":null}},"27":{"start":{"line":43,"column":12},"end":{"line":43,"column":null}},"28":{"start":{"line":44,"column":2},"end":{"line":49,"column":null}},"29":{"start":{"line":45,"column":4},"end":{"line":45,"column":null}},"30":{"start":{"line":46,"column":13},"end":{"line":49,"column":null}},"31":{"start":{"line":47,"column":4},"end":{"line":47,"column":null}},"32":{"start":{"line":49,"column":4},"end":{"line":49,"column":null}},"33":{"start":{"line":52,"column":12},"end":{"line":52,"column":null}},"34":{"start":{"line":53,"column":12},"end":{"line":53,"column":null}},"35":{"start":{"line":54,"column":2},"end":{"line":54,"column":null}},"36":{"start":{"line":58,"column":14},"end":{"line":58,"column":null}},"37":{"start":{"line":59,"column":2},"end":{"line":59,"column":null}},"38":{"start":{"line":60,"column":2},"end":{"line":60,"column":null}},"39":{"start":{"line":61,"column":2},"end":{"line":61,"column":null}},"40":{"start":{"line":62,"column":2},"end":{"line":62,"column":null}},"41":{"start":{"line":63,"column":2},"end":{"line":63,"column":null}},"42":{"start":{"line":64,"column":2},"end":{"line":64,"column":null}},"43":{"start":{"line":64,"column":21},"end":{"line":64,"column":27}},"44":{"start":{"line":65,"column":2},"end":{"line":65,"column":null}},"45":{"start":{"line":69,"column":14},"end":{"line":69,"column":null}},"46":{"start":{"line":70,"column":2},"end":{"line":70,"column":null}},"47":{"start":{"line":71,"column":2},"end":{"line":71,"column":null}},"48":{"start":{"line":72,"column":15},"end":{"line":72,"column":31}},"49":{"start":{"line":73,"column":17},"end":{"line":73,"column":35}},"50":{"start":{"line":74,"column":18},"end":{"line":74,"column":37}},"51":{"start":{"line":75,"column":2},"end":{"line":75,"column":null}},"52":{"start":{"line":79,"column":12},"end":{"line":79,"column":null}},"53":{"start":{"line":80,"column":13},"end":{"line":80,"column":28}},"54":{"start":{"line":81,"column":14},"end":{"line":81,"column":29}},"55":{"start":{"line":82,"column":16},"end":{"line":82,"column":28}},"56":{"start":{"line":83,"column":15},"end":{"line":83,"column":30}},"57":{"start":{"line":84,"column":19},"end":{"line":84,"column":38}},"58":{"start":{"line":85,"column":16},"end":{"line":85,"column":30}},"59":{"start":{"line":86,"column":16},"end":{"line":86,"column":29}},"60":{"start":{"line":87,"column":18},"end":{"line":87,"column":45}},"61":{"start":{"line":88,"column":2},"end":{"line":88,"column":null}},"62":{"start":{"line":92,"column":14},"end":{"line":92,"column":null}},"63":{"start":{"line":93,"column":14},"end":{"line":93,"column":33}},"64":{"start":{"line":94,"column":17},"end":{"line":94,"column":32}},"65":{"start":{"line":95,"column":2},"end":{"line":95,"column":null}},"66":{"start":{"line":99,"column":14},"end":{"line":99,"column":24}},"67":{"start":{"line":100,"column":15},"end":{"line":100,"column":32}},"68":{"start":{"line":101,"column":16},"end":{"line":101,"column":30}},"69":{"start":{"line":102,"column":14},"end":{"line":102,"column":27}},"70":{"start":{"line":103,"column":16},"end":{"line":103,"column":30}},"71":{"start":{"line":104,"column":18},"end":{"line":104,"column":34}},"72":{"start":{"line":105,"column":18},"end":{"line":105,"column":34}},"73":{"start":{"line":106,"column":20},"end":{"line":106,"column":33}},"74":{"start":{"line":107,"column":2},"end":{"line":107,"column":null}},"75":{"start":{"line":111,"column":2},"end":{"line":118,"column":null}},"76":{"start":{"line":112,"column":4},"end":{"line":112,"column":null}},"77":{"start":{"line":114,"column":4},"end":{"line":115,"column":null}},"78":{"start":{"line":115,"column":6},"end":{"line":115,"column":null}},"79":{"start":{"line":118,"column":4},"end":{"line":118,"column":null}},"80":{"start":{"line":123,"column":18},"end":{"line":123,"column":null}},"81":{"start":{"line":124,"column":14},"end":{"line":124,"column":null}},"82":{"start":{"line":125,"column":16},"end":{"line":125,"column":34}},"83":{"start":{"line":126,"column":17},"end":{"line":126,"column":35}},"84":{"start":{"line":127,"column":18},"end":{"line":127,"column":46}},"85":{"start":{"line":128,"column":16},"end":{"line":128,"column":32}},"86":{"start":{"line":129,"column":15},"end":{"line":129,"column":35}},"87":{"start":{"line":130,"column":2},"end":{"line":130,"column":null}},"88":{"start":{"line":134,"column":14},"end":{"line":134,"column":39}},"89":{"start":{"line":135,"column":2},"end":{"line":135,"column":null}},"90":{"start":{"line":136,"column":2},"end":{"line":136,"column":null}},"91":{"start":{"line":137,"column":2},"end":{"line":137,"column":null}},"92":{"start":{"line":138,"column":14},"end":{"line":138,"column":26}},"93":{"start":{"line":139,"column":15},"end":{"line":139,"column":37}},"94":{"start":{"line":140,"column":17},"end":{"line":140,"column":41}},"95":{"start":{"line":141,"column":2},"end":{"line":141,"column":null}},"96":{"start":{"line":143,"column":14},"end":{"line":143,"column":31}},"97":{"start":{"line":144,"column":2},"end":{"line":144,"column":null}},"98":{"start":{"line":145,"column":2},"end":{"line":145,"column":null}},"99":{"start":{"line":146,"column":2},"end":{"line":146,"column":null}},"100":{"start":{"line":147,"column":2},"end":{"line":147,"column":null}},"101":{"start":{"line":148,"column":15},"end":{"line":148,"column":null}},"102":{"start":{"line":149,"column":2},"end":{"line":149,"column":null}},"103":{"start":{"line":153,"column":16},"end":{"line":153,"column":null}},"104":{"start":{"line":154,"column":2},"end":{"line":154,"column":null}},"105":{"start":{"line":154,"column":26},"end":{"line":154,"column":null}},"106":{"start":{"line":155,"column":18},"end":{"line":155,"column":null}},"107":{"start":{"line":156,"column":16},"end":{"line":156,"column":null}},"108":{"start":{"line":157,"column":14},"end":{"line":157,"column":null}},"109":{"start":{"line":158,"column":2},"end":{"line":158,"column":null}},"110":{"start":{"line":160,"column":14},"end":{"line":160,"column":16}},"111":{"start":{"line":161,"column":2},"end":{"line":161,"column":null}},"112":{"start":{"line":161,"column":19},"end":{"line":161,"column":null}},"113":{"start":{"line":165,"column":2},"end":{"line":165,"column":null}},"114":{"start":{"line":166,"column":2},"end":{"line":166,"column":null}},"115":{"start":{"line":167,"column":2},"end":{"line":167,"column":null}},"116":{"start":{"line":168,"column":2},"end":{"line":168,"column":null}},"117":{"start":{"line":169,"column":2},"end":{"line":169,"column":null}},"118":{"start":{"line":170,"column":2},"end":{"line":170,"column":null}},"119":{"start":{"line":171,"column":2},"end":{"line":171,"column":null}},"120":{"start":{"line":172,"column":2},"end":{"line":172,"column":null}},"121":{"start":{"line":173,"column":2},"end":{"line":173,"column":null}},"122":{"start":{"line":174,"column":2},"end":{"line":174,"column":null}},"123":{"start":{"line":175,"column":2},"end":{"line":175,"column":null}},"124":{"start":{"line":176,"column":2},"end":{"line":176,"column":null}},"125":{"start":{"line":177,"column":2},"end":{"line":177,"column":null}}},"fnMap":{"0":{"name":"boost_math1","decl":{"start":{"line":4,"column":16},"end":{"line":4,"column":36}},"loc":{"start":{"line":4,"column":36},"end":{"line":17,"column":null}},"line":4},"1":{"name":"boost_math2","decl":{"start":{"line":20,"column":16},"end":{"line":20,"column":36}},"loc":{"start":{"line":20,"column":36},"end":{"line":27,"column":null}},"line":20},"2":{"name":"(anonymous_2)","decl":{"start":{"line":25,"column":21},"end":{"line":25,"column":29}},"loc":{"start":{"line":25,"column":38},"end":{"line":25,"column":45}},"line":25},"3":{"name":"boost_loop","decl":{"start":{"line":30,"column":16},"end":{"line":30,"column":35}},"loc":{"start":{"line":30,"column":35},"end":{"line":37,"column":null}},"line":30},"4":{"name":"boost_conditionals","decl":{"start":{"line":42,"column":16},"end":{"line":42,"column":43}},"loc":{"start":{"line":42,"column":43},"end":{"line":54,"column":null}},"line":42},"5":{"name":"boost_array","decl":{"start":{"line":57,"column":16},"end":{"line":57,"column":36}},"loc":{"start":{"line":57,"column":36},"end":{"line":65,"column":null}},"line":57},"6":{"name":"(anonymous_6)","decl":{"start":{"line":64,"column":6},"end":{"line":64,"column":12}},"loc":{"start":{"line":64,"column":21},"end":{"line":64,"column":27}},"line":64},"7":{"name":"boost_object","decl":{"start":{"line":68,"column":16},"end":{"line":68,"column":37}},"loc":{"start":{"line":68,"column":37},"end":{"line":75,"column":null}},"line":68},"8":{"name":"boost_string","decl":{"start":{"line":78,"column":16},"end":{"line":78,"column":37}},"loc":{"start":{"line":78,"column":37},"end":{"line":88,"column":null}},"line":78},"9":{"name":"boost_json","decl":{"start":{"line":91,"column":16},"end":{"line":91,"column":35}},"loc":{"start":{"line":91,"column":35},"end":{"line":95,"column":null}},"line":91},"10":{"name":"boost_date","decl":{"start":{"line":98,"column":16},"end":{"line":98,"column":35}},"loc":{"start":{"line":98,"column":35},"end":{"line":107,"column":null}},"line":98},"11":{"name":"boost_error_handling","decl":{"start":{"line":110,"column":16},"end":{"line":110,"column":45}},"loc":{"start":{"line":110,"column":45},"end":{"line":118,"column":null}},"line":110},"12":{"name":"boost_regular_expression","decl":{"start":{"line":122,"column":16},"end":{"line":122,"column":49}},"loc":{"start":{"line":122,"column":49},"end":{"line":130,"column":null}},"line":122},"13":{"name":"boost_map_set","decl":{"start":{"line":133,"column":16},"end":{"line":133,"column":38}},"loc":{"start":{"line":133,"column":38},"end":{"line":149,"column":null}},"line":133},"14":{"name":"boost_some_edge_cases","decl":{"start":{"line":152,"column":16},"end":{"line":152,"column":46}},"loc":{"start":{"line":152,"column":46},"end":{"line":161,"column":null}},"line":152},"15":{"name":"runAll","decl":{"start":{"line":164,"column":16},"end":{"line":164,"column":31}},"loc":{"start":{"line":164,"column":31},"end":{"line":177,"column":null}},"line":164}},"branchMap":{"0":{"loc":{"start":{"line":34,"column":4},"end":{"line":37,"column":null}},"type":"if","locations":[{"start":{"line":34,"column":4},"end":{"line":37,"column":null}},{"start":{"line":36,"column":11},"end":{"line":37,"column":null}}],"line":34},"1":{"loc":{"start":{"line":44,"column":2},"end":{"line":49,"column":null}},"type":"if","locations":[{"start":{"line":44,"column":2},"end":{"line":49,"column":null}},{"start":{"line":46,"column":13},"end":{"line":49,"column":null}}],"line":44},"2":{"loc":{"start":{"line":46,"column":13},"end":{"line":49,"column":null}},"type":"if","locations":[{"start":{"line":46,"column":13},"end":{"line":49,"column":null}},{"start":{"line":48,"column":9},"end":{"line":49,"column":null}}],"line":46},"3":{"loc":{"start":{"line":53,"column":12},"end":{"line":53,"column":null}},"type":"cond-expr","locations":[{"start":{"line":53,"column":16},"end":{"line":53,"column":24}},{"start":{"line":53,"column":24},"end":{"line":53,"column":null}}],"line":53},"4":{"loc":{"start":{"line":114,"column":4},"end":{"line":115,"column":null}},"type":"if","locations":[{"start":{"line":114,"column":4},"end":{"line":115,"column":null}},{"start":{},"end":{}}],"line":114},"5":{"loc":{"start":{"line":154,"column":2},"end":{"line":154,"column":null}},"type":"if","locations":[{"start":{"line":154,"column":2},"end":{"line":154,"column":null}},{"start":{},"end":{}}],"line":154},"6":{"loc":{"start":{"line":157,"column":14},"end":{"line":157,"column":null}},"type":"binary-expr","locations":[{"start":{"line":157,"column":14},"end":{"line":157,"column":25}},{"start":{"line":157,"column":25},"end":{"line":157,"column":null}}],"line":157},"7":{"loc":{"start":{"line":161,"column":2},"end":{"line":161,"column":null}},"type":"if","locations":[{"start":{"line":161,"column":2},"end":{"line":161,"column":null}},{"start":{},"end":{}}],"line":161}},"s":{"0":1,"1":1,"2":1,"3":1,"4":1,"5":1,"6":1,"7":1,"8":1,"9":1,"10":1,"11":1,"12":1,"13":1,"14":1,"15":1,"16":5,"17":1,"18":5,"19":1,"20":1,"21":1,"22":1,"23":10,"24":10,"25":5,"26":5,"27":1,"28":1,"29":1,"30":0,"31":0,"32":0,"33":1,"34":1,"35":1,"36":1,"37":1,"38":1,"39":1,"40":1,"41":1,"42":1,"43":1,"44":1,"45":1,"46":1,"47":1,"48":1,"49":1,"50":1,"51":1,"52":1,"53":1,"54":1,"55":1,"56":1,"57":1,"58":1,"59":1,"60":1,"61":1,"62":1,"63":1,"64":1,"65":1,"66":1,"67":1,"68":1,"69":1,"70":1,"71":1,"72":1,"73":1,"74":1,"75":1,"76":1,"77":1,"78":1,"79":1,"80":1,"81":1,"82":1,"83":1,"84":1,"85":1,"86":1,"87":1,"88":1,"89":1,"90":1,"91":1,"92":1,"93":1,"94":1,"95":1,"96":1,"97":1,"98":1,"99":1,"100":1,"101":1,"102":1,"103":1,"104":1,"105":1,"106":1,"107":1,"108":1,"109":1,"110":1,"111":1,"112":1,"113":1,"114":1,"115":1,"116":1,"117":1,"118":1,"119":1,"120":1,"121":1,"122":1,"123":1,"124":1,"125":1},"f":{"0":1,"1":1,"2":5,"3":1,"4":1,"5":1,"6":1,"7":1,"8":1,"9":1,"10":1,"11":1,"12":1,"13":1,"14":1,"15":1},"b":{"0":[5,5],"1":[1,0],"2":[0,0],"3":[1,0],"4":[1,0],"5":[1,0],"6":[1,1],"7":[1,0]},"meta":{"lastBranch":8,"lastFunction":16,"lastStatement":126,"seen":{"f:4:16:4:36":0,"s:5:12:5:Infinity":0,"s:6:12:6:Infinity":1,"s:7:12:7:Infinity":2,"s:8:12:8:Infinity":3,"s:9:12:9:Infinity":4,"s:10:12:10:Infinity":5,"s:11:12:11:Infinity":6,"s:12:12:12:26":7,"s:13:12:13:25":8,"s:14:12:14:29":9,"s:15:12:15:29":10,"s:16:12:16:24":11,"s:17:2:17:Infinity":12,"f:20:16:20:36":1,"s:21:17:21:Infinity":13,"s:22:2:23:Infinity":14,"s:22:15:22:18":15,"s:23:4:23:Infinity":16,"s:25:14:25:47":17,"f:25:21:25:29":2,"s:25:38:25:45":18,"s:26:14:26:Infinity":19,"s:27:2:27:Infinity":20,"f:30:16:30:35":3,"s:31:14:31:Infinity":21,"s:32:2:37:Infinity":22,"s:33:4:33:Infinity":23,"b:34:4:37:Infinity:36:11:37:Infinity":0,"s:34:4:37:Infinity":24,"s:35:6:35:Infinity":25,"s:37:6:37:Infinity":26,"f:42:16:42:43":4,"s:43:12:43:Infinity":27,"b:44:2:49:Infinity:46:13:49:Infinity":1,"s:44:2:49:Infinity":28,"s:45:4:45:Infinity":29,"b:46:13:49:Infinity:48:9:49:Infinity":2,"s:46:13:49:Infinity":30,"s:47:4:47:Infinity":31,"s:49:4:49:Infinity":32,"s:52:12:52:Infinity":33,"s:53:12:53:Infinity":34,"b:53:16:53:24:53:24:53:Infinity":3,"s:54:2:54:Infinity":35,"f:57:16:57:36":5,"s:58:14:58:Infinity":36,"s:59:2:59:Infinity":37,"s:60:2:60:Infinity":38,"s:61:2:61:Infinity":39,"s:62:2:62:Infinity":40,"s:63:2:63:Infinity":41,"s:64:2:64:Infinity":42,"f:64:6:64:12":6,"s:64:21:64:27":43,"s:65:2:65:Infinity":44,"f:68:16:68:37":7,"s:69:14:69:Infinity":45,"s:70:2:70:Infinity":46,"s:71:2:71:Infinity":47,"s:72:15:72:31":48,"s:73:17:73:35":49,"s:74:18:74:37":50,"s:75:2:75:Infinity":51,"f:78:16:78:37":8,"s:79:12:79:Infinity":52,"s:80:13:80:28":53,"s:81:14:81:29":54,"s:82:16:82:28":55,"s:83:15:83:30":56,"s:84:19:84:38":57,"s:85:16:85:30":58,"s:86:16:86:29":59,"s:87:18:87:45":60,"s:88:2:88:Infinity":61,"f:91:16:91:35":9,"s:92:14:92:Infinity":62,"s:93:14:93:33":63,"s:94:17:94:32":64,"s:95:2:95:Infinity":65,"f:98:16:98:35":10,"s:99:14:99:24":66,"s:100:15:100:32":67,"s:101:16:101:30":68,"s:102:14:102:27":69,"s:103:16:103:30":70,"s:104:18:104:34":71,"s:105:18:105:34":72,"s:106:20:106:33":73,"s:107:2:107:Infinity":74,"f:110:16:110:45":11,"s:111:2:118:Infinity":75,"s:112:4:112:Infinity":76,"b:114:4:115:Infinity:undefined:undefined:undefined:undefined":4,"s:114:4:115:Infinity":77,"s:115:6:115:Infinity":78,"s:118:4:118:Infinity":79,"f:122:16:122:49":12,"s:123:18:123:Infinity":80,"s:124:14:124:Infinity":81,"s:125:16:125:34":82,"s:126:17:126:35":83,"s:127:18:127:46":84,"s:128:16:128:32":85,"s:129:15:129:35":86,"s:130:2:130:Infinity":87,"f:133:16:133:38":13,"s:134:14:134:39":88,"s:135:2:135:Infinity":89,"s:136:2:136:Infinity":90,"s:137:2:137:Infinity":91,"s:138:14:138:26":92,"s:139:15:139:37":93,"s:140:17:140:41":94,"s:141:2:141:Infinity":95,"s:143:14:143:31":96,"s:144:2:144:Infinity":97,"s:145:2:145:Infinity":98,"s:146:2:146:Infinity":99,"s:147:2:147:Infinity":100,"s:148:15:148:Infinity":101,"s:149:2:149:Infinity":102,"f:152:16:152:46":14,"s:153:16:153:Infinity":103,"b:154:2:154:Infinity:undefined:undefined:undefined:undefined":5,"s:154:2:154:Infinity":104,"s:154:26:154:Infinity":105,"s:155:18:155:Infinity":106,"s:156:16:156:Infinity":107,"s:157:14:157:Infinity":108,"b:157:14:157:25:157:25:157:Infinity":6,"s:158:2:158:Infinity":109,"s:160:14:160:16":110,"b:161:2:161:Infinity:undefined:undefined:undefined:undefined":7,"s:161:2:161:Infinity":111,"s:161:19:161:Infinity":112,"f:164:16:164:31":15,"s:165:2:165:Infinity":113,"s:166:2:166:Infinity":114,"s:167:2:167:Infinity":115,"s:168:2:168:Infinity":116,"s:169:2:169:Infinity":117,"s:170:2:170:Infinity":118,"s:171:2:171:Infinity":119,"s:172:2:172:Infinity":120,"s:173:2:173:Infinity":121,"s:174:2:174:Infinity":122,"s:175:2:175:Infinity":123,"s:176:2:176:Infinity":124,"s:177:2:177:Infinity":125}}}
,"/root/projects/app-hub/apps/audio/noise-generator/src/main.ts": {"path":"/root/projects/app-hub/apps/audio/noise-generator/src/main.ts","statementMap":{"0":{"start":{"line":13,"column":31},"end":{"line":13,"column":null}},"1":{"start":{"line":14,"column":34},"end":{"line":14,"column":null}},"2":{"start":{"line":16,"column":28},"end":{"line":25,"column":null}},"3":{"start":{"line":27,"column":16},"end":{"line":27,"column":null}},"4":{"start":{"line":28,"column":37},"end":{"line":28,"column":null}},"5":{"start":{"line":29,"column":33},"end":{"line":29,"column":null}},"6":{"start":{"line":30,"column":18},"end":{"line":30,"column":null}},"7":{"start":{"line":33,"column":16},"end":{"line":33,"column":null}},"8":{"start":{"line":34,"column":19},"end":{"line":34,"column":null}},"9":{"start":{"line":35,"column":36},"end":{"line":35,"column":null}},"10":{"start":{"line":37,"column":2},"end":{"line":39,"column":null}},"11":{"start":{"line":38,"column":18},"end":{"line":38,"column":null}},"12":{"start":{"line":38,"column":65},"end":{"line":38,"column":null}},"13":{"start":{"line":43,"column":2},"end":{"line":43,"column":null}},"14":{"start":{"line":43,"column":17},"end":{"line":43,"column":null}},"15":{"start":{"line":44,"column":25},"end":{"line":44,"column":null}},"16":{"start":{"line":44,"column":79},"end":{"line":44,"column":91}},"17":{"start":{"line":45,"column":2},"end":{"line":45,"column":null}},"18":{"start":{"line":46,"column":2},"end":{"line":46,"column":null}},"19":{"start":{"line":47,"column":2},"end":{"line":47,"column":null}},"20":{"start":{"line":50,"column":2},"end":{"line":50,"column":null}},"21":{"start":{"line":50,"column":17},"end":{"line":50,"column":null}},"22":{"start":{"line":51,"column":18},"end":{"line":51,"column":55}},"23":{"start":{"line":52,"column":2},"end":{"line":52,"column":null}},"24":{"start":{"line":52,"column":15},"end":{"line":52,"column":null}},"25":{"start":{"line":53,"column":2},"end":{"line":53,"column":null}},"26":{"start":{"line":54,"column":2},"end":{"line":54,"column":null}},"27":{"start":{"line":54,"column":46},"end":{"line":54,"column":91}},"28":{"start":{"line":54,"column":63},"end":{"line":54,"column":91}},"29":{"start":{"line":56,"column":2},"end":{"line":56,"column":null}},"30":{"start":{"line":56,"column":32},"end":{"line":56,"column":107}},"31":{"start":{"line":56,"column":58},"end":{"line":56,"column":107}},"32":{"start":{"line":57,"column":2},"end":{"line":57,"column":null}},"33":{"start":{"line":57,"column":18},"end":{"line":57,"column":null}},"34":{"start":{"line":58,"column":2},"end":{"line":58,"column":null}},"35":{"start":{"line":59,"column":2},"end":{"line":59,"column":null}},"36":{"start":{"line":62,"column":2},"end":{"line":62,"column":null}},"37":{"start":{"line":62,"column":17},"end":{"line":62,"column":null}},"38":{"start":{"line":63,"column":17},"end":{"line":63,"column":56}},"39":{"start":{"line":64,"column":2},"end":{"line":64,"column":null}},"40":{"start":{"line":65,"column":13},"end":{"line":65,"column":58}},"41":{"start":{"line":66,"column":16},"end":{"line":66,"column":42}},"42":{"start":{"line":67,"column":15},"end":{"line":67,"column":39}},"43":{"start":{"line":68,"column":2},"end":{"line":73,"column":null}},"44":{"start":{"line":69,"column":16},"end":{"line":69,"column":48}},"45":{"start":{"line":70,"column":4},"end":{"line":70,"column":null}},"46":{"start":{"line":71,"column":4},"end":{"line":71,"column":null}},"47":{"start":{"line":72,"column":4},"end":{"line":72,"column":null}},"48":{"start":{"line":73,"column":4},"end":{"line":73,"column":null}},"49":{"start":{"line":80,"column":12},"end":{"line":80,"column":20}},"50":{"start":{"line":81,"column":15},"end":{"line":81,"column":47}},"51":{"start":{"line":82,"column":20},"end":{"line":82,"column":34}},"52":{"start":{"line":83,"column":2},"end":{"line":83,"column":null}},"53":{"start":{"line":84,"column":2},"end":{"line":84,"column":null}},"54":{"start":{"line":86,"column":2},"end":{"line":90,"column":null}},"55":{"start":{"line":87,"column":4},"end":{"line":88,"column":null}},"56":{"start":{"line":88,"column":6},"end":{"line":88,"column":null}},"57":{"start":{"line":91,"column":2},"end":{"line":91,"column":null}},"58":{"start":{"line":92,"column":2},"end":{"line":92,"column":null}},"59":{"start":{"line":93,"column":2},"end":{"line":93,"column":null}},"60":{"start":{"line":94,"column":14},"end":{"line":94,"column":50}},"61":{"start":{"line":95,"column":2},"end":{"line":95,"column":null}},"62":{"start":{"line":95,"column":11},"end":{"line":95,"column":null}},"63":{"start":{"line":96,"column":2},"end":{"line":98,"column":null}},"64":{"start":{"line":97,"column":4},"end":{"line":97,"column":null}},"65":{"start":{"line":97,"column":21},"end":{"line":97,"column":null}},"66":{"start":{"line":101,"column":2},"end":{"line":101,"column":null}},"67":{"start":{"line":101,"column":17},"end":{"line":101,"column":null}},"68":{"start":{"line":102,"column":2},"end":{"line":102,"column":null}},"69":{"start":{"line":103,"column":2},"end":{"line":103,"column":null}},"70":{"start":{"line":104,"column":14},"end":{"line":104,"column":50}},"71":{"start":{"line":105,"column":2},"end":{"line":105,"column":null}},"72":{"start":{"line":105,"column":11},"end":{"line":105,"column":null}},"73":{"start":{"line":108,"column":2},"end":{"line":108,"column":null}},"74":{"start":{"line":108,"column":24},"end":{"line":108,"column":41}},"75":{"start":{"line":108,"column":41},"end":{"line":108,"column":null}},"76":{"start":{"line":109,"column":14},"end":{"line":109,"column":48}},"77":{"start":{"line":110,"column":12},"end":{"line":110,"column":39}},"78":{"start":{"line":111,"column":2},"end":{"line":111,"column":null}},"79":{"start":{"line":112,"column":2},"end":{"line":112,"column":null}},"80":{"start":{"line":113,"column":2},"end":{"line":113,"column":null}},"81":{"start":{"line":114,"column":2},"end":{"line":114,"column":null}},"82":{"start":{"line":119,"column":2},"end":{"line":123,"column":null}},"83":{"start":{"line":120,"column":16},"end":{"line":120,"column":null}},"84":{"start":{"line":121,"column":4},"end":{"line":121,"column":null}},"85":{"start":{"line":122,"column":4},"end":{"line":122,"column":null}},"86":{"start":{"line":123,"column":4},"end":{"line":123,"column":null}},"87":{"start":{"line":128,"column":2},"end":{"line":132,"column":null}},"88":{"start":{"line":129,"column":4},"end":{"line":129,"column":null}},"89":{"start":{"line":130,"column":4},"end":{"line":130,"column":null}},"90":{"start":{"line":131,"column":4},"end":{"line":131,"column":null}},"91":{"start":{"line":132,"column":4},"end":{"line":132,"column":null}},"92":{"start":{"line":134,"column":2},"end":{"line":134,"column":null}},"93":{"start":{"line":138,"column":13},"end":{"line":138,"column":null}},"94":{"start":{"line":139,"column":14},"end":{"line":139,"column":null}},"95":{"start":{"line":140,"column":14},"end":{"line":140,"column":40}},"96":{"start":{"line":141,"column":15},"end":{"line":141,"column":36}},"97":{"start":{"line":143,"column":2},"end":{"line":164,"column":null}},"98":{"start":{"line":144,"column":4},"end":{"line":144,"column":null}},"99":{"start":{"line":144,"column":17},"end":{"line":144,"column":20}},"100":{"start":{"line":144,"column":34},"end":{"line":144,"column":null}},"101":{"start":{"line":145,"column":13},"end":{"line":164,"column":null}},"102":{"start":{"line":146,"column":13},"end":{"line":146,"column":16}},"103":{"start":{"line":146,"column":21},"end":{"line":146,"column":24}},"104":{"start":{"line":146,"column":29},"end":{"line":146,"column":32}},"105":{"start":{"line":146,"column":37},"end":{"line":146,"column":40}},"106":{"start":{"line":146,"column":45},"end":{"line":146,"column":48}},"107":{"start":{"line":146,"column":53},"end":{"line":146,"column":56}},"108":{"start":{"line":146,"column":61},"end":{"line":146,"column":null}},"109":{"start":{"line":147,"column":4},"end":{"line":156,"column":null}},"110":{"start":{"line":147,"column":17},"end":{"line":147,"column":20}},"111":{"start":{"line":148,"column":16},"end":{"line":148,"column":null}},"112":{"start":{"line":149,"column":6},"end":{"line":149,"column":null}},"113":{"start":{"line":150,"column":6},"end":{"line":150,"column":null}},"114":{"start":{"line":151,"column":6},"end":{"line":151,"column":null}},"115":{"start":{"line":152,"column":6},"end":{"line":152,"column":null}},"116":{"start":{"line":153,"column":6},"end":{"line":153,"column":null}},"117":{"start":{"line":154,"column":6},"end":{"line":154,"column":null}},"118":{"start":{"line":155,"column":6},"end":{"line":155,"column":null}},"119":{"start":{"line":156,"column":6},"end":{"line":156,"column":null}},"120":{"start":{"line":159,"column":15},"end":{"line":159,"column":null}},"121":{"start":{"line":160,"column":4},"end":{"line":164,"column":null}},"122":{"start":{"line":160,"column":17},"end":{"line":160,"column":20}},"123":{"start":{"line":161,"column":16},"end":{"line":161,"column":null}},"124":{"start":{"line":162,"column":6},"end":{"line":162,"column":null}},"125":{"start":{"line":163,"column":6},"end":{"line":163,"column":null}},"126":{"start":{"line":164,"column":6},"end":{"line":164,"column":null}},"127":{"start":{"line":167,"column":2},"end":{"line":167,"column":null}},"128":{"start":{"line":171,"column":12},"end":{"line":171,"column":20}},"129":{"start":{"line":172,"column":2},"end":{"line":172,"column":null}},"130":{"start":{"line":172,"column":31},"end":{"line":172,"column":null}},"131":{"start":{"line":173,"column":15},"end":{"line":173,"column":29}},"132":{"start":{"line":174,"column":2},"end":{"line":174,"column":null}},"133":{"start":{"line":175,"column":2},"end":{"line":175,"column":null}},"134":{"start":{"line":177,"column":2},"end":{"line":200,"column":null}},"135":{"start":{"line":178,"column":19},"end":{"line":178,"column":41}},"136":{"start":{"line":179,"column":4},"end":{"line":179,"column":null}},"137":{"start":{"line":180,"column":4},"end":{"line":180,"column":null}},"138":{"start":{"line":181,"column":4},"end":{"line":181,"column":null}},"139":{"start":{"line":182,"column":4},"end":{"line":182,"column":null}},"140":{"start":{"line":183,"column":4},"end":{"line":183,"column":null}},"141":{"start":{"line":184,"column":4},"end":{"line":184,"column":null}},"142":{"start":{"line":186,"column":19},"end":{"line":186,"column":41}},"143":{"start":{"line":187,"column":16},"end":{"line":187,"column":45}},"144":{"start":{"line":188,"column":4},"end":{"line":188,"column":null}},"145":{"start":{"line":189,"column":4},"end":{"line":189,"column":null}},"146":{"start":{"line":190,"column":19},"end":{"line":190,"column":41}},"147":{"start":{"line":191,"column":4},"end":{"line":195,"column":null}},"148":{"start":{"line":191,"column":28},"end":{"line":191,"column":54}},"149":{"start":{"line":191,"column":54},"end":{"line":191,"column":84}},"150":{"start":{"line":191,"column":84},"end":{"line":191,"column":null}},"151":{"start":{"line":192,"column":13},"end":{"line":195,"column":null}},"152":{"start":{"line":192,"column":33},"end":{"line":192,"column":58}},"153":{"start":{"line":192,"column":58},"end":{"line":192,"column":null}},"154":{"start":{"line":193,"column":13},"end":{"line":195,"column":null}},"155":{"start":{"line":193,"column":33},"end":{"line":193,"column":59}},"156":{"start":{"line":193,"column":59},"end":{"line":193,"column":89}},"157":{"start":{"line":193,"column":89},"end":{"line":193,"column":null}},"158":{"start":{"line":194,"column":13},"end":{"line":195,"column":null}},"159":{"start":{"line":194,"column":33},"end":{"line":194,"column":58}},"160":{"start":{"line":194,"column":58},"end":{"line":194,"column":null}},"161":{"start":{"line":195,"column":13},"end":{"line":195,"column":null}},"162":{"start":{"line":195,"column":33},"end":{"line":195,"column":58}},"163":{"start":{"line":195,"column":58},"end":{"line":195,"column":null}},"164":{"start":{"line":196,"column":4},"end":{"line":196,"column":null}},"165":{"start":{"line":197,"column":4},"end":{"line":197,"column":null}},"166":{"start":{"line":198,"column":4},"end":{"line":198,"column":null}},"167":{"start":{"line":199,"column":4},"end":{"line":199,"column":null}},"168":{"start":{"line":200,"column":4},"end":{"line":200,"column":null}},"169":{"start":{"line":205,"column":2},"end":{"line":205,"column":null}},"170":{"start":{"line":205,"column":19},"end":{"line":205,"column":63}},"171":{"start":{"line":205,"column":26},"end":{"line":205,"column":60}},"172":{"start":{"line":205,"column":63},"end":{"line":205,"column":null}},"173":{"start":{"line":206,"column":2},"end":{"line":206,"column":null}},"174":{"start":{"line":210,"column":14},"end":{"line":210,"column":44}},"175":{"start":{"line":211,"column":2},"end":{"line":235,"column":null}},"176":{"start":{"line":223,"column":32},"end":{"line":230,"column":9}},"177":{"start":{"line":239,"column":2},"end":{"line":247,"column":null}},"178":{"start":{"line":240,"column":4},"end":{"line":246,"column":null}},"179":{"start":{"line":241,"column":16},"end":{"line":241,"column":null}},"180":{"start":{"line":242,"column":17},"end":{"line":242,"column":null}},"181":{"start":{"line":243,"column":6},"end":{"line":244,"column":null}},"182":{"start":{"line":243,"column":23},"end":{"line":243,"column":40}},"183":{"start":{"line":243,"column":40},"end":{"line":243,"column":null}},"184":{"start":{"line":244,"column":13},"end":{"line":244,"column":31}},"185":{"start":{"line":244,"column":31},"end":{"line":244,"column":null}},"186":{"start":{"line":245,"column":6},"end":{"line":245,"column":null}},"187":{"start":{"line":249,"column":2},"end":{"line":255,"column":null}},"188":{"start":{"line":250,"column":4},"end":{"line":254,"column":null}},"189":{"start":{"line":251,"column":16},"end":{"line":251,"column":null}},"190":{"start":{"line":252,"column":6},"end":{"line":252,"column":null}},"191":{"start":{"line":253,"column":6},"end":{"line":253,"column":null}},"192":{"start":{"line":253,"column":28},"end":{"line":253,"column":null}},"193":{"start":{"line":257,"column":2},"end":{"line":261,"column":null}},"194":{"start":{"line":258,"column":4},"end":{"line":258,"column":null}},"195":{"start":{"line":259,"column":4},"end":{"line":259,"column":null}},"196":{"start":{"line":260,"column":4},"end":{"line":260,"column":null}},"197":{"start":{"line":263,"column":2},"end":{"line":266,"column":null}},"198":{"start":{"line":264,"column":4},"end":{"line":265,"column":null}},"199":{"start":{"line":264,"column":22},"end":{"line":264,"column":null}},"200":{"start":{"line":265,"column":9},"end":{"line":265,"column":null}},"201":{"start":{"line":267,"column":2},"end":{"line":267,"column":null}},"202":{"start":{"line":267,"column":80},"end":{"line":267,"column":101}},"203":{"start":{"line":268,"column":2},"end":{"line":272,"column":null}},"204":{"start":{"line":269,"column":18},"end":{"line":269,"column":89}},"205":{"start":{"line":270,"column":4},"end":{"line":270,"column":null}},"206":{"start":{"line":270,"column":17},"end":{"line":270,"column":35}},"207":{"start":{"line":270,"column":35},"end":{"line":270,"column":null}},"208":{"start":{"line":271,"column":4},"end":{"line":271,"column":null}},"209":{"start":{"line":273,"column":2},"end":{"line":276,"column":null}},"210":{"start":{"line":274,"column":18},"end":{"line":274,"column":null}},"211":{"start":{"line":275,"column":4},"end":{"line":275,"column":null}},"212":{"start":{"line":275,"column":14},"end":{"line":275,"column":null}},"213":{"start":{"line":279,"column":1},"end":{"line":279,"column":null}},"214":{"start":{"line":279,"column":15},"end":{"line":279,"column":46}},"215":{"start":{"line":280,"column":0},"end":{"line":280,"column":null}}},"fnMap":{"0":{"name":"initDb","decl":{"start":{"line":36,"column":15},"end":{"line":36,"column":24}},"loc":{"start":{"line":36,"column":24},"end":{"line":39,"column":null}},"line":36},"1":{"name":"(anonymous_1)","decl":{"start":{"line":38,"column":4},"end":{"line":38,"column":12}},"loc":{"start":{"line":38,"column":16},"end":{"line":39,"column":4}},"line":38},"2":{"name":"savePreset","decl":{"start":{"line":42,"column":15},"end":{"line":42,"column":26}},"loc":{"start":{"line":42,"column":40},"end":{"line":47,"column":null}},"line":42},"3":{"name":"(anonymous_3)","decl":{"start":{"line":44,"column":69},"end":{"line":44,"column":73}},"loc":{"start":{"line":44,"column":79},"end":{"line":44,"column":91}},"line":44},"4":{"name":"loadPreset","decl":{"start":{"line":49,"column":15},"end":{"line":49,"column":26}},"loc":{"start":{"line":49,"column":40},"end":{"line":59,"column":null}},"line":49},"5":{"name":"(anonymous_5)","decl":{"start":{"line":54,"column":24},"end":{"line":54,"column":33}},"loc":{"start":{"line":54,"column":44},"end":{"line":54,"column":null}},"line":54},"6":{"name":"(anonymous_6)","decl":{"start":{"line":56,"column":11},"end":{"line":56,"column":20}},"loc":{"start":{"line":56,"column":30},"end":{"line":56,"column":null}},"line":56},"7":{"name":"refreshPresetList","decl":{"start":{"line":61,"column":15},"end":{"line":61,"column":35}},"loc":{"start":{"line":61,"column":35},"end":{"line":73,"column":null}},"line":61},"8":{"name":"startRecording","decl":{"start":{"line":78,"column":15},"end":{"line":78,"column":32}},"loc":{"start":{"line":78,"column":32},"end":{"line":98,"column":null}},"line":78},"9":{"name":"(anonymous_9)","decl":{"start":{"line":86,"column":11},"end":{"line":86,"column":19}},"loc":{"start":{"line":86,"column":25},"end":{"line":90,"column":null}},"line":86},"10":{"name":"(anonymous_10)","decl":{"start":{"line":96,"column":13},"end":{"line":96,"column":25}},"loc":{"start":{"line":96,"column":25},"end":{"line":98,"column":11}},"line":96},"11":{"name":"stopRecording","decl":{"start":{"line":100,"column":15},"end":{"line":100,"column":46}},"loc":{"start":{"line":100,"column":46},"end":{"line":105,"column":null}},"line":100},"12":{"name":"exportWav","decl":{"start":{"line":107,"column":15},"end":{"line":107,"column":27}},"loc":{"start":{"line":107,"column":27},"end":{"line":114,"column":null}},"line":107},"13":{"name":"setMasterVolumeSmooth","decl":{"start":{"line":118,"column":9},"end":{"line":118,"column":31}},"loc":{"start":{"line":118,"column":44},"end":{"line":123,"column":null}},"line":118},"14":{"name":"getCtx","decl":{"start":{"line":127,"column":9},"end":{"line":127,"column":32}},"loc":{"start":{"line":127,"column":32},"end":{"line":134,"column":null}},"line":127},"15":{"name":"createNoiseBuffer","decl":{"start":{"line":137,"column":9},"end":{"line":137,"column":27}},"loc":{"start":{"line":137,"column":91},"end":{"line":167,"column":null}},"line":137},"16":{"name":"startChannel","decl":{"start":{"line":170,"column":9},"end":{"line":170,"column":22}},"loc":{"start":{"line":170,"column":35},"end":{"line":200,"column":null}},"line":170},"17":{"name":"stopChannel","decl":{"start":{"line":204,"column":9},"end":{"line":204,"column":21}},"loc":{"start":{"line":204,"column":34},"end":{"line":206,"column":null}},"line":204},"18":{"name":"render","decl":{"start":{"line":209,"column":9},"end":{"line":209,"column":18}},"loc":{"start":{"line":209,"column":18},"end":{"line":276,"column":null}},"line":209},"19":{"name":"(anonymous_19)","decl":{"start":{"line":223,"column":17},"end":{"line":223,"column":22}},"loc":{"start":{"line":223,"column":32},"end":{"line":230,"column":9}},"line":223},"20":{"name":"(anonymous_20)","decl":{"start":{"line":239,"column":45},"end":{"line":239,"column":53}},"loc":{"start":{"line":239,"column":59},"end":{"line":247,"column":null}},"line":239},"21":{"name":"(anonymous_21)","decl":{"start":{"line":240,"column":24},"end":{"line":240,"column":39}},"loc":{"start":{"line":240,"column":39},"end":{"line":246,"column":null}},"line":240},"22":{"name":"(anonymous_22)","decl":{"start":{"line":249,"column":42},"end":{"line":249,"column":50}},"loc":{"start":{"line":249,"column":56},"end":{"line":255,"column":null}},"line":249},"23":{"name":"(anonymous_23)","decl":{"start":{"line":250,"column":24},"end":{"line":250,"column":33}},"loc":{"start":{"line":250,"column":38},"end":{"line":254,"column":null}},"line":250},"24":{"name":"(anonymous_24)","decl":{"start":{"line":257,"column":57},"end":{"line":257,"column":66}},"loc":{"start":{"line":257,"column":71},"end":{"line":261,"column":null}},"line":257},"25":{"name":"(anonymous_25)","decl":{"start":{"line":263,"column":66},"end":{"line":263,"column":78}},"loc":{"start":{"line":263,"column":78},"end":{"line":266,"column":null}},"line":263},"26":{"name":"(anonymous_26)","decl":{"start":{"line":267,"column":66},"end":{"line":267,"column":78}},"loc":{"start":{"line":267,"column":78},"end":{"line":267,"column":null}},"line":267},"27":{"name":"(anonymous_27)","decl":{"start":{"line":268,"column":70},"end":{"line":268,"column":82}},"loc":{"start":{"line":268,"column":82},"end":{"line":272,"column":null}},"line":268},"28":{"name":"(anonymous_28)","decl":{"start":{"line":273,"column":70},"end":{"line":273,"column":77}},"loc":{"start":{"line":273,"column":83},"end":{"line":276,"column":null}},"line":273},"29":{"name":"(anonymous_29)","decl":{"start":{"line":279,"column":1},"end":{"line":279,"column":13}},"loc":{"start":{"line":279,"column":13},"end":{"line":279,"column":null}},"line":279}},"branchMap":{"0":{"loc":{"start":{"line":38,"column":18},"end":{"line":38,"column":null}},"type":"if","locations":[{"start":{"line":38,"column":18},"end":{"line":38,"column":null}},{"start":{},"end":{}}],"line":38},"1":{"loc":{"start":{"line":43,"column":2},"end":{"line":43,"column":null}},"type":"if","locations":[{"start":{"line":43,"column":2},"end":{"line":43,"column":null}},{"start":{},"end":{}}],"line":43},"2":{"loc":{"start":{"line":50,"column":2},"end":{"line":50,"column":null}},"type":"if","locations":[{"start":{"line":50,"column":2},"end":{"line":50,"column":null}},{"start":{},"end":{}}],"line":50},"3":{"loc":{"start":{"line":52,"column":2},"end":{"line":52,"column":null}},"type":"if","locations":[{"start":{"line":52,"column":2},"end":{"line":52,"column":null}},{"start":{},"end":{}}],"line":52},"4":{"loc":{"start":{"line":54,"column":46},"end":{"line":54,"column":91}},"type":"if","locations":[{"start":{"line":54,"column":46},"end":{"line":54,"column":91}},{"start":{},"end":{}}],"line":54},"5":{"loc":{"start":{"line":56,"column":32},"end":{"line":56,"column":107}},"type":"if","locations":[{"start":{"line":56,"column":32},"end":{"line":56,"column":107}},{"start":{},"end":{}}],"line":56},"6":{"loc":{"start":{"line":56,"column":36},"end":{"line":56,"column":58}},"type":"binary-expr","locations":[{"start":{"line":56,"column":36},"end":{"line":56,"column":49}},{"start":{"line":56,"column":49},"end":{"line":56,"column":58}}],"line":56},"7":{"loc":{"start":{"line":57,"column":2},"end":{"line":57,"column":null}},"type":"if","locations":[{"start":{"line":57,"column":2},"end":{"line":57,"column":null}},{"start":{},"end":{}}],"line":57},"8":{"loc":{"start":{"line":62,"column":2},"end":{"line":62,"column":null}},"type":"if","locations":[{"start":{"line":62,"column":2},"end":{"line":62,"column":null}},{"start":{},"end":{}}],"line":62},"9":{"loc":{"start":{"line":87,"column":4},"end":{"line":88,"column":null}},"type":"if","locations":[{"start":{"line":87,"column":4},"end":{"line":88,"column":null}},{"start":{},"end":{}}],"line":87},"10":{"loc":{"start":{"line":87,"column":8},"end":{"line":87,"column":30}},"type":"binary-expr","locations":[{"start":{"line":87,"column":8},"end":{"line":87,"column":21}},{"start":{"line":87,"column":21},"end":{"line":87,"column":30}}],"line":87},"11":{"loc":{"start":{"line":95,"column":2},"end":{"line":95,"column":null}},"type":"if","locations":[{"start":{"line":95,"column":2},"end":{"line":95,"column":null}},{"start":{},"end":{}}],"line":95},"12":{"loc":{"start":{"line":97,"column":4},"end":{"line":97,"column":null}},"type":"if","locations":[{"start":{"line":97,"column":4},"end":{"line":97,"column":null}},{"start":{},"end":{}}],"line":97},"13":{"loc":{"start":{"line":101,"column":2},"end":{"line":101,"column":null}},"type":"if","locations":[{"start":{"line":101,"column":2},"end":{"line":101,"column":null}},{"start":{},"end":{}}],"line":101},"14":{"loc":{"start":{"line":105,"column":2},"end":{"line":105,"column":null}},"type":"if","locations":[{"start":{"line":105,"column":2},"end":{"line":105,"column":null}},{"start":{},"end":{}}],"line":105},"15":{"loc":{"start":{"line":108,"column":2},"end":{"line":108,"column":null}},"type":"if","locations":[{"start":{"line":108,"column":2},"end":{"line":108,"column":null}},{"start":{},"end":{}}],"line":108},"16":{"loc":{"start":{"line":119,"column":2},"end":{"line":123,"column":null}},"type":"if","locations":[{"start":{"line":119,"column":2},"end":{"line":123,"column":null}},{"start":{},"end":{}}],"line":119},"17":{"loc":{"start":{"line":128,"column":2},"end":{"line":132,"column":null}},"type":"if","locations":[{"start":{"line":128,"column":2},"end":{"line":132,"column":null}},{"start":{},"end":{}}],"line":128},"18":{"loc":{"start":{"line":143,"column":2},"end":{"line":164,"column":null}},"type":"if","locations":[{"start":{"line":143,"column":2},"end":{"line":164,"column":null}},{"start":{"line":145,"column":13},"end":{"line":164,"column":null}}],"line":143},"19":{"loc":{"start":{"line":145,"column":13},"end":{"line":164,"column":null}},"type":"if","locations":[{"start":{"line":145,"column":13},"end":{"line":164,"column":null}},{"start":{"line":158,"column":9},"end":{"line":164,"column":null}}],"line":145},"20":{"loc":{"start":{"line":172,"column":2},"end":{"line":172,"column":null}},"type":"if","locations":[{"start":{"line":172,"column":2},"end":{"line":172,"column":null}},{"start":{},"end":{}}],"line":172},"21":{"loc":{"start":{"line":177,"column":2},"end":{"line":200,"column":null}},"type":"if","locations":[{"start":{"line":177,"column":2},"end":{"line":200,"column":null}},{"start":{"line":185,"column":9},"end":{"line":200,"column":null}}],"line":177},"22":{"loc":{"start":{"line":191,"column":4},"end":{"line":195,"column":null}},"type":"if","locations":[{"start":{"line":191,"column":4},"end":{"line":195,"column":null}},{"start":{"line":192,"column":13},"end":{"line":195,"column":null}}],"line":191},"23":{"loc":{"start":{"line":192,"column":13},"end":{"line":195,"column":null}},"type":"if","locations":[{"start":{"line":192,"column":13},"end":{"line":195,"column":null}},{"start":{"line":193,"column":13},"end":{"line":195,"column":null}}],"line":192},"24":{"loc":{"start":{"line":193,"column":13},"end":{"line":195,"column":null}},"type":"if","locations":[{"start":{"line":193,"column":13},"end":{"line":195,"column":null}},{"start":{"line":194,"column":13},"end":{"line":195,"column":null}}],"line":193},"25":{"loc":{"start":{"line":194,"column":13},"end":{"line":195,"column":null}},"type":"if","locations":[{"start":{"line":194,"column":13},"end":{"line":195,"column":null}},{"start":{"line":195,"column":13},"end":{"line":195,"column":null}}],"line":194},"26":{"loc":{"start":{"line":195,"column":13},"end":{"line":195,"column":null}},"type":"if","locations":[{"start":{"line":195,"column":13},"end":{"line":195,"column":null}},{"start":{},"end":{}}],"line":195},"27":{"loc":{"start":{"line":205,"column":2},"end":{"line":205,"column":null}},"type":"if","locations":[{"start":{"line":205,"column":2},"end":{"line":205,"column":null}},{"start":{},"end":{}}],"line":205},"28":{"loc":{"start":{"line":224,"column":30},"end":{"line":224,"column":56}},"type":"cond-expr","locations":[{"start":{"line":224,"column":42},"end":{"line":224,"column":53}},{"start":{"line":224,"column":53},"end":{"line":224,"column":56}}],"line":224},"29":{"loc":{"start":{"line":227,"column":104},"end":{"line":227,"column":129}},"type":"cond-expr","locations":[{"start":{"line":227,"column":115},"end":{"line":227,"column":126}},{"start":{"line":227,"column":126},"end":{"line":227,"column":129}}],"line":227},"30":{"loc":{"start":{"line":228,"column":34},"end":{"line":228,"column":56}},"type":"cond-expr","locations":[{"start":{"line":228,"column":46},"end":{"line":228,"column":53}},{"start":{"line":228,"column":53},"end":{"line":228,"column":56}}],"line":228},"31":{"loc":{"start":{"line":228,"column":79},"end":{"line":228,"column":110}},"type":"cond-expr","locations":[{"start":{"line":228,"column":91},"end":{"line":228,"column":101}},{"start":{"line":228,"column":101},"end":{"line":228,"column":110}}],"line":228},"32":{"loc":{"start":{"line":243,"column":6},"end":{"line":244,"column":null}},"type":"if","locations":[{"start":{"line":243,"column":6},"end":{"line":244,"column":null}},{"start":{"line":244,"column":11},"end":{"line":244,"column":null}}],"line":243},"33":{"loc":{"start":{"line":253,"column":6},"end":{"line":253,"column":null}},"type":"if","locations":[{"start":{"line":253,"column":6},"end":{"line":253,"column":null}},{"start":{},"end":{}}],"line":253},"34":{"loc":{"start":{"line":264,"column":4},"end":{"line":265,"column":null}},"type":"if","locations":[{"start":{"line":264,"column":4},"end":{"line":265,"column":null}},{"start":{"line":265,"column":9},"end":{"line":265,"column":null}}],"line":264},"35":{"loc":{"start":{"line":270,"column":4},"end":{"line":270,"column":null}},"type":"if","locations":[{"start":{"line":270,"column":4},"end":{"line":270,"column":null}},{"start":{},"end":{}}],"line":270},"36":{"loc":{"start":{"line":275,"column":4},"end":{"line":275,"column":null}},"type":"if","locations":[{"start":{"line":275,"column":4},"end":{"line":275,"column":null}},{"start":{},"end":{}}],"line":275}},"s":{"0":1,"1":1,"2":1,"3":1,"4":1,"5":1,"6":1,"7":1,"8":1,"9":1,"10":1,"11":0,"12":0,"13":0,"14":0,"15":0,"16":0,"17":0,"18":0,"19":0,"20":0,"21":0,"22":0,"23":0,"24":0,"25":0,"26":0,"27":0,"28":0,"29":0,"30":0,"31":0,"32":0,"33":0,"34":0,"35":0,"36":1,"37":1,"38":0,"39":0,"40":0,"41":0,"42":0,"43":0,"44":0,"45":0,"46":0,"47":0,"48":0,"49":0,"50":0,"51":0,"52":0,"53":0,"54":0,"55":0,"56":0,"57":0,"58":0,"59":0,"60":0,"61":0,"62":0,"63":0,"64":0,"65":0,"66":0,"67":0,"68":0,"69":0,"70":0,"71":0,"72":0,"73":0,"74":0,"75":0,"76":0,"77":0,"78":0,"79":0,"80":0,"81":0,"82":0,"83":0,"84":0,"85":0,"86":0,"87":0,"88":0,"89":0,"90":0,"91":0,"92":0,"93":0,"94":0,"95":0,"96":0,"97":0,"98":0,"99":0,"100":0,"101":0,"102":0,"103":0,"104":0,"105":0,"106":0,"107":0,"108":0,"109":0,"110":0,"111":0,"112":0,"113":0,"114":0,"115":0,"116":0,"117":0,"118":0,"119":0,"120":0,"121":0,"122":0,"123":0,"124":0,"125":0,"126":0,"127":0,"128":0,"129":0,"130":0,"131":0,"132":0,"133":0,"134":0,"135":0,"136":0,"137":0,"138":0,"139":0,"140":0,"141":0,"142":0,"143":0,"144":0,"145":0,"146":0,"147":0,"148":0,"149":0,"150":0,"151":0,"152":0,"153":0,"154":0,"155":0,"156":0,"157":0,"158":0,"159":0,"160":0,"161":0,"162":0,"163":0,"164":0,"165":0,"166":0,"167":0,"168":0,"169":0,"170":0,"171":0,"172":0,"173":0,"174":1,"175":1,"176":8,"177":1,"178":8,"179":0,"180":0,"181":0,"182":0,"183":0,"184":0,"185":0,"186":0,"187":1,"188":8,"189":0,"190":0,"191":0,"192":0,"193":1,"194":0,"195":0,"196":0,"197":1,"198":0,"199":0,"200":0,"201":1,"202":0,"203":1,"204":0,"205":0,"206":0,"207":0,"208":0,"209":1,"210":0,"211":0,"212":0,"213":1,"214":1,"215":1},"f":{"0":1,"1":0,"2":0,"3":0,"4":0,"5":0,"6":0,"7":1,"8":0,"9":0,"10":0,"11":0,"12":0,"13":0,"14":0,"15":0,"16":0,"17":0,"18":1,"19":8,"20":8,"21":0,"22":8,"23":0,"24":0,"25":0,"26":0,"27":0,"28":0,"29":1},"b":{"0":[0,0],"1":[0,0],"2":[0,0],"3":[0,0],"4":[0,0],"5":[0,0],"6":[0,0],"7":[0,0],"8":[1,0],"9":[0,0],"10":[0,0],"11":[0,0],"12":[0,0],"13":[0,0],"14":[0,0],"15":[0,0],"16":[0,0],"17":[0,0],"18":[0,0],"19":[0,0],"20":[0,0],"21":[0,0],"22":[0,0],"23":[0,0],"24":[0,0],"25":[0,0],"26":[0,0],"27":[0,0],"28":[0,8],"29":[8,0],"30":[0,8],"31":[0,8],"32":[0,0],"33":[0,0],"34":[0,0],"35":[0,0],"36":[0,0]},"meta":{"lastBranch":37,"lastFunction":30,"lastStatement":216,"seen":{"s:13:31:13:Infinity":0,"s:14:34:14:Infinity":1,"s:16:28:25:Infinity":2,"s:27:16:27:Infinity":3,"s:28:37:28:Infinity":4,"s:29:33:29:Infinity":5,"s:30:18:30:Infinity":6,"s:33:16:33:Infinity":7,"s:34:19:34:Infinity":8,"s:35:36:35:Infinity":9,"f:36:15:36:24":0,"s:37:2:39:Infinity":10,"f:38:4:38:12":1,"b:38:18:38:Infinity:undefined:undefined:undefined:undefined":0,"s:38:18:38:Infinity":11,"s:38:65:38:Infinity":12,"f:42:15:42:26":2,"b:43:2:43:Infinity:undefined:undefined:undefined:undefined":1,"s:43:2:43:Infinity":13,"s:43:17:43:Infinity":14,"s:44:25:44:Infinity":15,"f:44:69:44:73":3,"s:44:79:44:91":16,"s:45:2:45:Infinity":17,"s:46:2:46:Infinity":18,"s:47:2:47:Infinity":19,"f:49:15:49:26":4,"b:50:2:50:Infinity:undefined:undefined:undefined:undefined":2,"s:50:2:50:Infinity":20,"s:50:17:50:Infinity":21,"s:51:18:51:55":22,"b:52:2:52:Infinity:undefined:undefined:undefined:undefined":3,"s:52:2:52:Infinity":23,"s:52:15:52:Infinity":24,"s:53:2:53:Infinity":25,"s:54:2:54:Infinity":26,"f:54:24:54:33":5,"b:54:46:54:91:undefined:undefined:undefined:undefined":4,"s:54:46:54:91":27,"s:54:63:54:91":28,"s:56:2:56:Infinity":29,"f:56:11:56:20":6,"b:56:32:56:107:undefined:undefined:undefined:undefined":5,"s:56:32:56:107":30,"b:56:36:56:49:56:49:56:58":6,"s:56:58:56:107":31,"b:57:2:57:Infinity:undefined:undefined:undefined:undefined":7,"s:57:2:57:Infinity":32,"s:57:18:57:Infinity":33,"s:58:2:58:Infinity":34,"s:59:2:59:Infinity":35,"f:61:15:61:35":7,"b:62:2:62:Infinity:undefined:undefined:undefined:undefined":8,"s:62:2:62:Infinity":36,"s:62:17:62:Infinity":37,"s:63:17:63:56":38,"s:64:2:64:Infinity":39,"s:65:13:65:58":40,"s:66:16:66:42":41,"s:67:15:67:39":42,"s:68:2:73:Infinity":43,"s:69:16:69:48":44,"s:70:4:70:Infinity":45,"s:71:4:71:Infinity":46,"s:72:4:72:Infinity":47,"s:73:4:73:Infinity":48,"f:78:15:78:32":8,"s:80:12:80:20":49,"s:81:15:81:47":50,"s:82:20:82:34":51,"s:83:2:83:Infinity":52,"s:84:2:84:Infinity":53,"s:86:2:90:Infinity":54,"f:86:11:86:19":9,"b:87:4:88:Infinity:undefined:undefined:undefined:undefined":9,"s:87:4:88:Infinity":55,"b:87:8:87:21:87:21:87:30":10,"s:88:6:88:Infinity":56,"s:91:2:91:Infinity":57,"s:92:2:92:Infinity":58,"s:93:2:93:Infinity":59,"s:94:14:94:50":60,"b:95:2:95:Infinity:undefined:undefined:undefined:undefined":11,"s:95:2:95:Infinity":61,"s:95:11:95:Infinity":62,"s:96:2:98:Infinity":63,"f:96:13:96:25":10,"b:97:4:97:Infinity:undefined:undefined:undefined:undefined":12,"s:97:4:97:Infinity":64,"s:97:21:97:Infinity":65,"f:100:15:100:46":11,"b:101:2:101:Infinity:undefined:undefined:undefined:undefined":13,"s:101:2:101:Infinity":66,"s:101:17:101:Infinity":67,"s:102:2:102:Infinity":68,"s:103:2:103:Infinity":69,"s:104:14:104:50":70,"b:105:2:105:Infinity:undefined:undefined:undefined:undefined":14,"s:105:2:105:Infinity":71,"s:105:11:105:Infinity":72,"f:107:15:107:27":12,"b:108:2:108:Infinity:undefined:undefined:undefined:undefined":15,"s:108:2:108:Infinity":73,"s:108:24:108:41":74,"s:108:41:108:Infinity":75,"s:109:14:109:48":76,"s:110:12:110:39":77,"s:111:2:111:Infinity":78,"s:112:2:112:Infinity":79,"s:113:2:113:Infinity":80,"s:114:2:114:Infinity":81,"f:118:9:118:31":13,"b:119:2:123:Infinity:undefined:undefined:undefined:undefined":16,"s:119:2:123:Infinity":82,"s:120:16:120:Infinity":83,"s:121:4:121:Infinity":84,"s:122:4:122:Infinity":85,"s:123:4:123:Infinity":86,"f:127:9:127:32":14,"b:128:2:132:Infinity:undefined:undefined:undefined:undefined":17,"s:128:2:132:Infinity":87,"s:129:4:129:Infinity":88,"s:130:4:130:Infinity":89,"s:131:4:131:Infinity":90,"s:132:4:132:Infinity":91,"s:134:2:134:Infinity":92,"f:137:9:137:27":15,"s:138:13:138:Infinity":93,"s:139:14:139:Infinity":94,"s:140:14:140:40":95,"s:141:15:141:36":96,"b:143:2:164:Infinity:145:13:164:Infinity":18,"s:143:2:164:Infinity":97,"s:144:4:144:Infinity":98,"s:144:17:144:20":99,"s:144:34:144:Infinity":100,"b:145:13:164:Infinity:158:9:164:Infinity":19,"s:145:13:164:Infinity":101,"s:146:13:146:16":102,"s:146:21:146:24":103,"s:146:29:146:32":104,"s:146:37:146:40":105,"s:146:45:146:48":106,"s:146:53:146:56":107,"s:146:61:146:Infinity":108,"s:147:4:156:Infinity":109,"s:147:17:147:20":110,"s:148:16:148:Infinity":111,"s:149:6:149:Infinity":112,"s:150:6:150:Infinity":113,"s:151:6:151:Infinity":114,"s:152:6:152:Infinity":115,"s:153:6:153:Infinity":116,"s:154:6:154:Infinity":117,"s:155:6:155:Infinity":118,"s:156:6:156:Infinity":119,"s:159:15:159:Infinity":120,"s:160:4:164:Infinity":121,"s:160:17:160:20":122,"s:161:16:161:Infinity":123,"s:162:6:162:Infinity":124,"s:163:6:163:Infinity":125,"s:164:6:164:Infinity":126,"s:167:2:167:Infinity":127,"f:170:9:170:22":16,"s:171:12:171:20":128,"b:172:2:172:Infinity:undefined:undefined:undefined:undefined":20,"s:172:2:172:Infinity":129,"s:172:31:172:Infinity":130,"s:173:15:173:29":131,"s:174:2:174:Infinity":132,"s:175:2:175:Infinity":133,"b:177:2:200:Infinity:185:9:200:Infinity":21,"s:177:2:200:Infinity":134,"s:178:19:178:41":135,"s:179:4:179:Infinity":136,"s:180:4:180:Infinity":137,"s:181:4:181:Infinity":138,"s:182:4:182:Infinity":139,"s:183:4:183:Infinity":140,"s:184:4:184:Infinity":141,"s:186:19:186:41":142,"s:187:16:187:45":143,"s:188:4:188:Infinity":144,"s:189:4:189:Infinity":145,"s:190:19:190:41":146,"b:191:4:195:Infinity:192:13:195:Infinity":22,"s:191:4:195:Infinity":147,"s:191:28:191:54":148,"s:191:54:191:84":149,"s:191:84:191:Infinity":150,"b:192:13:195:Infinity:193:13:195:Infinity":23,"s:192:13:195:Infinity":151,"s:192:33:192:58":152,"s:192:58:192:Infinity":153,"b:193:13:195:Infinity:194:13:195:Infinity":24,"s:193:13:195:Infinity":154,"s:193:33:193:59":155,"s:193:59:193:89":156,"s:193:89:193:Infinity":157,"b:194:13:195:Infinity:195:13:195:Infinity":25,"s:194:13:195:Infinity":158,"s:194:33:194:58":159,"s:194:58:194:Infinity":160,"b:195:13:195:Infinity:undefined:undefined:undefined:undefined":26,"s:195:13:195:Infinity":161,"s:195:33:195:58":162,"s:195:58:195:Infinity":163,"s:196:4:196:Infinity":164,"s:197:4:197:Infinity":165,"s:198:4:198:Infinity":166,"s:199:4:199:Infinity":167,"s:200:4:200:Infinity":168,"f:204:9:204:21":17,"b:205:2:205:Infinity:undefined:undefined:undefined:undefined":27,"s:205:2:205:Infinity":169,"s:205:19:205:63":170,"s:205:26:205:60":171,"s:205:63:205:Infinity":172,"s:206:2:206:Infinity":173,"f:209:9:209:18":18,"s:210:14:210:44":174,"s:211:2:235:Infinity":175,"f:223:17:223:22":19,"s:223:32:230:9":176,"b:224:42:224:53:224:53:224:56":28,"b:227:115:227:126:227:126:227:129":29,"b:228:46:228:53:228:53:228:56":30,"b:228:91:228:101:228:101:228:110":31,"s:239:2:247:Infinity":177,"f:239:45:239:53":20,"s:240:4:246:Infinity":178,"f:240:24:240:39":21,"s:241:16:241:Infinity":179,"s:242:17:242:Infinity":180,"b:243:6:244:Infinity:244:11:244:Infinity":32,"s:243:6:244:Infinity":181,"s:243:23:243:40":182,"s:243:40:243:Infinity":183,"s:244:13:244:31":184,"s:244:31:244:Infinity":185,"s:245:6:245:Infinity":186,"s:249:2:255:Infinity":187,"f:249:42:249:50":22,"s:250:4:254:Infinity":188,"f:250:24:250:33":23,"s:251:16:251:Infinity":189,"s:252:6:252:Infinity":190,"b:253:6:253:Infinity:undefined:undefined:undefined:undefined":33,"s:253:6:253:Infinity":191,"s:253:28:253:Infinity":192,"s:257:2:261:Infinity":193,"f:257:57:257:66":24,"s:258:4:258:Infinity":194,"s:259:4:259:Infinity":195,"s:260:4:260:Infinity":196,"s:263:2:266:Infinity":197,"f:263:66:263:78":25,"b:264:4:265:Infinity:265:9:265:Infinity":34,"s:264:4:265:Infinity":198,"s:264:22:264:Infinity":199,"s:265:9:265:Infinity":200,"s:267:2:267:Infinity":201,"f:267:66:267:78":26,"s:267:80:267:101":202,"s:268:2:272:Infinity":203,"f:268:70:268:82":27,"s:269:18:269:89":204,"b:270:4:270:Infinity:undefined:undefined:undefined:undefined":35,"s:270:4:270:Infinity":205,"s:270:17:270:35":206,"s:270:35:270:Infinity":207,"s:271:4:271:Infinity":208,"s:273:2:276:Infinity":209,"f:273:70:273:77":28,"s:274:18:274:Infinity":210,"b:275:4:275:Infinity:undefined:undefined:undefined:undefined":36,"s:275:4:275:Infinity":211,"s:275:14:275:Infinity":212,"s:279:1:279:Infinity":213,"f:279:1:279:13":29,"s:279:15:279:46":214,"s:280:0:280:Infinity":215}}}
}
