{"/root/projects/app-hub/apps/tools/uuid-generator/src/main.ts": {"path":"/root/projects/app-hub/apps/tools/uuid-generator/src/main.ts","statementMap":{"0":{"start":{"line":5,"column":2},"end":{"line":7,"column":null}},"1":{"start":{"line":5,"column":66},"end":{"line":6,"column":83}},"2":{"start":{"line":12,"column":14},"end":{"line":12,"column":24}},"3":{"start":{"line":13,"column":12},"end":{"line":13,"column":46}},"4":{"start":{"line":14,"column":8},"end":{"line":14,"column":61}},"5":{"start":{"line":14,"column":18},"end":{"line":14,"column":61}},"6":{"start":{"line":15,"column":2},"end":{"line":15,"column":null}},"7":{"start":{"line":20,"column":16},"end":{"line":20,"column":null}},"8":{"start":{"line":21,"column":15},"end":{"line":21,"column":25}},"9":{"start":{"line":22,"column":12},"end":{"line":22,"column":null}},"10":{"start":{"line":23,"column":2},"end":{"line":24,"column":null}},"11":{"start":{"line":23,"column":15},"end":{"line":23,"column":18}},"12":{"start":{"line":24,"column":4},"end":{"line":24,"column":null}},"13":{"start":{"line":26,"column":2},"end":{"line":27,"column":null}},"14":{"start":{"line":26,"column":15},"end":{"line":26,"column":18}},"15":{"start":{"line":27,"column":4},"end":{"line":27,"column":null}},"16":{"start":{"line":29,"column":2},"end":{"line":29,"column":null}},"17":{"start":{"line":34,"column":16},"end":{"line":34,"column":null}},"18":{"start":{"line":35,"column":11},"end":{"line":35,"column":null}},"19":{"start":{"line":36,"column":16},"end":{"line":36,"column":60}},"20":{"start":{"line":37,"column":2},"end":{"line":37,"column":null}},"21":{"start":{"line":37,"column":15},"end":{"line":37,"column":18}},"22":{"start":{"line":37,"column":33},"end":{"line":37,"column":null}},"23":{"start":{"line":38,"column":2},"end":{"line":38,"column":null}},"24":{"start":{"line":44,"column":13},"end":{"line":44,"column":null}},"25":{"start":{"line":44,"column":51},"end":{"line":44,"column":71}},"26":{"start":{"line":45,"column":2},"end":{"line":45,"column":null}},"27":{"start":{"line":48,"column":111},"end":{"line":50,"column":null}},"28":{"start":{"line":53,"column":58},"end":{"line":53,"column":null}},"29":{"start":{"line":54,"column":14},"end":{"line":54,"column":44}},"30":{"start":{"line":55,"column":8},"end":{"line":55,"column":null}},"31":{"start":{"line":55,"column":33},"end":{"line":55,"column":null}},"32":{"start":{"line":57,"column":2},"end":{"line":97,"column":null}},"33":{"start":{"line":66,"column":14},"end":{"line":66,"column":null}},"34":{"start":{"line":90,"column":34},"end":{"line":96,"column":13}},"35":{"start":{"line":102,"column":2},"end":{"line":102,"column":null}},"36":{"start":{"line":106,"column":2},"end":{"line":108,"column":null}},"37":{"start":{"line":107,"column":4},"end":{"line":107,"column":null}},"38":{"start":{"line":107,"column":42},"end":{"line":107,"column":107}},"39":{"start":{"line":107,"column":107},"end":{"line":107,"column":119}},"40":{"start":{"line":109,"column":2},"end":{"line":109,"column":null}},"41":{"start":{"line":109,"column":78},"end":{"line":109,"column":133}},"42":{"start":{"line":110,"column":2},"end":{"line":110,"column":null}},"43":{"start":{"line":110,"column":77},"end":{"line":110,"column":137}},"44":{"start":{"line":111,"column":2},"end":{"line":111,"column":null}},"45":{"start":{"line":111,"column":78},"end":{"line":111,"column":136}},"46":{"start":{"line":111,"column":136},"end":{"line":111,"column":148}},"47":{"start":{"line":112,"column":2},"end":{"line":115,"column":null}},"48":{"start":{"line":113,"column":4},"end":{"line":113,"column":null}},"49":{"start":{"line":114,"column":4},"end":{"line":114,"column":null}},"50":{"start":{"line":116,"column":2},"end":{"line":119,"column":null}},"51":{"start":{"line":117,"column":14},"end":{"line":117,"column":86}},"52":{"start":{"line":117,"column":37},"end":{"line":117,"column":75}},"53":{"start":{"line":118,"column":4},"end":{"line":118,"column":null}},"54":{"start":{"line":120,"column":2},"end":{"line":125,"column":null}},"55":{"start":{"line":121,"column":4},"end":{"line":124,"column":null}},"56":{"start":{"line":122,"column":6},"end":{"line":122,"column":null}},"57":{"start":{"line":123,"column":6},"end":{"line":123,"column":29}},"58":{"start":{"line":123,"column":29},"end":{"line":123,"column":null}},"59":{"start":{"line":123,"column":46},"end":{"line":123,"column":70}},"60":{"start":{"line":128,"column":0},"end":{"line":128,"column":null}}},"fnMap":{"0":{"name":"uuidv4","decl":{"start":{"line":4,"column":9},"end":{"line":4,"column":26}},"loc":{"start":{"line":4,"column":26},"end":{"line":7,"column":null}},"line":4},"1":{"name":"(anonymous_1)","decl":{"start":{"line":5,"column":56},"end":{"line":5,"column":66}},"loc":{"start":{"line":5,"column":66},"end":{"line":6,"column":83}},"line":5},"2":{"name":"uuidv1","decl":{"start":{"line":11,"column":9},"end":{"line":11,"column":26}},"loc":{"start":{"line":11,"column":26},"end":{"line":15,"column":null}},"line":11},"3":{"name":"(anonymous_3)","decl":{"start":{"line":14,"column":8},"end":{"line":14,"column":18}},"loc":{"start":{"line":14,"column":18},"end":{"line":14,"column":61}},"line":14},"4":{"name":"ulid","decl":{"start":{"line":19,"column":9},"end":{"line":19,"column":24}},"loc":{"start":{"line":19,"column":24},"end":{"line":29,"column":null}},"line":19},"5":{"name":"nanoid","decl":{"start":{"line":33,"column":9},"end":{"line":33,"column":16}},"loc":{"start":{"line":33,"column":35},"end":{"line":38,"column":null}},"line":33},"6":{"name":"generate","decl":{"start":{"line":43,"column":9},"end":{"line":43,"column":18}},"loc":{"start":{"line":43,"column":84},"end":{"line":45,"column":null}},"line":43},"7":{"name":"(anonymous_7)","decl":{"start":{"line":44,"column":37},"end":{"line":44,"column":51}},"loc":{"start":{"line":44,"column":51},"end":{"line":44,"column":71}},"line":44},"8":{"name":"render","decl":{"start":{"line":52,"column":9},"end":{"line":52,"column":24}},"loc":{"start":{"line":52,"column":24},"end":{"line":102,"column":null}},"line":52},"9":{"name":"(anonymous_9)","decl":{"start":{"line":55,"column":8},"end":{"line":55,"column":19}},"loc":{"start":{"line":55,"column":33},"end":{"line":55,"column":null}},"line":55},"10":{"name":"(anonymous_10)","decl":{"start":{"line":65,"column":74},"end":{"line":65,"column":78}},"loc":{"start":{"line":66,"column":14},"end":{"line":66,"column":null}},"line":66},"11":{"name":"(anonymous_11)","decl":{"start":{"line":90,"column":20},"end":{"line":90,"column":25}},"loc":{"start":{"line":90,"column":34},"end":{"line":96,"column":13}},"line":90},"12":{"name":"bindEvents","decl":{"start":{"line":105,"column":9},"end":{"line":105,"column":28}},"loc":{"start":{"line":105,"column":28},"end":{"line":125,"column":null}},"line":105},"13":{"name":"(anonymous_13)","decl":{"start":{"line":106,"column":41},"end":{"line":106,"column":49}},"loc":{"start":{"line":106,"column":56},"end":{"line":108,"column":null}},"line":106},"14":{"name":"(anonymous_14)","decl":{"start":{"line":107,"column":25},"end":{"line":107,"column":40}},"loc":{"start":{"line":107,"column":40},"end":{"line":107,"column":null}},"line":107},"15":{"name":"(anonymous_15)","decl":{"start":{"line":109,"column":60},"end":{"line":109,"column":70}},"loc":{"start":{"line":109,"column":76},"end":{"line":109,"column":null}},"line":109},"16":{"name":"(anonymous_16)","decl":{"start":{"line":110,"column":59},"end":{"line":110,"column":69}},"loc":{"start":{"line":110,"column":75},"end":{"line":110,"column":null}},"line":110},"17":{"name":"(anonymous_17)","decl":{"start":{"line":111,"column":59},"end":{"line":111,"column":70}},"loc":{"start":{"line":111,"column":76},"end":{"line":111,"column":null}},"line":111},"18":{"name":"(anonymous_18)","decl":{"start":{"line":112,"column":60},"end":{"line":112,"column":75}},"loc":{"start":{"line":112,"column":75},"end":{"line":115,"column":null}},"line":112},"19":{"name":"(anonymous_19)","decl":{"start":{"line":116,"column":56},"end":{"line":116,"column":71}},"loc":{"start":{"line":116,"column":71},"end":{"line":119,"column":null}},"line":116},"20":{"name":"(anonymous_20)","decl":{"start":{"line":117,"column":28},"end":{"line":117,"column":32}},"loc":{"start":{"line":117,"column":37},"end":{"line":117,"column":75}},"line":117},"21":{"name":"(anonymous_21)","decl":{"start":{"line":120,"column":41},"end":{"line":120,"column":49}},"loc":{"start":{"line":120,"column":56},"end":{"line":125,"column":null}},"line":120},"22":{"name":"(anonymous_22)","decl":{"start":{"line":121,"column":25},"end":{"line":121,"column":40}},"loc":{"start":{"line":121,"column":40},"end":{"line":124,"column":null}},"line":121},"23":{"name":"(anonymous_23)","decl":{"start":{"line":123,"column":29},"end":{"line":123,"column":46}},"loc":{"start":{"line":123,"column":46},"end":{"line":123,"column":70}},"line":123}},"branchMap":{"0":{"loc":{"start":{"line":33,"column":16},"end":{"line":33,"column":35}},"type":"default-arg","locations":[{"start":{"line":33,"column":23},"end":{"line":33,"column":35}}],"line":33},"1":{"loc":{"start":{"line":55,"column":33},"end":{"line":55,"column":null}},"type":"cond-expr","locations":[{"start":{"line":55,"column":45},"end":{"line":55,"column":60}},{"start":{"line":55,"column":63},"end":{"line":55,"column":null}}],"line":55},"2":{"loc":{"start":{"line":66,"column":41},"end":{"line":66,"column":68}},"type":"cond-expr","locations":[{"start":{"line":66,"column":54},"end":{"line":66,"column":65}},{"start":{"line":66,"column":65},"end":{"line":66,"column":68}}],"line":66},"3":{"loc":{"start":{"line":74,"column":10},"end":{"line":78,"column":null}},"type":"cond-expr","locations":[{"start":{"line":74,"column":30},"end":{"line":78,"column":null}},{"start":{"line":78,"column":18},"end":{"line":78,"column":null}}],"line":74},"4":{"loc":{"start":{"line":80,"column":82},"end":{"line":80,"column":109}},"type":"cond-expr","locations":[{"start":{"line":80,"column":94},"end":{"line":80,"column":106}},{"start":{"line":80,"column":106},"end":{"line":80,"column":109}}],"line":80},"5":{"loc":{"start":{"line":97,"column":12},"end":{"line":97,"column":null}},"type":"cond-expr","locations":[{"start":{"line":97,"column":35},"end":{"line":97,"column":94}},{"start":{"line":97,"column":94},"end":{"line":97,"column":null}}],"line":97},"6":{"loc":{"start":{"line":117,"column":37},"end":{"line":117,"column":75}},"type":"cond-expr","locations":[{"start":{"line":117,"column":55},"end":{"line":117,"column":70}},{"start":{"line":117,"column":73},"end":{"line":117,"column":75}}],"line":117}},"s":{"0":0,"1":0,"2":0,"3":0,"4":0,"5":0,"6":0,"7":0,"8":0,"9":0,"10":0,"11":0,"12":0,"13":0,"14":0,"15":0,"16":0,"17":0,"18":0,"19":0,"20":0,"21":0,"22":0,"23":0,"24":0,"25":0,"26":0,"27":1,"28":1,"29":1,"30":1,"31":0,"32":1,"33":4,"34":0,"35":1,"36":1,"37":4,"38":0,"39":0,"40":1,"41":0,"42":1,"43":0,"44":1,"45":0,"46":0,"47":1,"48":0,"49":0,"50":1,"51":0,"52":0,"53":0,"54":1,"55":0,"56":0,"57":0,"58":0,"59":0,"60":1},"f":{"0":0,"1":0,"2":0,"3":0,"4":0,"5":0,"6":0,"7":0,"8":1,"9":0,"10":4,"11":0,"12":1,"13":4,"14":0,"15":0,"16":0,"17":0,"18":0,"19":0,"20":0,"21":0,"22":0,"23":0},"b":{"0":[0],"1":[0,0],"2":[1,3],"3":[0,1],"4":[0,1],"5":[1,0],"6":[0,0]},"meta":{"lastBranch":7,"lastFunction":24,"lastStatement":61,"seen":{"f:4:9:4:26":0,"s:5:2:7:Infinity":0,"f:5:56:5:66":1,"s:5:66:6:83":1,"f:11:9:11:26":2,"s:12:14:12:24":2,"s:13:12:13:46":3,"s:14:8:14:61":4,"f:14:8:14:18":3,"s:14:18:14:61":5,"s:15:2:15:Infinity":6,"f:19:9:19:24":4,"s:20:16:20:Infinity":7,"s:21:15:21:25":8,"s:22:12:22:Infinity":9,"s:23:2:24:Infinity":10,"s:23:15:23:18":11,"s:24:4:24:Infinity":12,"s:26:2:27:Infinity":13,"s:26:15:26:18":14,"s:27:4:27:Infinity":15,"s:29:2:29:Infinity":16,"f:33:9:33:16":5,"b:33:23:33:35":0,"s:34:16:34:Infinity":17,"s:35:11:35:Infinity":18,"s:36:16:36:60":19,"s:37:2:37:Infinity":20,"s:37:15:37:18":21,"s:37:33:37:Infinity":22,"s:38:2:38:Infinity":23,"f:43:9:43:18":6,"s:44:13:44:Infinity":24,"f:44:37:44:51":7,"s:44:51:44:71":25,"s:45:2:45:Infinity":26,"s:48:111:50:Infinity":27,"f:52:9:52:24":8,"s:53:58:53:Infinity":28,"s:54:14:54:44":29,"s:55:8:55:Infinity":30,"f:55:8:55:19":9,"s:55:33:55:Infinity":31,"b:55:45:55:60:55:63:55:Infinity":1,"s:57:2:97:Infinity":32,"f:65:74:65:78":10,"s:66:14:66:Infinity":33,"b:66:54:66:65:66:65:66:68":2,"b:74:30:78:Infinity:78:18:78:Infinity":3,"b:80:94:80:106:80:106:80:109":4,"f:90:20:90:25":11,"s:90:34:96:13":34,"b:97:35:97:94:97:94:97:Infinity":5,"s:102:2:102:Infinity":35,"f:105:9:105:28":12,"s:106:2:108:Infinity":36,"f:106:41:106:49":13,"s:107:4:107:Infinity":37,"f:107:25:107:40":14,"s:107:42:107:107":38,"s:107:107:107:119":39,"s:109:2:109:Infinity":40,"f:109:60:109:70":15,"s:109:78:109:133":41,"s:110:2:110:Infinity":42,"f:110:59:110:69":16,"s:110:77:110:137":43,"s:111:2:111:Infinity":44,"f:111:59:111:70":17,"s:111:78:111:136":45,"s:111:136:111:148":46,"s:112:2:115:Infinity":47,"f:112:60:112:75":18,"s:113:4:113:Infinity":48,"s:114:4:114:Infinity":49,"s:116:2:119:Infinity":50,"f:116:56:116:71":19,"s:117:14:117:86":51,"f:117:28:117:32":20,"s:117:37:117:75":52,"b:117:55:117:70:117:73:117:75":6,"s:118:4:118:Infinity":53,"s:120:2:125:Infinity":54,"f:120:41:120:49":21,"s:121:4:124:Infinity":55,"f:121:25:121:40":22,"s:122:6:122:Infinity":56,"s:123:6:123:29":57,"s:123:29:123:Infinity":58,"f:123:29:123:46":23,"s:123:46:123:70":59,"s:128:0:128:Infinity":60}}}
}
