{"/root/projects/app-hub/apps/tools/random-fate/src/main.ts": {"path":"/root/projects/app-hub/apps/tools/random-fate/src/main.ts","statementMap":{"0":{"start":{"line":12,"column":14},"end":{"line":12,"column":null}},"1":{"start":{"line":13,"column":14},"end":{"line":13,"column":null}},"2":{"start":{"line":14,"column":15},"end":{"line":14,"column":null}},"3":{"start":{"line":15,"column":15},"end":{"line":15,"column":null}},"4":{"start":{"line":16,"column":16},"end":{"line":23,"column":null}},"5":{"start":{"line":26,"column":15},"end":{"line":26,"column":28}},"6":{"start":{"line":28,"column":2},"end":{"line":31,"column":null}},"7":{"start":{"line":28,"column":19},"end":{"line":28,"column":null}},"8":{"start":{"line":29,"column":11},"end":{"line":31,"column":null}},"9":{"start":{"line":29,"column":24},"end":{"line":29,"column":null}},"10":{"start":{"line":30,"column":11},"end":{"line":31,"column":null}},"11":{"start":{"line":30,"column":24},"end":{"line":30,"column":null}},"12":{"start":{"line":31,"column":7},"end":{"line":31,"column":null}},"13":{"start":{"line":33,"column":12},"end":{"line":33,"column":52}},"14":{"start":{"line":34,"column":2},"end":{"line":41,"column":null}},"15":{"start":{"line":44,"column":31},"end":{"line":44,"column":null}},"16":{"start":{"line":45,"column":14},"end":{"line":45,"column":null}},"17":{"start":{"line":46,"column":26},"end":{"line":46,"column":28}},"18":{"start":{"line":49,"column":14},"end":{"line":49,"column":44}},"19":{"start":{"line":50,"column":2},"end":{"line":78,"column":null}},"20":{"start":{"line":73,"column":37},"end":{"line":77,"column":15}},"21":{"start":{"line":81,"column":2},"end":{"line":81,"column":null}},"22":{"start":{"line":81,"column":69},"end":{"line":81,"column":118}},"23":{"start":{"line":81,"column":84},"end":{"line":81,"column":104}},"24":{"start":{"line":81,"column":104},"end":{"line":81,"column":118}},"25":{"start":{"line":82,"column":2},"end":{"line":82,"column":null}},"26":{"start":{"line":86,"column":14},"end":{"line":86,"column":48}},"27":{"start":{"line":87,"column":2},"end":{"line":87,"column":null}},"28":{"start":{"line":88,"column":2},"end":{"line":88,"column":null}},"29":{"start":{"line":89,"column":2},"end":{"line":89,"column":null}},"30":{"start":{"line":91,"column":2},"end":{"line":96,"column":null}},"31":{"start":{"line":92,"column":4},"end":{"line":92,"column":null}},"32":{"start":{"line":93,"column":4},"end":{"line":93,"column":null}},"33":{"start":{"line":93,"column":17},"end":{"line":93,"column":null}},"34":{"start":{"line":94,"column":4},"end":{"line":94,"column":null}},"35":{"start":{"line":95,"column":4},"end":{"line":95,"column":null}},"36":{"start":{"line":99,"column":0},"end":{"line":99,"column":null}}},"fnMap":{"0":{"name":"randomCard","decl":{"start":{"line":25,"column":9},"end":{"line":25,"column":32}},"loc":{"start":{"line":25,"column":32},"end":{"line":41,"column":null}},"line":25},"1":{"name":"render","decl":{"start":{"line":48,"column":9},"end":{"line":48,"column":18}},"loc":{"start":{"line":48,"column":18},"end":{"line":82,"column":null}},"line":48},"2":{"name":"(anonymous_2)","decl":{"start":{"line":73,"column":28},"end":{"line":73,"column":32}},"loc":{"start":{"line":73,"column":37},"end":{"line":77,"column":15}},"line":73},"3":{"name":"(anonymous_3)","decl":{"start":{"line":81,"column":52},"end":{"line":81,"column":67}},"loc":{"start":{"line":81,"column":67},"end":{"line":81,"column":null}},"line":81},"4":{"name":"draw","decl":{"start":{"line":85,"column":9},"end":{"line":85,"column":16}},"loc":{"start":{"line":85,"column":16},"end":{"line":96,"column":null}},"line":85},"5":{"name":"(anonymous_5)","decl":{"start":{"line":91,"column":2},"end":{"line":91,"column":19}},"loc":{"start":{"line":91,"column":19},"end":{"line":96,"column":10}},"line":91}},"branchMap":{"0":{"loc":{"start":{"line":28,"column":2},"end":{"line":31,"column":null}},"type":"if","locations":[{"start":{"line":28,"column":2},"end":{"line":31,"column":null}},{"start":{"line":29,"column":11},"end":{"line":31,"column":null}}],"line":28},"1":{"loc":{"start":{"line":29,"column":11},"end":{"line":31,"column":null}},"type":"if","locations":[{"start":{"line":29,"column":11},"end":{"line":31,"column":null}},{"start":{"line":30,"column":11},"end":{"line":31,"column":null}}],"line":29},"2":{"loc":{"start":{"line":30,"column":11},"end":{"line":31,"column":null}},"type":"if","locations":[{"start":{"line":30,"column":11},"end":{"line":31,"column":null}},{"start":{"line":31,"column":7},"end":{"line":31,"column":null}}],"line":30},"3":{"loc":{"start":{"line":54,"column":25},"end":{"line":54,"column":50}},"type":"cond-expr","locations":[{"start":{"line":54,"column":35},"end":{"line":54,"column":47}},{"start":{"line":54,"column":47},"end":{"line":54,"column":50}}],"line":54},"4":{"loc":{"start":{"line":60,"column":12},"end":{"line":67,"column":null}},"type":"cond-expr","locations":[{"start":{"line":60,"column":22},"end":{"line":67,"column":null}},{"start":{"line":67,"column":20},"end":{"line":67,"column":null}}],"line":60},"5":{"loc":{"start":{"line":72,"column":6},"end":{"line":78,"column":null}},"type":"cond-expr","locations":[{"start":{"line":72,"column":23},"end":{"line":78,"column":null}},{"start":{"line":78,"column":14},"end":{"line":78,"column":null}}],"line":72},"6":{"loc":{"start":{"line":81,"column":69},"end":{"line":81,"column":118}},"type":"if","locations":[{"start":{"line":81,"column":69},"end":{"line":81,"column":118}},{"start":{},"end":{}}],"line":81},"7":{"loc":{"start":{"line":93,"column":4},"end":{"line":93,"column":null}},"type":"if","locations":[{"start":{"line":93,"column":4},"end":{"line":93,"column":null}},{"start":{},"end":{}}],"line":93}},"s":{"0":1,"1":1,"2":1,"3":1,"4":1,"5":0,"6":0,"7":0,"8":0,"9":0,"10":0,"11":0,"12":0,"13":0,"14":0,"15":1,"16":1,"17":1,"18":1,"19":1,"20":0,"21":1,"22":0,"23":0,"24":0,"25":1,"26":0,"27":0,"28":0,"29":0,"30":0,"31":0,"32":0,"33":0,"34":0,"35":0,"36":1},"f":{"0":0,"1":1,"2":0,"3":0,"4":0,"5":0},"b":{"0":[0,0],"1":[0,0],"2":[0,0],"3":[0,1],"4":[0,1],"5":[0,1],"6":[0,0],"7":[0,0]},"meta":{"lastBranch":8,"lastFunction":6,"lastStatement":37,"seen":{"s:12:14:12:Infinity":0,"s:13:14:13:Infinity":1,"s:14:15:14:Infinity":2,"s:15:15:15:Infinity":3,"s:16:16:23:Infinity":4,"f:25:9:25:32":0,"s:26:15:26:28":5,"b:28:2:31:Infinity:29:11:31:Infinity":0,"s:28:2:31:Infinity":6,"s:28:19:28:Infinity":7,"b:29:11:31:Infinity:30:11:31:Infinity":1,"s:29:11:31:Infinity":8,"s:29:24:29:Infinity":9,"b:30:11:31:Infinity:31:7:31:Infinity":2,"s:30:11:31:Infinity":10,"s:30:24:30:Infinity":11,"s:31:7:31:Infinity":12,"s:33:12:33:52":13,"s:34:2:41:Infinity":14,"s:44:31:44:Infinity":15,"s:45:14:45:Infinity":16,"s:46:26:46:28":17,"f:48:9:48:18":1,"s:49:14:49:44":18,"s:50:2:78:Infinity":19,"b:54:35:54:47:54:47:54:50":3,"b:60:22:67:Infinity:67:20:67:Infinity":4,"b:72:23:78:Infinity:78:14:78:Infinity":5,"f:73:28:73:32":2,"s:73:37:77:15":20,"s:81:2:81:Infinity":21,"f:81:52:81:67":3,"b:81:69:81:118:undefined:undefined:undefined:undefined":6,"s:81:69:81:118":22,"s:81:84:81:104":23,"s:81:104:81:118":24,"s:82:2:82:Infinity":25,"f:85:9:85:16":4,"s:86:14:86:48":26,"s:87:2:87:Infinity":27,"s:88:2:88:Infinity":28,"s:89:2:89:Infinity":29,"s:91:2:96:Infinity":30,"f:91:2:91:19":5,"s:92:4:92:Infinity":31,"b:93:4:93:Infinity:undefined:undefined:undefined:undefined":7,"s:93:4:93:Infinity":32,"s:93:17:93:Infinity":33,"s:94:4:94:Infinity":34,"s:95:4:95:Infinity":35,"s:99:0:99:Infinity":36}}}
}
