{"/root/projects/app-hub/apps/games/werewolf/src/main.ts": {"path":"/root/projects/app-hub/apps/games/werewolf/src/main.ts","statementMap":{"0":{"start":{"line":5,"column":37},"end":{"line":5,"column":null}},"1":{"start":{"line":7,"column":21},"end":{"line":7,"column":23}},"2":{"start":{"line":7,"column":36},"end":{"line":7,"column":44}},"3":{"start":{"line":7,"column":56},"end":{"line":7,"column":59}},"4":{"start":{"line":7,"column":69},"end":{"line":7,"column":72}},"5":{"start":{"line":7,"column":79},"end":{"line":7,"column":82}},"6":{"start":{"line":10,"column":14},"end":{"line":10,"column":null}},"7":{"start":{"line":11,"column":21},"end":{"line":11,"column":null}},"8":{"start":{"line":12,"column":2},"end":{"line":12,"column":null}},"9":{"start":{"line":12,"column":28},"end":{"line":12,"column":76}},"10":{"start":{"line":13,"column":2},"end":{"line":13,"column":16}},"11":{"start":{"line":13,"column":16},"end":{"line":13,"column":31}},"12":{"start":{"line":13,"column":31},"end":{"line":13,"column":44}},"13":{"start":{"line":13,"column":44},"end":{"line":13,"column":54}},"14":{"start":{"line":13,"column":54},"end":{"line":13,"column":null}},"15":{"start":{"line":17,"column":15},"end":{"line":17,"column":null}},"16":{"start":{"line":17,"column":33},"end":{"line":17,"column":62}},"17":{"start":{"line":18,"column":18},"end":{"line":18,"column":null}},"18":{"start":{"line":18,"column":36},"end":{"line":18,"column":65}},"19":{"start":{"line":19,"column":2},"end":{"line":19,"column":null}},"20":{"start":{"line":19,"column":16},"end":{"line":19,"column":null}},"21":{"start":{"line":20,"column":2},"end":{"line":20,"column":null}},"22":{"start":{"line":20,"column":23},"end":{"line":20,"column":null}},"23":{"start":{"line":21,"column":2},"end":{"line":21,"column":null}},"24":{"start":{"line":24,"column":10},"end":{"line":24,"column":40}},"25":{"start":{"line":26,"column":18},"end":{"line":26,"column":44}},"26":{"start":{"line":26,"column":36},"end":{"line":26,"column":44}},"27":{"start":{"line":27,"column":2},"end":{"line":33,"column":null}},"28":{"start":{"line":30,"column":45},"end":{"line":30,"column":196}},"29":{"start":{"line":33,"column":48},"end":{"line":33,"column":66}},"30":{"start":{"line":35,"column":2},"end":{"line":35,"column":null}},"31":{"start":{"line":39,"column":2},"end":{"line":39,"column":null}},"32":{"start":{"line":39,"column":12},"end":{"line":39,"column":null}},"33":{"start":{"line":40,"column":11},"end":{"line":40,"column":null}},"34":{"start":{"line":41,"column":2},"end":{"line":42,"column":null}},"35":{"start":{"line":42,"column":4},"end":{"line":42,"column":null}},"36":{"start":{"line":42,"column":69},"end":{"line":42,"column":98}},"37":{"start":{"line":42,"column":106},"end":{"line":42,"column":187}},"38":{"start":{"line":44,"column":2},"end":{"line":45,"column":null}},"39":{"start":{"line":45,"column":4},"end":{"line":45,"column":null}},"40":{"start":{"line":47,"column":2},"end":{"line":48,"column":null}},"41":{"start":{"line":48,"column":4},"end":{"line":48,"column":null}},"42":{"start":{"line":48,"column":67},"end":{"line":48,"column":85}},"43":{"start":{"line":48,"column":93},"end":{"line":48,"column":174}},"44":{"start":{"line":50,"column":2},"end":{"line":50,"column":null}},"45":{"start":{"line":54,"column":2},"end":{"line":81,"column":null}},"46":{"start":{"line":54,"column":57},"end":{"line":81,"column":5}},"47":{"start":{"line":55,"column":18},"end":{"line":55,"column":null}},"48":{"start":{"line":56,"column":13},"end":{"line":56,"column":59}},"49":{"start":{"line":57,"column":4},"end":{"line":62,"column":null}},"50":{"start":{"line":58,"column":6},"end":{"line":58,"column":null}},"51":{"start":{"line":59,"column":6},"end":{"line":59,"column":null}},"52":{"start":{"line":60,"column":6},"end":{"line":60,"column":null}},"53":{"start":{"line":61,"column":14},"end":{"line":61,"column":24}},"54":{"start":{"line":61,"column":25},"end":{"line":61,"column":null}},"55":{"start":{"line":61,"column":31},"end":{"line":61,"column":null}},"56":{"start":{"line":62,"column":6},"end":{"line":62,"column":null}},"57":{"start":{"line":64,"column":4},"end":{"line":64,"column":null}},"58":{"start":{"line":64,"column":30},"end":{"line":64,"column":47}},"59":{"start":{"line":64,"column":47},"end":{"line":64,"column":null}},"60":{"start":{"line":65,"column":4},"end":{"line":78,"column":null}},"61":{"start":{"line":67,"column":6},"end":{"line":67,"column":null}},"62":{"start":{"line":67,"column":30},"end":{"line":67,"column":null}},"63":{"start":{"line":67,"column":51},"end":{"line":67,"column":null}},"64":{"start":{"line":68,"column":6},"end":{"line":68,"column":null}},"65":{"start":{"line":69,"column":18},"end":{"line":69,"column":null}},"66":{"start":{"line":69,"column":36},"end":{"line":69,"column":44}},"67":{"start":{"line":69,"column":57},"end":{"line":69,"column":73}},"68":{"start":{"line":70,"column":6},"end":{"line":70,"column":null}},"69":{"start":{"line":70,"column":31},"end":{"line":70,"column":49}},"70":{"start":{"line":70,"column":49},"end":{"line":70,"column":null}},"71":{"start":{"line":71,"column":6},"end":{"line":71,"column":20}},"72":{"start":{"line":71,"column":20},"end":{"line":71,"column":null}},"73":{"start":{"line":72,"column":14},"end":{"line":72,"column":24}},"74":{"start":{"line":72,"column":25},"end":{"line":76,"column":null}},"75":{"start":{"line":72,"column":31},"end":{"line":72,"column":45}},"76":{"start":{"line":74,"column":22},"end":{"line":74,"column":69}},"77":{"start":{"line":74,"column":40},"end":{"line":74,"column":69}},"78":{"start":{"line":75,"column":8},"end":{"line":75,"column":null}},"79":{"start":{"line":75,"column":35},"end":{"line":75,"column":85}},"80":{"start":{"line":75,"column":85},"end":{"line":75,"column":99}},"81":{"start":{"line":75,"column":99},"end":{"line":75,"column":null}},"82":{"start":{"line":76,"column":17},"end":{"line":76,"column":27}},"83":{"start":{"line":76,"column":28},"end":{"line":76,"column":null}},"84":{"start":{"line":76,"column":34},"end":{"line":76,"column":null}},"85":{"start":{"line":78,"column":6},"end":{"line":78,"column":null}},"86":{"start":{"line":80,"column":4},"end":{"line":80,"column":null}},"87":{"start":{"line":80,"column":24},"end":{"line":80,"column":38}},"88":{"start":{"line":80,"column":38},"end":{"line":80,"column":61}},"89":{"start":{"line":80,"column":61},"end":{"line":80,"column":null}},"90":{"start":{"line":82,"column":2},"end":{"line":82,"column":null}},"91":{"start":{"line":82,"column":71},"end":{"line":82,"column":78}},"92":{"start":{"line":82,"column":78},"end":{"line":82,"column":89}},"93":{"start":{"line":84,"column":0},"end":{"line":84,"column":7}},"94":{"start":{"line":84,"column":7},"end":{"line":84,"column":null}}},"fnMap":{"0":{"name":"init","decl":{"start":{"line":9,"column":9},"end":{"line":9,"column":20}},"loc":{"start":{"line":9,"column":20},"end":{"line":13,"column":null}},"line":9},"1":{"name":"(anonymous_1)","decl":{"start":{"line":12,"column":16},"end":{"line":12,"column":21}},"loc":{"start":{"line":12,"column":28},"end":{"line":12,"column":76}},"line":12},"2":{"name":"checkWin","decl":{"start":{"line":16,"column":9},"end":{"line":16,"column":26}},"loc":{"start":{"line":16,"column":26},"end":{"line":21,"column":null}},"line":16},"3":{"name":"(anonymous_3)","decl":{"start":{"line":17,"column":23},"end":{"line":17,"column":30}},"loc":{"start":{"line":17,"column":33},"end":{"line":17,"column":62}},"line":17},"4":{"name":"(anonymous_4)","decl":{"start":{"line":18,"column":26},"end":{"line":18,"column":33}},"loc":{"start":{"line":18,"column":36},"end":{"line":18,"column":65}},"line":18},"5":{"name":"render","decl":{"start":{"line":25,"column":9},"end":{"line":25,"column":22}},"loc":{"start":{"line":25,"column":22},"end":{"line":35,"column":null}},"line":25},"6":{"name":"(anonymous_6)","decl":{"start":{"line":26,"column":26},"end":{"line":26,"column":33}},"loc":{"start":{"line":26,"column":36},"end":{"line":26,"column":44}},"line":26},"7":{"name":"(anonymous_7)","decl":{"start":{"line":30,"column":38},"end":{"line":30,"column":42}},"loc":{"start":{"line":30,"column":45},"end":{"line":30,"column":196}},"line":30},"8":{"name":"(anonymous_8)","decl":{"start":{"line":33,"column":41},"end":{"line":33,"column":45}},"loc":{"start":{"line":33,"column":48},"end":{"line":33,"column":66}},"line":33},"9":{"name":"renderActions","decl":{"start":{"line":38,"column":9},"end":{"line":38,"column":31}},"loc":{"start":{"line":38,"column":31},"end":{"line":50,"column":null}},"line":38},"10":{"name":"(anonymous_10)","decl":{"start":{"line":42,"column":59},"end":{"line":42,"column":66}},"loc":{"start":{"line":42,"column":69},"end":{"line":42,"column":98}},"line":42},"11":{"name":"(anonymous_11)","decl":{"start":{"line":42,"column":99},"end":{"line":42,"column":103}},"loc":{"start":{"line":42,"column":106},"end":{"line":42,"column":187}},"line":42},"12":{"name":"(anonymous_12)","decl":{"start":{"line":48,"column":57},"end":{"line":48,"column":64}},"loc":{"start":{"line":48,"column":67},"end":{"line":48,"column":85}},"line":48},"13":{"name":"(anonymous_13)","decl":{"start":{"line":48,"column":86},"end":{"line":48,"column":90}},"loc":{"start":{"line":48,"column":93},"end":{"line":48,"column":174}},"line":48},"14":{"name":"bindEvents","decl":{"start":{"line":53,"column":9},"end":{"line":53,"column":26}},"loc":{"start":{"line":53,"column":26},"end":{"line":82,"column":null}},"line":53},"15":{"name":"(anonymous_15)","decl":{"start":{"line":54,"column":45},"end":{"line":54,"column":53}},"loc":{"start":{"line":54,"column":57},"end":{"line":81,"column":5}},"line":54},"16":{"name":"(anonymous_16)","decl":{"start":{"line":54,"column":77},"end":{"line":54,"column":89}},"loc":{"start":{"line":54,"column":89},"end":{"line":81,"column":5}},"line":54},"17":{"name":"(anonymous_17)","decl":{"start":{"line":69,"column":26},"end":{"line":69,"column":33}},"loc":{"start":{"line":69,"column":36},"end":{"line":69,"column":44}},"line":69},"18":{"name":"(anonymous_18)","decl":{"start":{"line":69,"column":45},"end":{"line":69,"column":51}},"loc":{"start":{"line":69,"column":57},"end":{"line":69,"column":73}},"line":69},"19":{"name":"(anonymous_19)","decl":{"start":{"line":74,"column":30},"end":{"line":74,"column":37}},"loc":{"start":{"line":74,"column":40},"end":{"line":74,"column":69}},"line":74},"20":{"name":"(anonymous_20)","decl":{"start":{"line":82,"column":58},"end":{"line":82,"column":70}},"loc":{"start":{"line":82,"column":70},"end":{"line":82,"column":null}},"line":82}},"branchMap":{"0":{"loc":{"start":{"line":17,"column":33},"end":{"line":17,"column":62}},"type":"binary-expr","locations":[{"start":{"line":17,"column":33},"end":{"line":17,"column":42}},{"start":{"line":17,"column":42},"end":{"line":17,"column":62}}],"line":17},"1":{"loc":{"start":{"line":18,"column":36},"end":{"line":18,"column":65}},"type":"binary-expr","locations":[{"start":{"line":18,"column":36},"end":{"line":18,"column":45}},{"start":{"line":18,"column":45},"end":{"line":18,"column":65}}],"line":18},"2":{"loc":{"start":{"line":19,"column":2},"end":{"line":19,"column":null}},"type":"if","locations":[{"start":{"line":19,"column":2},"end":{"line":19,"column":null}},{"start":{},"end":{}}],"line":19},"3":{"loc":{"start":{"line":20,"column":2},"end":{"line":20,"column":null}},"type":"if","locations":[{"start":{"line":20,"column":2},"end":{"line":20,"column":null}},{"start":{},"end":{}}],"line":20},"4":{"loc":{"start":{"line":28,"column":54},"end":{"line":28,"column":86}},"type":"cond-expr","locations":[{"start":{"line":28,"column":70},"end":{"line":28,"column":78}},{"start":{"line":28,"column":78},"end":{"line":28,"column":86}}],"line":28},"5":{"loc":{"start":{"line":29,"column":28},"end":{"line":29,"column":91}},"type":"cond-expr","locations":[{"start":{"line":29,"column":44},"end":{"line":29,"column":55}},{"start":{"line":29,"column":55},"end":{"line":29,"column":91}}],"line":29},"6":{"loc":{"start":{"line":29,"column":55},"end":{"line":29,"column":91}},"type":"cond-expr","locations":[{"start":{"line":29,"column":77},"end":{"line":29,"column":84}},{"start":{"line":29,"column":84},"end":{"line":29,"column":91}}],"line":29},"7":{"loc":{"start":{"line":30,"column":70},"end":{"line":30,"column":91}},"type":"cond-expr","locations":[{"start":{"line":30,"column":78},"end":{"line":30,"column":81}},{"start":{"line":30,"column":81},"end":{"line":30,"column":91}}],"line":30},"8":{"loc":{"start":{"line":30,"column":94},"end":{"line":30,"column":115}},"type":"cond-expr","locations":[{"start":{"line":30,"column":103},"end":{"line":30,"column":112}},{"start":{"line":30,"column":112},"end":{"line":30,"column":115}}],"line":30},"9":{"loc":{"start":{"line":30,"column":129},"end":{"line":30,"column":145}},"type":"cond-expr","locations":[{"start":{"line":30,"column":137},"end":{"line":30,"column":140}},{"start":{"line":30,"column":140},"end":{"line":30,"column":145}}],"line":30},"10":{"loc":{"start":{"line":30,"column":148},"end":{"line":30,"column":188}},"type":"cond-expr","locations":[{"start":{"line":30,"column":166},"end":{"line":30,"column":185}},{"start":{"line":30,"column":185},"end":{"line":30,"column":188}}],"line":30},"11":{"loc":{"start":{"line":30,"column":148},"end":{"line":30,"column":166}},"type":"binary-expr","locations":[{"start":{"line":30,"column":148},"end":{"line":30,"column":158}},{"start":{"line":30,"column":158},"end":{"line":30,"column":166}}],"line":30},"12":{"loc":{"start":{"line":32,"column":6},"end":{"line":32,"column":null}},"type":"cond-expr","locations":[{"start":{"line":32,"column":13},"end":{"line":32,"column":54}},{"start":{"line":32,"column":54},"end":{"line":32,"column":null}}],"line":32},"13":{"loc":{"start":{"line":39,"column":2},"end":{"line":39,"column":null}},"type":"if","locations":[{"start":{"line":39,"column":2},"end":{"line":39,"column":null}},{"start":{},"end":{}}],"line":39},"14":{"loc":{"start":{"line":41,"column":2},"end":{"line":42,"column":null}},"type":"if","locations":[{"start":{"line":41,"column":2},"end":{"line":42,"column":null}},{"start":{},"end":{}}],"line":41},"15":{"loc":{"start":{"line":41,"column":5},"end":{"line":41,"column":53}},"type":"binary-expr","locations":[{"start":{"line":41,"column":5},"end":{"line":41,"column":22}},{"start":{"line":41,"column":22},"end":{"line":41,"column":32}},{"start":{"line":41,"column":32},"end":{"line":41,"column":53}}],"line":41},"16":{"loc":{"start":{"line":42,"column":69},"end":{"line":42,"column":98}},"type":"binary-expr","locations":[{"start":{"line":42,"column":69},"end":{"line":42,"column":78}},{"start":{"line":42,"column":78},"end":{"line":42,"column":98}}],"line":42},"17":{"loc":{"start":{"line":44,"column":2},"end":{"line":45,"column":null}},"type":"if","locations":[{"start":{"line":44,"column":2},"end":{"line":45,"column":null}},{"start":{},"end":{}}],"line":44},"18":{"loc":{"start":{"line":47,"column":2},"end":{"line":48,"column":null}},"type":"if","locations":[{"start":{"line":47,"column":2},"end":{"line":48,"column":null}},{"start":{},"end":{}}],"line":47},"19":{"loc":{"start":{"line":48,"column":67},"end":{"line":48,"column":85}},"type":"binary-expr","locations":[{"start":{"line":48,"column":67},"end":{"line":48,"column":76}},{"start":{"line":48,"column":76},"end":{"line":48,"column":85}}],"line":48},"20":{"loc":{"start":{"line":56,"column":23},"end":{"line":56,"column":59}},"type":"binary-expr","locations":[{"start":{"line":56,"column":23},"end":{"line":56,"column":54}},{"start":{"line":56,"column":54},"end":{"line":56,"column":59}}],"line":56},"21":{"loc":{"start":{"line":57,"column":4},"end":{"line":62,"column":null}},"type":"if","locations":[{"start":{"line":57,"column":4},"end":{"line":62,"column":null}},{"start":{},"end":{}}],"line":57},"22":{"loc":{"start":{"line":61,"column":25},"end":{"line":61,"column":null}},"type":"if","locations":[{"start":{"line":61,"column":25},"end":{"line":61,"column":null}},{"start":{},"end":{}}],"line":61},"23":{"loc":{"start":{"line":64,"column":4},"end":{"line":64,"column":null}},"type":"if","locations":[{"start":{"line":64,"column":4},"end":{"line":64,"column":null}},{"start":{},"end":{}}],"line":64},"24":{"loc":{"start":{"line":65,"column":4},"end":{"line":78,"column":null}},"type":"if","locations":[{"start":{"line":65,"column":4},"end":{"line":78,"column":null}},{"start":{},"end":{}}],"line":65},"25":{"loc":{"start":{"line":67,"column":30},"end":{"line":67,"column":null}},"type":"if","locations":[{"start":{"line":67,"column":30},"end":{"line":67,"column":null}},{"start":{},"end":{}}],"line":67},"26":{"loc":{"start":{"line":67,"column":33},"end":{"line":67,"column":51}},"type":"binary-expr","locations":[{"start":{"line":67,"column":33},"end":{"line":67,"column":42}},{"start":{"line":67,"column":42},"end":{"line":67,"column":51}}],"line":67},"27":{"loc":{"start":{"line":67,"column":59},"end":{"line":67,"column":null}},"type":"cond-expr","locations":[{"start":{"line":67,"column":77},"end":{"line":67,"column":79}},{"start":{"line":67,"column":79},"end":{"line":67,"column":null}}],"line":67},"28":{"loc":{"start":{"line":70,"column":6},"end":{"line":70,"column":null}},"type":"if","locations":[{"start":{"line":70,"column":6},"end":{"line":70,"column":null}},{"start":{},"end":{}}],"line":70},"29":{"loc":{"start":{"line":70,"column":9},"end":{"line":70,"column":30}},"type":"binary-expr","locations":[{"start":{"line":70,"column":9},"end":{"line":70,"column":16}},{"start":{"line":70,"column":16},"end":{"line":70,"column":30}}],"line":70},"30":{"loc":{"start":{"line":72,"column":25},"end":{"line":76,"column":null}},"type":"if","locations":[{"start":{"line":72,"column":25},"end":{"line":76,"column":null}},{"start":{"line":72,"column":45},"end":{"line":76,"column":null}}],"line":72},"31":{"loc":{"start":{"line":74,"column":40},"end":{"line":74,"column":69}},"type":"binary-expr","locations":[{"start":{"line":74,"column":40},"end":{"line":74,"column":49}},{"start":{"line":74,"column":49},"end":{"line":74,"column":69}}],"line":74},"32":{"loc":{"start":{"line":75,"column":8},"end":{"line":75,"column":null}},"type":"if","locations":[{"start":{"line":75,"column":8},"end":{"line":75,"column":null}},{"start":{},"end":{}}],"line":75},"33":{"loc":{"start":{"line":76,"column":28},"end":{"line":76,"column":null}},"type":"if","locations":[{"start":{"line":76,"column":28},"end":{"line":76,"column":null}},{"start":{},"end":{}}],"line":76},"34":{"loc":{"start":{"line":80,"column":4},"end":{"line":80,"column":null}},"type":"if","locations":[{"start":{"line":80,"column":4},"end":{"line":80,"column":null}},{"start":{},"end":{}}],"line":80}},"s":{"0":1,"1":1,"2":1,"3":1,"4":1,"5":1,"6":1,"7":1,"8":1,"9":6,"10":1,"11":1,"12":1,"13":1,"14":1,"15":0,"16":0,"17":0,"18":0,"19":0,"20":0,"21":0,"22":0,"23":0,"24":1,"25":1,"26":6,"27":1,"28":6,"29":1,"30":1,"31":1,"32":0,"33":1,"34":1,"35":1,"36":6,"37":4,"38":0,"39":0,"40":0,"41":0,"42":0,"43":0,"44":0,"45":1,"46":4,"47":0,"48":0,"49":0,"50":0,"51":0,"52":0,"53":0,"54":0,"55":0,"56":0,"57":0,"58":0,"59":0,"60":0,"61":0,"62":0,"63":0,"64":0,"65":0,"66":0,"67":0,"68":0,"69":0,"70":0,"71":0,"72":0,"73":0,"74":0,"75":0,"76":0,"77":0,"78":0,"79":0,"80":0,"81":0,"82":0,"83":0,"84":0,"85":0,"86":0,"87":0,"88":0,"89":0,"90":1,"91":0,"92":0,"93":1,"94":1},"f":{"0":1,"1":6,"2":0,"3":0,"4":0,"5":1,"6":6,"7":6,"8":1,"9":1,"10":6,"11":4,"12":0,"13":0,"14":1,"15":4,"16":0,"17":0,"18":0,"19":0,"20":0},"b":{"0":[0,0],"1":[0,0],"2":[0,0],"3":[0,0],"4":[1,0],"5":[1,0],"6":[0,0],"7":[6,0],"8":[1,5],"9":[6,0],"10":[1,5],"11":[6,1],"12":[0,1],"13":[0,1],"14":[1,0],"15":[1,1,1],"16":[6,6],"17":[0,0],"18":[0,0],"19":[0,0],"20":[0,0],"21":[0,0],"22":[0,0],"23":[0,0],"24":[0,0],"25":[0,0],"26":[0,0],"27":[0,0],"28":[0,0],"29":[0,0],"30":[0,0],"31":[0,0],"32":[0,0],"33":[0,0],"34":[0,0]},"meta":{"lastBranch":35,"lastFunction":21,"lastStatement":95,"seen":{"s:5:37:5:Infinity":0,"s:7:21:7:23":1,"s:7:36:7:44":2,"s:7:56:7:59":3,"s:7:69:7:72":4,"s:7:79:7:82":5,"f:9:9:9:20":0,"s:10:14:10:Infinity":6,"s:11:21:11:Infinity":7,"s:12:2:12:Infinity":8,"f:12:16:12:21":1,"s:12:28:12:76":9,"s:13:2:13:16":10,"s:13:16:13:31":11,"s:13:31:13:44":12,"s:13:44:13:54":13,"s:13:54:13:Infinity":14,"f:16:9:16:26":2,"s:17:15:17:Infinity":15,"f:17:23:17:30":3,"s:17:33:17:62":16,"b:17:33:17:42:17:42:17:62":0,"s:18:18:18:Infinity":17,"f:18:26:18:33":4,"s:18:36:18:65":18,"b:18:36:18:45:18:45:18:65":1,"b:19:2:19:Infinity:undefined:undefined:undefined:undefined":2,"s:19:2:19:Infinity":19,"s:19:16:19:Infinity":20,"b:20:2:20:Infinity:undefined:undefined:undefined:undefined":3,"s:20:2:20:Infinity":21,"s:20:23:20:Infinity":22,"s:21:2:21:Infinity":23,"s:24:10:24:40":24,"f:25:9:25:22":5,"s:26:18:26:44":25,"f:26:26:26:33":6,"s:26:36:26:44":26,"s:27:2:33:Infinity":27,"b:28:70:28:78:28:78:28:86":4,"b:29:44:29:55:29:55:29:91":5,"b:29:77:29:84:29:84:29:91":6,"f:30:38:30:42":7,"s:30:45:30:196":28,"b:30:78:30:81:30:81:30:91":7,"b:30:103:30:112:30:112:30:115":8,"b:30:137:30:140:30:140:30:145":9,"b:30:166:30:185:30:185:30:188":10,"b:30:148:30:158:30:158:30:166":11,"b:32:13:32:54:32:54:32:Infinity":12,"f:33:41:33:45":8,"s:33:48:33:66":29,"s:35:2:35:Infinity":30,"f:38:9:38:31":9,"b:39:2:39:Infinity:undefined:undefined:undefined:undefined":13,"s:39:2:39:Infinity":31,"s:39:12:39:Infinity":32,"s:40:11:40:Infinity":33,"b:41:2:42:Infinity:undefined:undefined:undefined:undefined":14,"s:41:2:42:Infinity":34,"b:41:5:41:22:41:22:41:32:41:32:41:53":15,"s:42:4:42:Infinity":35,"f:42:59:42:66":10,"s:42:69:42:98":36,"b:42:69:42:78:42:78:42:98":16,"f:42:99:42:103":11,"s:42:106:42:187":37,"b:44:2:45:Infinity:undefined:undefined:undefined:undefined":17,"s:44:2:45:Infinity":38,"s:45:4:45:Infinity":39,"b:47:2:48:Infinity:undefined:undefined:undefined:undefined":18,"s:47:2:48:Infinity":40,"s:48:4:48:Infinity":41,"f:48:57:48:64":12,"s:48:67:48:85":42,"b:48:67:48:76:48:76:48:85":19,"f:48:86:48:90":13,"s:48:93:48:174":43,"s:50:2:50:Infinity":44,"f:53:9:53:26":14,"s:54:2:81:Infinity":45,"f:54:45:54:53":15,"s:54:57:81:5":46,"f:54:77:54:89":16,"s:55:18:55:Infinity":47,"s:56:13:56:59":48,"b:56:23:56:54:56:54:56:59":20,"b:57:4:62:Infinity:undefined:undefined:undefined:undefined":21,"s:57:4:62:Infinity":49,"s:58:6:58:Infinity":50,"s:59:6:59:Infinity":51,"s:60:6:60:Infinity":52,"s:61:14:61:24":53,"b:61:25:61:Infinity:undefined:undefined:undefined:undefined":22,"s:61:25:61:Infinity":54,"s:61:31:61:Infinity":55,"s:62:6:62:Infinity":56,"b:64:4:64:Infinity:undefined:undefined:undefined:undefined":23,"s:64:4:64:Infinity":57,"s:64:30:64:47":58,"s:64:47:64:Infinity":59,"b:65:4:78:Infinity:undefined:undefined:undefined:undefined":24,"s:65:4:78:Infinity":60,"s:67:6:67:Infinity":61,"b:67:30:67:Infinity:undefined:undefined:undefined:undefined":25,"s:67:30:67:Infinity":62,"b:67:33:67:42:67:42:67:51":26,"s:67:51:67:Infinity":63,"b:67:77:67:79:67:79:67:Infinity":27,"s:68:6:68:Infinity":64,"s:69:18:69:Infinity":65,"f:69:26:69:33":17,"s:69:36:69:44":66,"f:69:45:69:51":18,"s:69:57:69:73":67,"b:70:6:70:Infinity:undefined:undefined:undefined:undefined":28,"s:70:6:70:Infinity":68,"b:70:9:70:16:70:16:70:30":29,"s:70:31:70:49":69,"s:70:49:70:Infinity":70,"s:71:6:71:20":71,"s:71:20:71:Infinity":72,"s:72:14:72:24":73,"b:72:25:76:Infinity:72:45:76:Infinity":30,"s:72:25:76:Infinity":74,"s:72:31:72:45":75,"s:74:22:74:69":76,"f:74:30:74:37":19,"s:74:40:74:69":77,"b:74:40:74:49:74:49:74:69":31,"b:75:8:75:Infinity:undefined:undefined:undefined:undefined":32,"s:75:8:75:Infinity":78,"s:75:35:75:85":79,"s:75:85:75:99":80,"s:75:99:75:Infinity":81,"s:76:17:76:27":82,"b:76:28:76:Infinity:undefined:undefined:undefined:undefined":33,"s:76:28:76:Infinity":83,"s:76:34:76:Infinity":84,"s:78:6:78:Infinity":85,"b:80:4:80:Infinity:undefined:undefined:undefined:undefined":34,"s:80:4:80:Infinity":86,"s:80:24:80:38":87,"s:80:38:80:61":88,"s:80:61:80:Infinity":89,"s:82:2:82:Infinity":90,"f:82:58:82:70":20,"s:82:71:82:78":91,"s:82:78:82:89":92,"s:84:0:84:7":93,"s:84:7:84:Infinity":94}}}
}
