{"/root/projects/app-hub/apps/games/wordle/src/main.ts": {"path":"/root/projects/app-hub/apps/games/wordle/src/main.ts","statementMap":{"0":{"start":{"line":4,"column":14},"end":{"line":76,"column":null}},"1":{"start":{"line":78,"column":17},"end":{"line":78,"column":null}},"2":{"start":{"line":81,"column":18},"end":{"line":81,"column":null}},"3":{"start":{"line":93,"column":2},"end":{"line":99,"column":null}},"4":{"start":{"line":94,"column":16},"end":{"line":94,"column":47}},"5":{"start":{"line":95,"column":4},"end":{"line":97,"column":null}},"6":{"start":{"line":96,"column":16},"end":{"line":96,"column":31}},"7":{"start":{"line":97,"column":6},"end":{"line":97,"column":null}},"8":{"start":{"line":100,"column":2},"end":{"line":100,"column":null}},"9":{"start":{"line":104,"column":2},"end":{"line":104,"column":null}},"10":{"start":{"line":104,"column":8},"end":{"line":104,"column":68}},"11":{"start":{"line":107,"column":12},"end":{"line":107,"column":23}},"12":{"start":{"line":110,"column":13},"end":{"line":110,"column":74}},"13":{"start":{"line":111,"column":24},"end":{"line":111,"column":26}},"14":{"start":{"line":112,"column":14},"end":{"line":112,"column":null}},"15":{"start":{"line":113,"column":10},"end":{"line":113,"column":null}},"16":{"start":{"line":114,"column":11},"end":{"line":114,"column":null}},"17":{"start":{"line":115,"column":16},"end":{"line":115,"column":null}},"18":{"start":{"line":118,"column":2},"end":{"line":118,"column":null}},"19":{"start":{"line":118,"column":30},"end":{"line":118,"column":null}},"20":{"start":{"line":119,"column":2},"end":{"line":119,"column":null}},"21":{"start":{"line":119,"column":33},"end":{"line":119,"column":null}},"22":{"start":{"line":120,"column":2},"end":{"line":120,"column":null}},"23":{"start":{"line":124,"column":13},"end":{"line":124,"column":null}},"24":{"start":{"line":125,"column":2},"end":{"line":130,"column":null}},"25":{"start":{"line":126,"column":4},"end":{"line":128,"column":null}},"26":{"start":{"line":126,"column":17},"end":{"line":126,"column":20}},"27":{"start":{"line":127,"column":16},"end":{"line":127,"column":30}},"28":{"start":{"line":128,"column":6},"end":{"line":128,"column":null}},"29":{"start":{"line":130,"column":4},"end":{"line":130,"column":null}},"30":{"start":{"line":132,"column":2},"end":{"line":132,"column":null}},"31":{"start":{"line":135,"column":12},"end":{"line":135,"column":42}},"32":{"start":{"line":139,"column":15},"end":{"line":146,"column":13}},"33":{"start":{"line":140,"column":14},"end":{"line":140,"column":null}},"34":{"start":{"line":141,"column":4},"end":{"line":145,"column":null}},"35":{"start":{"line":142,"column":20},"end":{"line":142,"column":null}},"36":{"start":{"line":143,"column":21},"end":{"line":143,"column":null}},"37":{"start":{"line":144,"column":6},"end":{"line":144,"column":null}},"38":{"start":{"line":149,"column":44},"end":{"line":149,"column":46}},"39":{"start":{"line":150,"column":2},"end":{"line":154,"column":null}},"40":{"start":{"line":151,"column":4},"end":{"line":154,"column":null}},"41":{"start":{"line":151,"column":17},"end":{"line":151,"column":20}},"42":{"start":{"line":152,"column":17},"end":{"line":152,"column":23}},"43":{"start":{"line":152,"column":27},"end":{"line":152,"column":41}},"44":{"start":{"line":153,"column":6},"end":{"line":154,"column":null}},"45":{"start":{"line":154,"column":8},"end":{"line":154,"column":null}},"46":{"start":{"line":159,"column":13},"end":{"line":161,"column":30}},"47":{"start":{"line":159,"column":33},"end":{"line":161,"column":21}},"48":{"start":{"line":160,"column":4},"end":{"line":160,"column":null}},"49":{"start":{"line":164,"column":12},"end":{"line":164,"column":null}},"50":{"start":{"line":165,"column":2},"end":{"line":166,"column":null}},"51":{"start":{"line":165,"column":11},"end":{"line":165,"column":null}},"52":{"start":{"line":166,"column":11},"end":{"line":166,"column":null}},"53":{"start":{"line":166,"column":17},"end":{"line":166,"column":null}},"54":{"start":{"line":169,"column":17},"end":{"line":169,"column":null}},"55":{"start":{"line":170,"column":21},"end":{"line":198,"column":null}},"56":{"start":{"line":187,"column":24},"end":{"line":187,"column":55}},"57":{"start":{"line":188,"column":24},"end":{"line":188,"column":49}},"58":{"start":{"line":189,"column":12},"end":{"line":189,"column":null}},"59":{"start":{"line":200,"column":2},"end":{"line":217,"column":null}},"60":{"start":{"line":221,"column":2},"end":{"line":223,"column":null}},"61":{"start":{"line":221,"column":56},"end":{"line":223,"column":5}},"62":{"start":{"line":222,"column":4},"end":{"line":222,"column":null}},"63":{"start":{"line":224,"column":2},"end":{"line":224,"column":null}},"64":{"start":{"line":225,"column":2},"end":{"line":225,"column":null}},"65":{"start":{"line":225,"column":77},"end":{"line":225,"column":95}},"66":{"start":{"line":225,"column":95},"end":{"line":225,"column":107}},"67":{"start":{"line":226,"column":2},"end":{"line":226,"column":null}},"68":{"start":{"line":226,"column":79},"end":{"line":226,"column":98}},"69":{"start":{"line":226,"column":98},"end":{"line":226,"column":110}},"70":{"start":{"line":227,"column":2},"end":{"line":232,"column":null}},"71":{"start":{"line":228,"column":4},"end":{"line":231,"column":null}},"72":{"start":{"line":229,"column":18},"end":{"line":229,"column":53}},"73":{"start":{"line":230,"column":6},"end":{"line":230,"column":null}},"74":{"start":{"line":230,"column":17},"end":{"line":230,"column":44}},"75":{"start":{"line":230,"column":44},"end":{"line":230,"column":null}},"76":{"start":{"line":230,"column":61},"end":{"line":230,"column":69}},"77":{"start":{"line":236,"column":2},"end":{"line":236,"column":null}},"78":{"start":{"line":237,"column":2},"end":{"line":237,"column":null}},"79":{"start":{"line":238,"column":2},"end":{"line":238,"column":null}},"80":{"start":{"line":239,"column":2},"end":{"line":239,"column":null}},"81":{"start":{"line":239,"column":45},"end":{"line":239,"column":null}},"82":{"start":{"line":240,"column":2},"end":{"line":240,"column":null}},"83":{"start":{"line":241,"column":2},"end":{"line":241,"column":null}},"84":{"start":{"line":242,"column":2},"end":{"line":242,"column":null}},"85":{"start":{"line":246,"column":2},"end":{"line":246,"column":null}},"86":{"start":{"line":247,"column":2},"end":{"line":247,"column":null}},"87":{"start":{"line":248,"column":2},"end":{"line":248,"column":null}},"88":{"start":{"line":249,"column":2},"end":{"line":249,"column":null}},"89":{"start":{"line":253,"column":2},"end":{"line":253,"column":null}},"90":{"start":{"line":253,"column":19},"end":{"line":253,"column":null}},"91":{"start":{"line":254,"column":2},"end":{"line":282,"column":null}},"92":{"start":{"line":255,"column":4},"end":{"line":255,"column":null}},"93":{"start":{"line":256,"column":13},"end":{"line":282,"column":null}},"94":{"start":{"line":257,"column":4},"end":{"line":257,"column":null}},"95":{"start":{"line":257,"column":30},"end":{"line":257,"column":null}},"96":{"start":{"line":259,"column":4},"end":{"line":268,"column":null}},"97":{"start":{"line":261,"column":20},"end":{"line":261,"column":53}},"98":{"start":{"line":262,"column":6},"end":{"line":266,"column":null}},"99":{"start":{"line":262,"column":19},"end":{"line":262,"column":null}},"100":{"start":{"line":264,"column":22},"end":{"line":264,"column":57}},"101":{"start":{"line":265,"column":8},"end":{"line":265,"column":null}},"102":{"start":{"line":265,"column":19},"end":{"line":265,"column":null}},"103":{"start":{"line":266,"column":8},"end":{"line":266,"column":null}},"104":{"start":{"line":266,"column":25},"end":{"line":266,"column":73}},"105":{"start":{"line":268,"column":6},"end":{"line":268,"column":null}},"106":{"start":{"line":270,"column":4},"end":{"line":270,"column":null}},"107":{"start":{"line":271,"column":4},"end":{"line":278,"column":null}},"108":{"start":{"line":272,"column":6},"end":{"line":272,"column":null}},"109":{"start":{"line":273,"column":6},"end":{"line":273,"column":null}},"110":{"start":{"line":274,"column":6},"end":{"line":274,"column":null}},"111":{"start":{"line":275,"column":15},"end":{"line":278,"column":null}},"112":{"start":{"line":276,"column":6},"end":{"line":276,"column":null}},"113":{"start":{"line":277,"column":6},"end":{"line":277,"column":null}},"114":{"start":{"line":278,"column":6},"end":{"line":278,"column":null}},"115":{"start":{"line":280,"column":4},"end":{"line":280,"column":null}},"116":{"start":{"line":281,"column":13},"end":{"line":282,"column":null}},"117":{"start":{"line":282,"column":4},"end":{"line":282,"column":null}},"118":{"start":{"line":284,"column":2},"end":{"line":284,"column":null}},"119":{"start":{"line":288,"column":2},"end":{"line":288,"column":null}},"120":{"start":{"line":289,"column":2},"end":{"line":289,"column":null}},"121":{"start":{"line":290,"column":2},"end":{"line":290,"column":null}},"122":{"start":{"line":291,"column":2},"end":{"line":291,"column":null}},"123":{"start":{"line":292,"column":2},"end":{"line":292,"column":null}},"124":{"start":{"line":293,"column":2},"end":{"line":293,"column":null}},"125":{"start":{"line":294,"column":2},"end":{"line":294,"column":null}},"126":{"start":{"line":297,"column":0},"end":{"line":302,"column":null}},"127":{"start":{"line":298,"column":2},"end":{"line":298,"column":null}},"128":{"start":{"line":298,"column":41},"end":{"line":298,"column":60}},"129":{"start":{"line":298,"column":60},"end":{"line":298,"column":70}},"130":{"start":{"line":298,"column":70},"end":{"line":298,"column":null}},"131":{"start":{"line":299,"column":2},"end":{"line":301,"column":null}},"132":{"start":{"line":299,"column":29},"end":{"line":299,"column":null}},"133":{"start":{"line":300,"column":11},"end":{"line":301,"column":null}},"134":{"start":{"line":300,"column":30},"end":{"line":300,"column":null}},"135":{"start":{"line":301,"column":11},"end":{"line":301,"column":null}},"136":{"start":{"line":301,"column":37},"end":{"line":301,"column":null}},"137":{"start":{"line":304,"column":0},"end":{"line":304,"column":null}}},"fnMap":{"0":{"name":"loadStats","decl":{"start":{"line":92,"column":9},"end":{"line":92,"column":34}},"loc":{"start":{"line":92,"column":34},"end":{"line":100,"column":null}},"line":92},"1":{"name":"saveStats","decl":{"start":{"line":103,"column":9},"end":{"line":103,"column":19}},"loc":{"start":{"line":103,"column":41},"end":{"line":104,"column":null}},"line":103},"2":{"name":"getColor","decl":{"start":{"line":117,"column":9},"end":{"line":117,"column":18}},"loc":{"start":{"line":117,"column":52},"end":{"line":120,"column":null}},"line":117},"3":{"name":"getShareText","decl":{"start":{"line":123,"column":9},"end":{"line":123,"column":32}},"loc":{"start":{"line":123,"column":32},"end":{"line":132,"column":null}},"line":123},"4":{"name":"render","decl":{"start":{"line":137,"column":9},"end":{"line":137,"column":24}},"loc":{"start":{"line":137,"column":24},"end":{"line":232,"column":null}},"line":137},"5":{"name":"(anonymous_5)","decl":{"start":{"line":139,"column":39},"end":{"line":139,"column":42}},"loc":{"start":{"line":139,"column":51},"end":{"line":146,"column":5}},"line":139},"6":{"name":"(anonymous_6)","decl":{"start":{"line":141,"column":46},"end":{"line":141,"column":51}},"loc":{"start":{"line":141,"column":61},"end":{"line":145,"column":7}},"line":141},"7":{"name":"(anonymous_7)","decl":{"start":{"line":159,"column":22},"end":{"line":159,"column":26}},"loc":{"start":{"line":159,"column":33},"end":{"line":161,"column":21}},"line":159},"8":{"name":"(anonymous_8)","decl":{"start":{"line":159,"column":72},"end":{"line":159,"column":76}},"loc":{"start":{"line":160,"column":4},"end":{"line":160,"column":null}},"line":160},"9":{"name":"(anonymous_9)","decl":{"start":{"line":186,"column":28},"end":{"line":186,"column":33}},"loc":{"start":{"line":186,"column":42},"end":{"line":190,"column":13}},"line":186},"10":{"name":"(anonymous_10)","decl":{"start":{"line":221,"column":42},"end":{"line":221,"column":50}},"loc":{"start":{"line":221,"column":56},"end":{"line":223,"column":5}},"line":221},"11":{"name":"(anonymous_11)","decl":{"start":{"line":221,"column":76},"end":{"line":221,"column":91}},"loc":{"start":{"line":221,"column":91},"end":{"line":223,"column":5}},"line":221},"12":{"name":"(anonymous_12)","decl":{"start":{"line":225,"column":60},"end":{"line":225,"column":75}},"loc":{"start":{"line":225,"column":75},"end":{"line":225,"column":null}},"line":225},"13":{"name":"(anonymous_13)","decl":{"start":{"line":226,"column":62},"end":{"line":226,"column":77}},"loc":{"start":{"line":226,"column":77},"end":{"line":226,"column":null}},"line":226},"14":{"name":"(anonymous_14)","decl":{"start":{"line":227,"column":56},"end":{"line":227,"column":71}},"loc":{"start":{"line":227,"column":71},"end":{"line":232,"column":null}},"line":227},"15":{"name":"(anonymous_15)","decl":{"start":{"line":228,"column":50},"end":{"line":228,"column":61}},"loc":{"start":{"line":228,"column":61},"end":{"line":231,"column":7}},"line":228},"16":{"name":"(anonymous_16)","decl":{"start":{"line":230,"column":44},"end":{"line":230,"column":61}},"loc":{"start":{"line":230,"column":61},"end":{"line":230,"column":69}},"line":230},"17":{"name":"(anonymous_17)","decl":{"start":{"line":231,"column":7},"end":{"line":231,"column":19}},"loc":{"start":{"line":231,"column":19},"end":{"line":231,"column":22}},"line":231},"18":{"name":"recordWin","decl":{"start":{"line":235,"column":9},"end":{"line":235,"column":27}},"loc":{"start":{"line":235,"column":27},"end":{"line":242,"column":null}},"line":235},"19":{"name":"recordLoss","decl":{"start":{"line":245,"column":9},"end":{"line":245,"column":28}},"loc":{"start":{"line":245,"column":28},"end":{"line":249,"column":null}},"line":245},"20":{"name":"handleKey","decl":{"start":{"line":252,"column":9},"end":{"line":252,"column":19}},"loc":{"start":{"line":252,"column":38},"end":{"line":284,"column":null}},"line":252},"21":{"name":"(anonymous_21)","decl":{"start":{"line":266,"column":8},"end":{"line":266,"column":25}},"loc":{"start":{"line":266,"column":25},"end":{"line":266,"column":73}},"line":266},"22":{"name":"restart","decl":{"start":{"line":287,"column":9},"end":{"line":287,"column":25}},"loc":{"start":{"line":287,"column":25},"end":{"line":294,"column":null}},"line":287},"23":{"name":"(anonymous_23)","decl":{"start":{"line":297,"column":24},"end":{"line":297,"column":35}},"loc":{"start":{"line":297,"column":40},"end":{"line":302,"column":null}},"line":297}},"branchMap":{"0":{"loc":{"start":{"line":95,"column":4},"end":{"line":97,"column":null}},"type":"if","locations":[{"start":{"line":95,"column":4},"end":{"line":97,"column":null}},{"start":{},"end":{}}],"line":95},"1":{"loc":{"start":{"line":118,"column":2},"end":{"line":118,"column":null}},"type":"if","locations":[{"start":{"line":118,"column":2},"end":{"line":118,"column":null}},{"start":{},"end":{}}],"line":118},"2":{"loc":{"start":{"line":119,"column":2},"end":{"line":119,"column":null}},"type":"if","locations":[{"start":{"line":119,"column":2},"end":{"line":119,"column":null}},{"start":{},"end":{}}],"line":119},"3":{"loc":{"start":{"line":124,"column":23},"end":{"line":124,"column":50}},"type":"cond-expr","locations":[{"start":{"line":124,"column":29},"end":{"line":124,"column":46}},{"start":{"line":124,"column":46},"end":{"line":124,"column":50}}],"line":124},"4":{"loc":{"start":{"line":128,"column":14},"end":{"line":128,"column":null}},"type":"cond-expr","locations":[{"start":{"line":128,"column":32},"end":{"line":128,"column":39}},{"start":{"line":128,"column":39},"end":{"line":128,"column":null}}],"line":128},"5":{"loc":{"start":{"line":128,"column":39},"end":{"line":128,"column":null}},"type":"cond-expr","locations":[{"start":{"line":128,"column":57},"end":{"line":128,"column":64}},{"start":{"line":128,"column":64},"end":{"line":128,"column":null}}],"line":128},"6":{"loc":{"start":{"line":140,"column":14},"end":{"line":140,"column":null}},"type":"binary-expr","locations":[{"start":{"line":140,"column":14},"end":{"line":140,"column":29}},{"start":{"line":140,"column":29},"end":{"line":140,"column":null}}],"line":140},"7":{"loc":{"start":{"line":140,"column":29},"end":{"line":140,"column":null}},"type":"cond-expr","locations":[{"start":{"line":140,"column":52},"end":{"line":140,"column":69}},{"start":{"line":140,"column":72},"end":{"line":140,"column":null}}],"line":140},"8":{"loc":{"start":{"line":142,"column":20},"end":{"line":142,"column":null}},"type":"cond-expr","locations":[{"start":{"line":142,"column":41},"end":{"line":142,"column":64}},{"start":{"line":142,"column":68},"end":{"line":142,"column":null}}],"line":142},"9":{"loc":{"start":{"line":142,"column":68},"end":{"line":142,"column":null}},"type":"cond-expr","locations":[{"start":{"line":142,"column":81},"end":{"line":142,"column":93}},{"start":{"line":142,"column":93},"end":{"line":142,"column":null}}],"line":142},"10":{"loc":{"start":{"line":143,"column":21},"end":{"line":143,"column":null}},"type":"cond-expr","locations":[{"start":{"line":143,"column":58},"end":{"line":143,"column":70}},{"start":{"line":143,"column":70},"end":{"line":143,"column":null}}],"line":143},"11":{"loc":{"start":{"line":143,"column":21},"end":{"line":143,"column":58}},"type":"binary-expr","locations":[{"start":{"line":143,"column":21},"end":{"line":143,"column":45}},{"start":{"line":143,"column":45},"end":{"line":143,"column":58}}],"line":143},"12":{"loc":{"start":{"line":144,"column":88},"end":{"line":144,"column":109}},"type":"cond-expr","locations":[{"start":{"line":144,"column":101},"end":{"line":144,"column":106}},{"start":{"line":144,"column":106},"end":{"line":144,"column":109}}],"line":144},"13":{"loc":{"start":{"line":153,"column":6},"end":{"line":154,"column":null}},"type":"if","locations":[{"start":{"line":153,"column":6},"end":{"line":154,"column":null}},{"start":{},"end":{}}],"line":153},"14":{"loc":{"start":{"line":153,"column":10},"end":{"line":153,"column":97}},"type":"binary-expr","locations":[{"start":{"line":153,"column":10},"end":{"line":153,"column":28}},{"start":{"line":153,"column":28},"end":{"line":153,"column":48}},{"start":{"line":153,"column":48},"end":{"line":153,"column":67}},{"start":{"line":153,"column":67},"end":{"line":153,"column":97}}],"line":153},"15":{"loc":{"start":{"line":160,"column":48},"end":{"line":160,"column":75}},"type":"binary-expr","locations":[{"start":{"line":160,"column":48},"end":{"line":160,"column":65}},{"start":{"line":160,"column":65},"end":{"line":160,"column":75}}],"line":160},"16":{"loc":{"start":{"line":165,"column":2},"end":{"line":166,"column":null}},"type":"if","locations":[{"start":{"line":165,"column":2},"end":{"line":166,"column":null}},{"start":{"line":166,"column":11},"end":{"line":166,"column":null}}],"line":165},"17":{"loc":{"start":{"line":166,"column":11},"end":{"line":166,"column":null}},"type":"if","locations":[{"start":{"line":166,"column":11},"end":{"line":166,"column":null}},{"start":{},"end":{}}],"line":166},"18":{"loc":{"start":{"line":169,"column":17},"end":{"line":169,"column":null}},"type":"cond-expr","locations":[{"start":{"line":169,"column":36},"end":{"line":169,"column":78}},{"start":{"line":169,"column":81},"end":{"line":169,"column":null}}],"line":169},"19":{"loc":{"start":{"line":170,"column":21},"end":{"line":198,"column":null}},"type":"cond-expr","locations":[{"start":{"line":170,"column":33},"end":{"line":198,"column":null}},{"start":{"line":198,"column":6},"end":{"line":198,"column":null}}],"line":170},"20":{"loc":{"start":{"line":193,"column":13},"end":{"line":193,"column":null}},"type":"cond-expr","locations":[{"start":{"line":193,"column":28},"end":{"line":193,"column":96}},{"start":{"line":193,"column":96},"end":{"line":193,"column":null}}],"line":193},"21":{"loc":{"start":{"line":193,"column":13},"end":{"line":193,"column":28}},"type":"binary-expr","locations":[{"start":{"line":193,"column":13},"end":{"line":193,"column":20}},{"start":{"line":193,"column":20},"end":{"line":193,"column":28}}],"line":193},"22":{"loc":{"start":{"line":230,"column":6},"end":{"line":230,"column":null}},"type":"if","locations":[{"start":{"line":230,"column":6},"end":{"line":230,"column":null}},{"start":{},"end":{}}],"line":230},"23":{"loc":{"start":{"line":239,"column":2},"end":{"line":239,"column":null}},"type":"if","locations":[{"start":{"line":239,"column":2},"end":{"line":239,"column":null}},{"start":{},"end":{}}],"line":239},"24":{"loc":{"start":{"line":253,"column":2},"end":{"line":253,"column":null}},"type":"if","locations":[{"start":{"line":253,"column":2},"end":{"line":253,"column":null}},{"start":{},"end":{}}],"line":253},"25":{"loc":{"start":{"line":253,"column":6},"end":{"line":253,"column":19}},"type":"binary-expr","locations":[{"start":{"line":253,"column":6},"end":{"line":253,"column":13}},{"start":{"line":253,"column":13},"end":{"line":253,"column":19}}],"line":253},"26":{"loc":{"start":{"line":254,"column":2},"end":{"line":282,"column":null}},"type":"if","locations":[{"start":{"line":254,"column":2},"end":{"line":282,"column":null}},{"start":{"line":256,"column":13},"end":{"line":282,"column":null}}],"line":254},"27":{"loc":{"start":{"line":256,"column":13},"end":{"line":282,"column":null}},"type":"if","locations":[{"start":{"line":256,"column":13},"end":{"line":282,"column":null}},{"start":{"line":281,"column":13},"end":{"line":282,"column":null}}],"line":256},"28":{"loc":{"start":{"line":257,"column":4},"end":{"line":257,"column":null}},"type":"if","locations":[{"start":{"line":257,"column":4},"end":{"line":257,"column":null}},{"start":{},"end":{}}],"line":257},"29":{"loc":{"start":{"line":259,"column":4},"end":{"line":268,"column":null}},"type":"if","locations":[{"start":{"line":259,"column":4},"end":{"line":268,"column":null}},{"start":{},"end":{}}],"line":259},"30":{"loc":{"start":{"line":262,"column":6},"end":{"line":266,"column":null}},"type":"if","locations":[{"start":{"line":262,"column":6},"end":{"line":266,"column":null}},{"start":{"line":263,"column":11},"end":{"line":266,"column":null}}],"line":262},"31":{"loc":{"start":{"line":265,"column":8},"end":{"line":265,"column":null}},"type":"if","locations":[{"start":{"line":265,"column":8},"end":{"line":265,"column":null}},{"start":{},"end":{}}],"line":265},"32":{"loc":{"start":{"line":271,"column":4},"end":{"line":278,"column":null}},"type":"if","locations":[{"start":{"line":271,"column":4},"end":{"line":278,"column":null}},{"start":{"line":275,"column":15},"end":{"line":278,"column":null}}],"line":271},"33":{"loc":{"start":{"line":275,"column":15},"end":{"line":278,"column":null}},"type":"if","locations":[{"start":{"line":275,"column":15},"end":{"line":278,"column":null}},{"start":{},"end":{}}],"line":275},"34":{"loc":{"start":{"line":281,"column":13},"end":{"line":282,"column":null}},"type":"if","locations":[{"start":{"line":281,"column":13},"end":{"line":282,"column":null}},{"start":{},"end":{}}],"line":281},"35":{"loc":{"start":{"line":281,"column":13},"end":{"line":281,"column":53}},"type":"binary-expr","locations":[{"start":{"line":281,"column":13},"end":{"line":281,"column":33}},{"start":{"line":281,"column":33},"end":{"line":281,"column":53}}],"line":281},"36":{"loc":{"start":{"line":298,"column":2},"end":{"line":298,"column":null}},"type":"if","locations":[{"start":{"line":298,"column":2},"end":{"line":298,"column":null}},{"start":{},"end":{}}],"line":298},"37":{"loc":{"start":{"line":298,"column":6},"end":{"line":298,"column":39}},"type":"binary-expr","locations":[{"start":{"line":298,"column":6},"end":{"line":298,"column":19}},{"start":{"line":298,"column":19},"end":{"line":298,"column":39}}],"line":298},"38":{"loc":{"start":{"line":299,"column":2},"end":{"line":301,"column":null}},"type":"if","locations":[{"start":{"line":299,"column":2},"end":{"line":301,"column":null}},{"start":{"line":300,"column":11},"end":{"line":301,"column":null}}],"line":299},"39":{"loc":{"start":{"line":300,"column":11},"end":{"line":301,"column":null}},"type":"if","locations":[{"start":{"line":300,"column":11},"end":{"line":301,"column":null}},{"start":{"line":301,"column":11},"end":{"line":301,"column":null}}],"line":300},"40":{"loc":{"start":{"line":301,"column":11},"end":{"line":301,"column":null}},"type":"if","locations":[{"start":{"line":301,"column":11},"end":{"line":301,"column":null}},{"start":{},"end":{}}],"line":301}},"s":{"0":1,"1":1,"2":1,"3":1,"4":1,"5":1,"6":0,"7":0,"8":1,"9":0,"10":0,"11":1,"12":1,"13":1,"14":1,"15":1,"16":1,"17":1,"18":0,"19":0,"20":0,"21":0,"22":0,"23":0,"24":0,"25":0,"26":0,"27":0,"28":0,"29":0,"30":0,"31":1,"32":1,"33":6,"34":6,"35":5,"36":5,"37":5,"38":1,"39":1,"40":0,"41":0,"42":0,"43":0,"44":0,"45":0,"46":1,"47":3,"48":26,"49":1,"50":1,"51":0,"52":1,"53":0,"54":1,"55":1,"56":0,"57":0,"58":0,"59":1,"60":1,"61":28,"62":0,"63":1,"64":1,"65":0,"66":0,"67":1,"68":0,"69":0,"70":1,"71":0,"72":0,"73":0,"74":0,"75":0,"76":0,"77":0,"78":0,"79":0,"80":0,"81":0,"82":0,"83":0,"84":0,"85":0,"86":0,"87":0,"88":0,"89":0,"90":0,"91":0,"92":0,"93":0,"94":0,"95":0,"96":0,"97":0,"98":0,"99":0,"100":0,"101":0,"102":0,"103":0,"104":0,"105":0,"106":0,"107":0,"108":0,"109":0,"110":0,"111":0,"112":0,"113":0,"114":0,"115":0,"116":0,"117":0,"118":0,"119":0,"120":0,"121":0,"122":0,"123":0,"124":0,"125":0,"126":1,"127":0,"128":0,"129":0,"130":0,"131":0,"132":0,"133":0,"134":0,"135":0,"136":0,"137":1},"f":{"0":1,"1":0,"2":0,"3":0,"4":1,"5":6,"6":5,"7":3,"8":26,"9":0,"10":28,"11":0,"12":0,"13":0,"14":0,"15":0,"16":0,"17":0,"18":0,"19":0,"20":0,"21":0,"22":0,"23":0},"b":{"0":[0,1],"1":[0,0],"2":[0,0],"3":[0,0],"4":[0,0],"5":[0,0],"6":[6,6],"7":[1,5],"8":[0,5],"9":[0,5],"10":[0,5],"11":[5,5],"12":[0,5],"13":[0,0],"14":[0,0,0,0],"15":[26,26],"16":[0,1],"17":[0,1],"18":[0,1],"19":[0,1],"20":[0,0],"21":[0,0],"22":[0,0],"23":[0,0],"24":[0,0],"25":[0,0],"26":[0,0],"27":[0,0],"28":[0,0],"29":[0,0],"30":[0,0],"31":[0,0],"32":[0,0],"33":[0,0],"34":[0,0],"35":[0,0],"36":[0,0],"37":[0,0],"38":[0,0],"39":[0,0],"40":[0,0]},"meta":{"lastBranch":41,"lastFunction":24,"lastStatement":138,"seen":{"s:4:14:76:Infinity":0,"s:78:17:78:Infinity":1,"s:81:18:81:Infinity":2,"f:92:9:92:34":0,"s:93:2:99:Infinity":3,"s:94:16:94:47":4,"b:95:4:97:Infinity:undefined:undefined:undefined:undefined":0,"s:95:4:97:Infinity":5,"s:96:16:96:31":6,"s:97:6:97:Infinity":7,"s:100:2:100:Infinity":8,"f:103:9:103:19":1,"s:104:2:104:Infinity":9,"s:104:8:104:68":10,"s:107:12:107:23":11,"s:110:13:110:74":12,"s:111:24:111:26":13,"s:112:14:112:Infinity":14,"s:113:10:113:Infinity":15,"s:114:11:114:Infinity":16,"s:115:16:115:Infinity":17,"f:117:9:117:18":2,"b:118:2:118:Infinity:undefined:undefined:undefined:undefined":1,"s:118:2:118:Infinity":18,"s:118:30:118:Infinity":19,"b:119:2:119:Infinity:undefined:undefined:undefined:undefined":2,"s:119:2:119:Infinity":20,"s:119:33:119:Infinity":21,"s:120:2:120:Infinity":22,"f:123:9:123:32":3,"s:124:13:124:Infinity":23,"b:124:29:124:46:124:46:124:50":3,"s:125:2:130:Infinity":24,"s:126:4:128:Infinity":25,"s:126:17:126:20":26,"s:127:16:127:30":27,"s:128:6:128:Infinity":28,"b:128:32:128:39:128:39:128:Infinity":4,"b:128:57:128:64:128:64:128:Infinity":5,"s:130:4:130:Infinity":29,"s:132:2:132:Infinity":30,"s:135:12:135:42":31,"f:137:9:137:24":4,"s:139:15:146:13":32,"f:139:39:139:42":5,"s:140:14:140:Infinity":33,"b:140:14:140:29:140:29:140:Infinity":6,"b:140:52:140:69:140:72:140:Infinity":7,"s:141:4:145:Infinity":34,"f:141:46:141:51":6,"s:142:20:142:Infinity":35,"b:142:41:142:64:142:68:142:Infinity":8,"b:142:81:142:93:142:93:142:Infinity":9,"s:143:21:143:Infinity":36,"b:143:58:143:70:143:70:143:Infinity":10,"b:143:21:143:45:143:45:143:58":11,"s:144:6:144:Infinity":37,"b:144:101:144:106:144:106:144:109":12,"s:149:44:149:46":38,"s:150:2:154:Infinity":39,"s:151:4:154:Infinity":40,"s:151:17:151:20":41,"s:152:17:152:23":42,"s:152:27:152:41":43,"b:153:6:154:Infinity:undefined:undefined:undefined:undefined":13,"s:153:6:154:Infinity":44,"b:153:10:153:28:153:28:153:48:153:48:153:67:153:67:153:97":14,"s:154:8:154:Infinity":45,"s:159:13:161:30":46,"f:159:22:159:26":7,"s:159:33:161:21":47,"f:159:72:159:76":8,"s:160:4:160:Infinity":48,"b:160:48:160:65:160:65:160:75":15,"s:164:12:164:Infinity":49,"b:165:2:166:Infinity:166:11:166:Infinity":16,"s:165:2:166:Infinity":50,"s:165:11:165:Infinity":51,"b:166:11:166:Infinity:undefined:undefined:undefined:undefined":17,"s:166:11:166:Infinity":52,"s:166:17:166:Infinity":53,"s:169:17:169:Infinity":54,"b:169:36:169:78:169:81:169:Infinity":18,"s:170:21:198:Infinity":55,"b:170:33:198:Infinity:198:6:198:Infinity":19,"f:186:28:186:33":9,"s:187:24:187:55":56,"s:188:24:188:49":57,"s:189:12:189:Infinity":58,"b:193:28:193:96:193:96:193:Infinity":20,"b:193:13:193:20:193:20:193:28":21,"s:200:2:217:Infinity":59,"s:221:2:223:Infinity":60,"f:221:42:221:50":10,"s:221:56:223:5":61,"f:221:76:221:91":11,"s:222:4:222:Infinity":62,"s:224:2:224:Infinity":63,"s:225:2:225:Infinity":64,"f:225:60:225:75":12,"s:225:77:225:95":65,"s:225:95:225:107":66,"s:226:2:226:Infinity":67,"f:226:62:226:77":13,"s:226:79:226:98":68,"s:226:98:226:110":69,"s:227:2:232:Infinity":70,"f:227:56:227:71":14,"s:228:4:231:Infinity":71,"f:228:50:228:61":15,"s:229:18:229:53":72,"b:230:6:230:Infinity:undefined:undefined:undefined:undefined":22,"s:230:6:230:Infinity":73,"s:230:17:230:44":74,"s:230:44:230:Infinity":75,"f:230:44:230:61":16,"s:230:61:230:69":76,"f:231:7:231:19":17,"f:235:9:235:27":18,"s:236:2:236:Infinity":77,"s:237:2:237:Infinity":78,"s:238:2:238:Infinity":79,"b:239:2:239:Infinity:undefined:undefined:undefined:undefined":23,"s:239:2:239:Infinity":80,"s:239:45:239:Infinity":81,"s:240:2:240:Infinity":82,"s:241:2:241:Infinity":83,"s:242:2:242:Infinity":84,"f:245:9:245:28":19,"s:246:2:246:Infinity":85,"s:247:2:247:Infinity":86,"s:248:2:248:Infinity":87,"s:249:2:249:Infinity":88,"f:252:9:252:19":20,"b:253:2:253:Infinity:undefined:undefined:undefined:undefined":24,"s:253:2:253:Infinity":89,"b:253:6:253:13:253:13:253:19":25,"s:253:19:253:Infinity":90,"b:254:2:282:Infinity:256:13:282:Infinity":26,"s:254:2:282:Infinity":91,"s:255:4:255:Infinity":92,"b:256:13:282:Infinity:281:13:282:Infinity":27,"s:256:13:282:Infinity":93,"b:257:4:257:Infinity:undefined:undefined:undefined:undefined":28,"s:257:4:257:Infinity":94,"s:257:30:257:Infinity":95,"b:259:4:268:Infinity:undefined:undefined:undefined:undefined":29,"s:259:4:268:Infinity":96,"s:261:20:261:53":97,"b:262:6:266:Infinity:263:11:266:Infinity":30,"s:262:6:266:Infinity":98,"s:262:19:262:Infinity":99,"s:264:22:264:57":100,"b:265:8:265:Infinity:undefined:undefined:undefined:undefined":31,"s:265:8:265:Infinity":101,"s:265:19:265:Infinity":102,"s:266:8:266:Infinity":103,"f:266:8:266:25":21,"s:266:25:266:73":104,"s:268:6:268:Infinity":105,"s:270:4:270:Infinity":106,"b:271:4:278:Infinity:275:15:278:Infinity":32,"s:271:4:278:Infinity":107,"s:272:6:272:Infinity":108,"s:273:6:273:Infinity":109,"s:274:6:274:Infinity":110,"b:275:15:278:Infinity:undefined:undefined:undefined:undefined":33,"s:275:15:278:Infinity":111,"s:276:6:276:Infinity":112,"s:277:6:277:Infinity":113,"s:278:6:278:Infinity":114,"s:280:4:280:Infinity":115,"b:281:13:282:Infinity:undefined:undefined:undefined:undefined":34,"s:281:13:282:Infinity":116,"b:281:13:281:33:281:33:281:53":35,"s:282:4:282:Infinity":117,"s:284:2:284:Infinity":118,"f:287:9:287:25":22,"s:288:2:288:Infinity":119,"s:289:2:289:Infinity":120,"s:290:2:290:Infinity":121,"s:291:2:291:Infinity":122,"s:292:2:292:Infinity":123,"s:293:2:293:Infinity":124,"s:294:2:294:Infinity":125,"s:297:0:302:Infinity":126,"f:297:24:297:35":23,"b:298:2:298:Infinity:undefined:undefined:undefined:undefined":36,"s:298:2:298:Infinity":127,"b:298:6:298:19:298:19:298:39":37,"s:298:41:298:60":128,"s:298:60:298:70":129,"s:298:70:298:Infinity":130,"b:299:2:301:Infinity:300:11:301:Infinity":38,"s:299:2:301:Infinity":131,"s:299:29:299:Infinity":132,"b:300:11:301:Infinity:301:11:301:Infinity":39,"s:300:11:301:Infinity":133,"s:300:30:300:Infinity":134,"b:301:11:301:Infinity:undefined:undefined:undefined:undefined":40,"s:301:11:301:Infinity":135,"s:301:37:301:Infinity":136,"s:304:0:304:Infinity":137}}}
}
